nohup: ignoring input
/home/yhang/GAN/InfoGAN-PyTorch/train_classifier.py:148: UserWarning: To copy construct from a tensor, it is recommended to use sourceTensor.clone().detach() or sourceTensor.clone().detach().requires_grad_(True), rather than torch.tensor(sourceTensor).
  target = torch.tensor(label.view(1, b_size), dtype=torch.long)
Random Seed:  2048
cuda:1  will be used.

-------------------------
Starting Training Loop...

Epochs: 100
Dataset: TEXBAT
Batch Size: 128
Length of Data Loader: 1230
-------------------------
[1/100][100/1230]	Loss_C: 0.6373
[1/100][200/1230]	Loss_C: 0.5502
[1/100][300/1230]	Loss_C: 0.4847
[1/100][400/1230]	Loss_C: 0.4912
[1/100][500/1230]	Loss_C: 0.4649
[1/100][600/1230]	Loss_C: 0.4635
[1/100][700/1230]	Loss_C: 0.4866
[1/100][800/1230]	Loss_C: 0.5352
[1/100][900/1230]	Loss_C: 0.4400
[1/100][1000/1230]	Loss_C: 0.4678
[1/100][1100/1230]	Loss_C: 0.4679
[1/100][1200/1230]	Loss_C: 0.4313
Time taken for Epoch 1: 10.86s
[2/100][100/1230]	Loss_C: 0.4038
[2/100][200/1230]	Loss_C: 0.4895
[2/100][300/1230]	Loss_C: 0.4235
[2/100][400/1230]	Loss_C: 0.4026
[2/100][500/1230]	Loss_C: 0.4808
[2/100][600/1230]	Loss_C: 0.4866
[2/100][700/1230]	Loss_C: 0.4353
[2/100][800/1230]	Loss_C: 0.4210
[2/100][900/1230]	Loss_C: 0.4055
[2/100][1000/1230]	Loss_C: 0.4454
[2/100][1100/1230]	Loss_C: 0.4280
[2/100][1200/1230]	Loss_C: 0.3998
Time taken for Epoch 2: 9.97s
[3/100][100/1230]	Loss_C: 0.3961
[3/100][200/1230]	Loss_C: 0.3858
[3/100][300/1230]	Loss_C: 0.4105
[3/100][400/1230]	Loss_C: 0.3989
[3/100][500/1230]	Loss_C: 0.3913
[3/100][600/1230]	Loss_C: 0.4173
[3/100][700/1230]	Loss_C: 0.4078
[3/100][800/1230]	Loss_C: 0.4773
[3/100][900/1230]	Loss_C: 0.3526
[3/100][1000/1230]	Loss_C: 0.3864
[3/100][1100/1230]	Loss_C: 0.4362
[3/100][1200/1230]	Loss_C: 0.3911
Time taken for Epoch 3: 10.48s
[4/100][100/1230]	Loss_C: 0.3649
[4/100][200/1230]	Loss_C: 0.3307
[4/100][300/1230]	Loss_C: 0.2586
[4/100][400/1230]	Loss_C: 0.2485
[4/100][500/1230]	Loss_C: 0.3466
[4/100][600/1230]	Loss_C: 0.3310
[4/100][700/1230]	Loss_C: 0.2906
[4/100][800/1230]	Loss_C: 0.3448
[4/100][900/1230]	Loss_C: 0.3215
[4/100][1000/1230]	Loss_C: 0.3246
[4/100][1100/1230]	Loss_C: 0.3496
[4/100][1200/1230]	Loss_C: 0.3168
Time taken for Epoch 4: 10.73s
[5/100][100/1230]	Loss_C: 0.2192
[5/100][200/1230]	Loss_C: 0.2989
[5/100][300/1230]	Loss_C: 0.2046
[5/100][400/1230]	Loss_C: 0.2438
[5/100][500/1230]	Loss_C: 0.2241
[5/100][600/1230]	Loss_C: 0.1971
[5/100][700/1230]	Loss_C: 0.2768
[5/100][800/1230]	Loss_C: 0.2967
[5/100][900/1230]	Loss_C: 0.2181
[5/100][1000/1230]	Loss_C: 0.3621
[5/100][1100/1230]	Loss_C: 0.2784
[5/100][1200/1230]	Loss_C: 0.2264
Time taken for Epoch 5: 10.75s
[6/100][100/1230]	Loss_C: 0.1551
[6/100][200/1230]	Loss_C: 0.2159
[6/100][300/1230]	Loss_C: 0.1176
[6/100][400/1230]	Loss_C: 0.2102
[6/100][500/1230]	Loss_C: 0.1281
[6/100][600/1230]	Loss_C: 0.2077
[6/100][700/1230]	Loss_C: 0.1885
[6/100][800/1230]	Loss_C: 0.1730
[6/100][900/1230]	Loss_C: 0.1589
[6/100][1000/1230]	Loss_C: 0.2035
[6/100][1100/1230]	Loss_C: 0.1959
[6/100][1200/1230]	Loss_C: 0.1563
Time taken for Epoch 6: 10.61s
[7/100][100/1230]	Loss_C: 0.0987
[7/100][200/1230]	Loss_C: 0.0968
[7/100][300/1230]	Loss_C: 0.1428
[7/100][400/1230]	Loss_C: 0.1147
[7/100][500/1230]	Loss_C: 0.1250
[7/100][600/1230]	Loss_C: 0.1232
[7/100][700/1230]	Loss_C: 0.1003
[7/100][800/1230]	Loss_C: 0.2415
[7/100][900/1230]	Loss_C: 0.1448
[7/100][1000/1230]	Loss_C: 0.1674
[7/100][1100/1230]	Loss_C: 0.1879
[7/100][1200/1230]	Loss_C: 0.1770
Time taken for Epoch 7: 10.79s
[8/100][100/1230]	Loss_C: 0.0740
[8/100][200/1230]	Loss_C: 0.0482
[8/100][300/1230]	Loss_C: 0.0760
[8/100][400/1230]	Loss_C: 0.1602
[8/100][500/1230]	Loss_C: 0.0357
[8/100][600/1230]	Loss_C: 0.0941
[8/100][700/1230]	Loss_C: 0.1138
[8/100][800/1230]	Loss_C: 0.0878
[8/100][900/1230]	Loss_C: 0.1118
[8/100][1000/1230]	Loss_C: 0.0651
[8/100][1100/1230]	Loss_C: 0.0748
[8/100][1200/1230]	Loss_C: 0.0752
Time taken for Epoch 8: 10.73s
[9/100][100/1230]	Loss_C: 0.0282
[9/100][200/1230]	Loss_C: 0.0560
[9/100][300/1230]	Loss_C: 0.0307
[9/100][400/1230]	Loss_C: 0.0196
[9/100][500/1230]	Loss_C: 0.0769
[9/100][600/1230]	Loss_C: 0.0986
[9/100][700/1230]	Loss_C: 0.1184
[9/100][800/1230]	Loss_C: 0.0895
[9/100][900/1230]	Loss_C: 0.0691
[9/100][1000/1230]	Loss_C: 0.0980
[9/100][1100/1230]	Loss_C: 0.0179
[9/100][1200/1230]	Loss_C: 0.1104
Time taken for Epoch 9: 10.56s
[10/100][100/1230]	Loss_C: 0.0606
[10/100][200/1230]	Loss_C: 0.0143
[10/100][300/1230]	Loss_C: 0.0275
[10/100][400/1230]	Loss_C: 0.0235
[10/100][500/1230]	Loss_C: 0.0777
[10/100][600/1230]	Loss_C: 0.0613
[10/100][700/1230]	Loss_C: 0.0489
[10/100][800/1230]	Loss_C: 0.0865
[10/100][900/1230]	Loss_C: 0.0513
[10/100][1000/1230]	Loss_C: 0.0952
[10/100][1100/1230]	Loss_C: 0.0264
[10/100][1200/1230]	Loss_C: 0.0339
Time taken for Epoch 10: 10.49s
[11/100][100/1230]	Loss_C: 0.0252
[11/100][200/1230]	Loss_C: 0.0390
[11/100][300/1230]	Loss_C: 0.0495
[11/100][400/1230]	Loss_C: 0.0547
[11/100][500/1230]	Loss_C: 0.0167
[11/100][600/1230]	Loss_C: 0.0808
[11/100][700/1230]	Loss_C: 0.0431
[11/100][800/1230]	Loss_C: 0.0889
[11/100][900/1230]	Loss_C: 0.0421
[11/100][1000/1230]	Loss_C: 0.0603
[11/100][1100/1230]	Loss_C: 0.0136
[11/100][1200/1230]	Loss_C: 0.0606
Time taken for Epoch 11: 10.66s
[12/100][100/1230]	Loss_C: 0.0155
[12/100][200/1230]	Loss_C: 0.0746
[12/100][300/1230]	Loss_C: 0.0506
[12/100][400/1230]	Loss_C: 0.0254
[12/100][500/1230]	Loss_C: 0.0508
[12/100][600/1230]	Loss_C: 0.0203
[12/100][700/1230]	Loss_C: 0.0283
[12/100][800/1230]	Loss_C: 0.0291
[12/100][900/1230]	Loss_C: 0.0219
[12/100][1000/1230]	Loss_C: 0.1072
[12/100][1100/1230]	Loss_C: 0.0596
[12/100][1200/1230]	Loss_C: 0.0289
Time taken for Epoch 12: 10.54s
[13/100][100/1230]	Loss_C: 0.0269
[13/100][200/1230]	Loss_C: 0.0128
[13/100][300/1230]	Loss_C: 0.0299
[13/100][400/1230]	Loss_C: 0.0579
[13/100][500/1230]	Loss_C: 0.0239
[13/100][600/1230]	Loss_C: 0.0786
[13/100][700/1230]	Loss_C: 0.0823
[13/100][800/1230]	Loss_C: 0.0216
[13/100][900/1230]	Loss_C: 0.0340
[13/100][1000/1230]	Loss_C: 0.0562
[13/100][1100/1230]	Loss_C: 0.0893
[13/100][1200/1230]	Loss_C: 0.0583
Time taken for Epoch 13: 10.71s
[14/100][100/1230]	Loss_C: 0.0119
[14/100][200/1230]	Loss_C: 0.0144
[14/100][300/1230]	Loss_C: 0.0439
[14/100][400/1230]	Loss_C: 0.0153
[14/100][500/1230]	Loss_C: 0.0169
[14/100][600/1230]	Loss_C: 0.0333
[14/100][700/1230]	Loss_C: 0.1530
[14/100][800/1230]	Loss_C: 0.0139
[14/100][900/1230]	Loss_C: 0.0887
[14/100][1000/1230]	Loss_C: 0.0338
[14/100][1100/1230]	Loss_C: 0.0657
[14/100][1200/1230]	Loss_C: 0.0268
Time taken for Epoch 14: 10.71s
[15/100][100/1230]	Loss_C: 0.0498
[15/100][200/1230]	Loss_C: 0.0063
[15/100][300/1230]	Loss_C: 0.0057
[15/100][400/1230]	Loss_C: 0.0130
[15/100][500/1230]	Loss_C: 0.0171
[15/100][600/1230]	Loss_C: 0.0037
[15/100][700/1230]	Loss_C: 0.0591
[15/100][800/1230]	Loss_C: 0.0267
[15/100][900/1230]	Loss_C: 0.0320
[15/100][1000/1230]	Loss_C: 0.0224
[15/100][1100/1230]	Loss_C: 0.0160
[15/100][1200/1230]	Loss_C: 0.0679
Time taken for Epoch 15: 10.64s
[16/100][100/1230]	Loss_C: 0.0450
[16/100][200/1230]	Loss_C: 0.0178
[16/100][300/1230]	Loss_C: 0.0282
[16/100][400/1230]	Loss_C: 0.0211
[16/100][500/1230]	Loss_C: 0.0335
[16/100][600/1230]	Loss_C: 0.0152
[16/100][700/1230]	Loss_C: 0.0308
[16/100][800/1230]	Loss_C: 0.0318
[16/100][900/1230]	Loss_C: 0.0153
[16/100][1000/1230]	Loss_C: 0.0307
[16/100][1100/1230]	Loss_C: 0.0618
[16/100][1200/1230]	Loss_C: 0.0301
Time taken for Epoch 16: 10.64s
[17/100][100/1230]	Loss_C: 0.0025
[17/100][200/1230]	Loss_C: 0.0276
[17/100][300/1230]	Loss_C: 0.0190
[17/100][400/1230]	Loss_C: 0.0128
[17/100][500/1230]	Loss_C: 0.0422
[17/100][600/1230]	Loss_C: 0.0504
[17/100][700/1230]	Loss_C: 0.0067
[17/100][800/1230]	Loss_C: 0.0211
[17/100][900/1230]	Loss_C: 0.0120
[17/100][1000/1230]	Loss_C: 0.0426
[17/100][1100/1230]	Loss_C: 0.0101
[17/100][1200/1230]	Loss_C: 0.0411
Time taken for Epoch 17: 10.62s
[18/100][100/1230]	Loss_C: 0.0343
[18/100][200/1230]	Loss_C: 0.0036
[18/100][300/1230]	Loss_C: 0.0962
[18/100][400/1230]	Loss_C: 0.0110
[18/100][500/1230]	Loss_C: 0.0395
[18/100][600/1230]	Loss_C: 0.0156
[18/100][700/1230]	Loss_C: 0.0171
[18/100][800/1230]	Loss_C: 0.0259
[18/100][900/1230]	Loss_C: 0.0139
[18/100][1000/1230]	Loss_C: 0.0209
[18/100][1100/1230]	Loss_C: 0.0080
[18/100][1200/1230]	Loss_C: 0.0030
Time taken for Epoch 18: 10.51s
[19/100][100/1230]	Loss_C: 0.0305
[19/100][200/1230]	Loss_C: 0.0251
[19/100][300/1230]	Loss_C: 0.0445
[19/100][400/1230]	Loss_C: 0.0613
[19/100][500/1230]	Loss_C: 0.0318
[19/100][600/1230]	Loss_C: 0.0417
[19/100][700/1230]	Loss_C: 0.0119
[19/100][800/1230]	Loss_C: 0.0239
[19/100][900/1230]	Loss_C: 0.0342
[19/100][1000/1230]	Loss_C: 0.0266
[19/100][1100/1230]	Loss_C: 0.0703
[19/100][1200/1230]	Loss_C: 0.0742
Time taken for Epoch 19: 10.49s
[20/100][100/1230]	Loss_C: 0.0081
[20/100][200/1230]	Loss_C: 0.0100
[20/100][300/1230]	Loss_C: 0.0457
[20/100][400/1230]	Loss_C: 0.0728
[20/100][500/1230]	Loss_C: 0.0153
[20/100][600/1230]	Loss_C: 0.0038
[20/100][700/1230]	Loss_C: 0.0293
[20/100][800/1230]	Loss_C: 0.0117
[20/100][900/1230]	Loss_C: 0.0046
[20/100][1000/1230]	Loss_C: 0.0386
[20/100][1100/1230]	Loss_C: 0.0503
[20/100][1200/1230]	Loss_C: 0.0267
Time taken for Epoch 20: 10.53s
[21/100][100/1230]	Loss_C: 0.0090
[21/100][200/1230]	Loss_C: 0.0135
[21/100][300/1230]	Loss_C: 0.0270
[21/100][400/1230]	Loss_C: 0.0090
[21/100][500/1230]	Loss_C: 0.0228
[21/100][600/1230]	Loss_C: 0.1046
[21/100][700/1230]	Loss_C: 0.0047
[21/100][800/1230]	Loss_C: 0.0229
[21/100][900/1230]	Loss_C: 0.0442
[21/100][1000/1230]	Loss_C: 0.0114
[21/100][1100/1230]	Loss_C: 0.0391
[21/100][1200/1230]	Loss_C: 0.0187
Time taken for Epoch 21: 10.67s
[22/100][100/1230]	Loss_C: 0.0398
[22/100][200/1230]	Loss_C: 0.0011
[22/100][300/1230]	Loss_C: 0.0199
[22/100][400/1230]	Loss_C: 0.0097
[22/100][500/1230]	Loss_C: 0.0140
[22/100][600/1230]	Loss_C: 0.0070
[22/100][700/1230]	Loss_C: 0.0155
[22/100][800/1230]	Loss_C: 0.0196
[22/100][900/1230]	Loss_C: 0.0951
[22/100][1000/1230]	Loss_C: 0.0041
[22/100][1100/1230]	Loss_C: 0.0284
[22/100][1200/1230]	Loss_C: 0.0712
Time taken for Epoch 22: 10.62s
[23/100][100/1230]	Loss_C: 0.0034
[23/100][200/1230]	Loss_C: 0.0093
[23/100][300/1230]	Loss_C: 0.0096
[23/100][400/1230]	Loss_C: 0.0275
[23/100][500/1230]	Loss_C: 0.0067
[23/100][600/1230]	Loss_C: 0.0121
[23/100][700/1230]	Loss_C: 0.0541
[23/100][800/1230]	Loss_C: 0.0453
[23/100][900/1230]	Loss_C: 0.0047
[23/100][1000/1230]	Loss_C: 0.0305
[23/100][1100/1230]	Loss_C: 0.0121
[23/100][1200/1230]	Loss_C: 0.0267
Time taken for Epoch 23: 10.77s
[24/100][100/1230]	Loss_C: 0.0240
[24/100][200/1230]	Loss_C: 0.0383
[24/100][300/1230]	Loss_C: 0.0339
[24/100][400/1230]	Loss_C: 0.0076
[24/100][500/1230]	Loss_C: 0.0060
[24/100][600/1230]	Loss_C: 0.0236
[24/100][700/1230]	Loss_C: 0.0152
[24/100][800/1230]	Loss_C: 0.0157
[24/100][900/1230]	Loss_C: 0.0419
[24/100][1000/1230]	Loss_C: 0.0166
[24/100][1100/1230]	Loss_C: 0.0384
[24/100][1200/1230]	Loss_C: 0.0661
Time taken for Epoch 24: 10.48s
[25/100][100/1230]	Loss_C: 0.0025
[25/100][200/1230]	Loss_C: 0.0117
[25/100][300/1230]	Loss_C: 0.0039
[25/100][400/1230]	Loss_C: 0.0245
[25/100][500/1230]	Loss_C: 0.0320
[25/100][600/1230]	Loss_C: 0.0063
[25/100][700/1230]	Loss_C: 0.0296
[25/100][800/1230]	Loss_C: 0.0303
[25/100][900/1230]	Loss_C: 0.0317
[25/100][1000/1230]	Loss_C: 0.0116
[25/100][1100/1230]	Loss_C: 0.0014
[25/100][1200/1230]	Loss_C: 0.0810
Time taken for Epoch 25: 10.71s
[26/100][100/1230]	Loss_C: 0.0168
[26/100][200/1230]	Loss_C: 0.0040
[26/100][300/1230]	Loss_C: 0.0482
[26/100][400/1230]	Loss_C: 0.0154
[26/100][500/1230]	Loss_C: 0.0227
[26/100][600/1230]	Loss_C: 0.0096
[26/100][700/1230]	Loss_C: 0.0231
[26/100][800/1230]	Loss_C: 0.0482
[26/100][900/1230]	Loss_C: 0.0025
[26/100][1000/1230]	Loss_C: 0.0206
[26/100][1100/1230]	Loss_C: 0.0390
[26/100][1200/1230]	Loss_C: 0.0238
Time taken for Epoch 26: 10.92s
[27/100][100/1230]	Loss_C: 0.0151
[27/100][200/1230]	Loss_C: 0.0131
[27/100][300/1230]	Loss_C: 0.0032
[27/100][400/1230]	Loss_C: 0.0135
[27/100][500/1230]	Loss_C: 0.0588
[27/100][600/1230]	Loss_C: 0.0056
[27/100][700/1230]	Loss_C: 0.0030
[27/100][800/1230]	Loss_C: 0.0356
[27/100][900/1230]	Loss_C: 0.0258
[27/100][1000/1230]	Loss_C: 0.0070
[27/100][1100/1230]	Loss_C: 0.0231
[27/100][1200/1230]	Loss_C: 0.0225
Time taken for Epoch 27: 10.55s
[28/100][100/1230]	Loss_C: 0.0083
[28/100][200/1230]	Loss_C: 0.0213
[28/100][300/1230]	Loss_C: 0.0066
[28/100][400/1230]	Loss_C: 0.0090
[28/100][500/1230]	Loss_C: 0.0121
[28/100][600/1230]	Loss_C: 0.0484
[28/100][700/1230]	Loss_C: 0.0222
[28/100][800/1230]	Loss_C: 0.0416
[28/100][900/1230]	Loss_C: 0.0559
[28/100][1000/1230]	Loss_C: 0.0569
[28/100][1100/1230]	Loss_C: 0.0940
[28/100][1200/1230]	Loss_C: 0.0075
Time taken for Epoch 28: 10.89s
[29/100][100/1230]	Loss_C: 0.0104
[29/100][200/1230]	Loss_C: 0.0054
[29/100][300/1230]	Loss_C: 0.0328
[29/100][400/1230]	Loss_C: 0.0142
[29/100][500/1230]	Loss_C: 0.0298
[29/100][600/1230]	Loss_C: 0.0336
[29/100][700/1230]	Loss_C: 0.0052
[29/100][800/1230]	Loss_C: 0.0118
[29/100][900/1230]	Loss_C: 0.0414
[29/100][1000/1230]	Loss_C: 0.0026
[29/100][1100/1230]	Loss_C: 0.0134
[29/100][1200/1230]	Loss_C: 0.0143
Time taken for Epoch 29: 10.75s
[30/100][100/1230]	Loss_C: 0.0033
[30/100][200/1230]	Loss_C: 0.0032
[30/100][300/1230]	Loss_C: 0.0223
[30/100][400/1230]	Loss_C: 0.0013
[30/100][500/1230]	Loss_C: 0.0108
[30/100][600/1230]	Loss_C: 0.0049
[30/100][700/1230]	Loss_C: 0.0330
[30/100][800/1230]	Loss_C: 0.0398
[30/100][900/1230]	Loss_C: 0.0272
[30/100][1000/1230]	Loss_C: 0.0180
[30/100][1100/1230]	Loss_C: 0.0041
[30/100][1200/1230]	Loss_C: 0.0091
Time taken for Epoch 30: 10.60s
[31/100][100/1230]	Loss_C: 0.0026
[31/100][200/1230]	Loss_C: 0.0095
[31/100][300/1230]	Loss_C: 0.0016
[31/100][400/1230]	Loss_C: 0.0539
[31/100][500/1230]	Loss_C: 0.0079
[31/100][600/1230]	Loss_C: 0.0013
[31/100][700/1230]	Loss_C: 0.0327
[31/100][800/1230]	Loss_C: 0.0178
[31/100][900/1230]	Loss_C: 0.0405
[31/100][1000/1230]	Loss_C: 0.0071
[31/100][1100/1230]	Loss_C: 0.0025
[31/100][1200/1230]	Loss_C: 0.0670
Time taken for Epoch 31: 11.25s
[32/100][100/1230]	Loss_C: 0.0089
[32/100][200/1230]	Loss_C: 0.0064
[32/100][300/1230]	Loss_C: 0.0037
[32/100][400/1230]	Loss_C: 0.0236
[32/100][500/1230]	Loss_C: 0.0144
[32/100][600/1230]	Loss_C: 0.0243
[32/100][700/1230]	Loss_C: 0.0080
[32/100][800/1230]	Loss_C: 0.0164
[32/100][900/1230]	Loss_C: 0.0034
[32/100][1000/1230]	Loss_C: 0.0020
[32/100][1100/1230]	Loss_C: 0.0421
[32/100][1200/1230]	Loss_C: 0.0040
Time taken for Epoch 32: 11.02s
[33/100][100/1230]	Loss_C: 0.0224
[33/100][200/1230]	Loss_C: 0.0112
[33/100][300/1230]	Loss_C: 0.0008
[33/100][400/1230]	Loss_C: 0.0047
[33/100][500/1230]	Loss_C: 0.0040
[33/100][600/1230]	Loss_C: 0.0144
[33/100][700/1230]	Loss_C: 0.0099
[33/100][800/1230]	Loss_C: 0.0176
[33/100][900/1230]	Loss_C: 0.0087
[33/100][1000/1230]	Loss_C: 0.0166
[33/100][1100/1230]	Loss_C: 0.0026
[33/100][1200/1230]	Loss_C: 0.0431
Time taken for Epoch 33: 11.17s
[34/100][100/1230]	Loss_C: 0.0067
[34/100][200/1230]	Loss_C: 0.0270
[34/100][300/1230]	Loss_C: 0.0047
[34/100][400/1230]	Loss_C: 0.0100
[34/100][500/1230]	Loss_C: 0.0347
[34/100][600/1230]	Loss_C: 0.0340
[34/100][700/1230]	Loss_C: 0.0233
[34/100][800/1230]	Loss_C: 0.0063
[34/100][900/1230]	Loss_C: 0.0222
[34/100][1000/1230]	Loss_C: 0.0266
[34/100][1100/1230]	Loss_C: 0.0038
[34/100][1200/1230]	Loss_C: 0.0076
Time taken for Epoch 34: 11.02s
[35/100][100/1230]	Loss_C: 0.0092
[35/100][200/1230]	Loss_C: 0.0162
[35/100][300/1230]	Loss_C: 0.0162
[35/100][400/1230]	Loss_C: 0.0080
[35/100][500/1230]	Loss_C: 0.0406
[35/100][600/1230]	Loss_C: 0.0573
[35/100][700/1230]	Loss_C: 0.0035
[35/100][800/1230]	Loss_C: 0.0340
[35/100][900/1230]	Loss_C: 0.0061
[35/100][1000/1230]	Loss_C: 0.0253
[35/100][1100/1230]	Loss_C: 0.0199
[35/100][1200/1230]	Loss_C: 0.0257
Time taken for Epoch 35: 10.68s
[36/100][100/1230]	Loss_C: 0.0045
[36/100][200/1230]	Loss_C: 0.0037
[36/100][300/1230]	Loss_C: 0.0082
[36/100][400/1230]	Loss_C: 0.0309
[36/100][500/1230]	Loss_C: 0.0060
[36/100][600/1230]	Loss_C: 0.0210
[36/100][700/1230]	Loss_C: 0.0908
[36/100][800/1230]	Loss_C: 0.0047
[36/100][900/1230]	Loss_C: 0.0047
[36/100][1000/1230]	Loss_C: 0.0265
[36/100][1100/1230]	Loss_C: 0.0074
[36/100][1200/1230]	Loss_C: 0.0013
Time taken for Epoch 36: 10.74s
[37/100][100/1230]	Loss_C: 0.0057
[37/100][200/1230]	Loss_C: 0.0145
[37/100][300/1230]	Loss_C: 0.0160
[37/100][400/1230]	Loss_C: 0.0384
[37/100][500/1230]	Loss_C: 0.0056
[37/100][600/1230]	Loss_C: 0.0172
[37/100][700/1230]	Loss_C: 0.0474
[37/100][800/1230]	Loss_C: 0.0085
[37/100][900/1230]	Loss_C: 0.0156
[37/100][1000/1230]	Loss_C: 0.0009
[37/100][1100/1230]	Loss_C: 0.0440
[37/100][1200/1230]	Loss_C: 0.0041
Time taken for Epoch 37: 10.79s
[38/100][100/1230]	Loss_C: 0.0041
[38/100][200/1230]	Loss_C: 0.0291
[38/100][300/1230]	Loss_C: 0.0116
[38/100][400/1230]	Loss_C: 0.0100
[38/100][500/1230]	Loss_C: 0.0278
[38/100][600/1230]	Loss_C: 0.0316
[38/100][700/1230]	Loss_C: 0.0087
[38/100][800/1230]	Loss_C: 0.0103
[38/100][900/1230]	Loss_C: 0.0166
[38/100][1000/1230]	Loss_C: 0.0133
[38/100][1100/1230]	Loss_C: 0.0011
[38/100][1200/1230]	Loss_C: 0.0333
Time taken for Epoch 38: 10.73s
[39/100][100/1230]	Loss_C: 0.0082
[39/100][200/1230]	Loss_C: 0.0027
[39/100][300/1230]	Loss_C: 0.0033
[39/100][400/1230]	Loss_C: 0.0348
[39/100][500/1230]	Loss_C: 0.0019
[39/100][600/1230]	Loss_C: 0.0546
[39/100][700/1230]	Loss_C: 0.0017
[39/100][800/1230]	Loss_C: 0.0147
[39/100][900/1230]	Loss_C: 0.0122
[39/100][1000/1230]	Loss_C: 0.0300
[39/100][1100/1230]	Loss_C: 0.0125
[39/100][1200/1230]	Loss_C: 0.0050
Time taken for Epoch 39: 10.67s
[40/100][100/1230]	Loss_C: 0.0045
[40/100][200/1230]	Loss_C: 0.0021
[40/100][300/1230]	Loss_C: 0.0065
[40/100][400/1230]	Loss_C: 0.0145
[40/100][500/1230]	Loss_C: 0.0012
[40/100][600/1230]	Loss_C: 0.0258
[40/100][700/1230]	Loss_C: 0.0031
[40/100][800/1230]	Loss_C: 0.0342
[40/100][900/1230]	Loss_C: 0.0053
[40/100][1000/1230]	Loss_C: 0.0041
[40/100][1100/1230]	Loss_C: 0.0144
[40/100][1200/1230]	Loss_C: 0.0067
Time taken for Epoch 40: 10.47s
[41/100][100/1230]	Loss_C: 0.0024
[41/100][200/1230]	Loss_C: 0.0112
[41/100][300/1230]	Loss_C: 0.0047
[41/100][400/1230]	Loss_C: 0.0078
[41/100][500/1230]	Loss_C: 0.0358
[41/100][600/1230]	Loss_C: 0.0044
[41/100][700/1230]	Loss_C: 0.0179
[41/100][800/1230]	Loss_C: 0.0098
[41/100][900/1230]	Loss_C: 0.0079
[41/100][1000/1230]	Loss_C: 0.0167
[41/100][1100/1230]	Loss_C: 0.0128
[41/100][1200/1230]	Loss_C: 0.0118
Time taken for Epoch 41: 10.48s
[42/100][100/1230]	Loss_C: 0.0221
[42/100][200/1230]	Loss_C: 0.0054
[42/100][300/1230]	Loss_C: 0.0038
[42/100][400/1230]	Loss_C: 0.0064
[42/100][500/1230]	Loss_C: 0.0020
[42/100][600/1230]	Loss_C: 0.0297
[42/100][700/1230]	Loss_C: 0.0026
[42/100][800/1230]	Loss_C: 0.0098
[42/100][900/1230]	Loss_C: 0.0423
[42/100][1000/1230]	Loss_C: 0.0144
[42/100][1100/1230]	Loss_C: 0.0013
[42/100][1200/1230]	Loss_C: 0.0010
Time taken for Epoch 42: 10.69s
[43/100][100/1230]	Loss_C: 0.0064
[43/100][200/1230]	Loss_C: 0.0130
[43/100][300/1230]	Loss_C: 0.0055
[43/100][400/1230]	Loss_C: 0.0076
[43/100][500/1230]	Loss_C: 0.0179
[43/100][600/1230]	Loss_C: 0.0069
[43/100][700/1230]	Loss_C: 0.0424
[43/100][800/1230]	Loss_C: 0.0161
[43/100][900/1230]	Loss_C: 0.0228
[43/100][1000/1230]	Loss_C: 0.0151
[43/100][1100/1230]	Loss_C: 0.0119
[43/100][1200/1230]	Loss_C: 0.0082
Time taken for Epoch 43: 10.68s
[44/100][100/1230]	Loss_C: 0.0025
[44/100][200/1230]	Loss_C: 0.0089
[44/100][300/1230]	Loss_C: 0.0115
[44/100][400/1230]	Loss_C: 0.0044
[44/100][500/1230]	Loss_C: 0.0059
[44/100][600/1230]	Loss_C: 0.0009
[44/100][700/1230]	Loss_C: 0.0404
[44/100][800/1230]	Loss_C: 0.0078
[44/100][900/1230]	Loss_C: 0.0486
[44/100][1000/1230]	Loss_C: 0.0236
[44/100][1100/1230]	Loss_C: 0.0296
[44/100][1200/1230]	Loss_C: 0.0604
Time taken for Epoch 44: 10.80s
[45/100][100/1230]	Loss_C: 0.0014
[45/100][200/1230]	Loss_C: 0.0021
[45/100][300/1230]	Loss_C: 0.0141
[45/100][400/1230]	Loss_C: 0.0065
[45/100][500/1230]	Loss_C: 0.0041
[45/100][600/1230]	Loss_C: 0.0734
[45/100][700/1230]	Loss_C: 0.0013
[45/100][800/1230]	Loss_C: 0.0118
[45/100][900/1230]	Loss_C: 0.0160
[45/100][1000/1230]	Loss_C: 0.0213
[45/100][1100/1230]	Loss_C: 0.0086
[45/100][1200/1230]	Loss_C: 0.0017
Time taken for Epoch 45: 10.70s
[46/100][100/1230]	Loss_C: 0.0160
[46/100][200/1230]	Loss_C: 0.0167
[46/100][300/1230]	Loss_C: 0.0268
[46/100][400/1230]	Loss_C: 0.0026
[46/100][500/1230]	Loss_C: 0.0186
[46/100][600/1230]	Loss_C: 0.0072
[46/100][700/1230]	Loss_C: 0.0136
[46/100][800/1230]	Loss_C: 0.0292
[46/100][900/1230]	Loss_C: 0.0031
[46/100][1000/1230]	Loss_C: 0.0459
[46/100][1100/1230]	Loss_C: 0.0017
[46/100][1200/1230]	Loss_C: 0.0076
Time taken for Epoch 46: 10.68s
[47/100][100/1230]	Loss_C: 0.0040
[47/100][200/1230]	Loss_C: 0.0060
[47/100][300/1230]	Loss_C: 0.0236
[47/100][400/1230]	Loss_C: 0.0057
[47/100][500/1230]	Loss_C: 0.0395
[47/100][600/1230]	Loss_C: 0.0154
[47/100][700/1230]	Loss_C: 0.0309
[47/100][800/1230]	Loss_C: 0.0037
[47/100][900/1230]	Loss_C: 0.0139
[47/100][1000/1230]	Loss_C: 0.0509
[47/100][1100/1230]	Loss_C: 0.0553
[47/100][1200/1230]	Loss_C: 0.0030
Time taken for Epoch 47: 10.93s
[48/100][100/1230]	Loss_C: 0.0314
[48/100][200/1230]	Loss_C: 0.0054
[48/100][300/1230]	Loss_C: 0.0023
[48/100][400/1230]	Loss_C: 0.0117
[48/100][500/1230]	Loss_C: 0.0287
[48/100][600/1230]	Loss_C: 0.0040
[48/100][700/1230]	Loss_C: 0.0084
[48/100][800/1230]	Loss_C: 0.0059
[48/100][900/1230]	Loss_C: 0.0319
[48/100][1000/1230]	Loss_C: 0.0282
[48/100][1100/1230]	Loss_C: 0.0135
[48/100][1200/1230]	Loss_C: 0.0147
Time taken for Epoch 48: 10.61s
[49/100][100/1230]	Loss_C: 0.0149
[49/100][200/1230]	Loss_C: 0.0016
[49/100][300/1230]	Loss_C: 0.0027
[49/100][400/1230]	Loss_C: 0.0010
[49/100][500/1230]	Loss_C: 0.0439
[49/100][600/1230]	Loss_C: 0.0039
[49/100][700/1230]	Loss_C: 0.0013
[49/100][800/1230]	Loss_C: 0.0052
[49/100][900/1230]	Loss_C: 0.0012
[49/100][1000/1230]	Loss_C: 0.0198
[49/100][1100/1230]	Loss_C: 0.0053
[49/100][1200/1230]	Loss_C: 0.0230
Time taken for Epoch 49: 10.56s
[50/100][100/1230]	Loss_C: 0.0011
[50/100][200/1230]	Loss_C: 0.0078
[50/100][300/1230]	Loss_C: 0.0049
[50/100][400/1230]	Loss_C: 0.0027
[50/100][500/1230]	Loss_C: 0.0011
[50/100][600/1230]	Loss_C: 0.0298
[50/100][700/1230]	Loss_C: 0.0015
[50/100][800/1230]	Loss_C: 0.0060
[50/100][900/1230]	Loss_C: 0.0008
[50/100][1000/1230]	Loss_C: 0.0423
[50/100][1100/1230]	Loss_C: 0.0050
[50/100][1200/1230]	Loss_C: 0.0618
Time taken for Epoch 50: 10.69s
[51/100][100/1230]	Loss_C: 0.0006
[51/100][200/1230]	Loss_C: 0.0298
[51/100][300/1230]	Loss_C: 0.0006
[51/100][400/1230]	Loss_C: 0.0062
[51/100][500/1230]	Loss_C: 0.0107
[51/100][600/1230]	Loss_C: 0.0233
[51/100][700/1230]	Loss_C: 0.0056
[51/100][800/1230]	Loss_C: 0.0167
[51/100][900/1230]	Loss_C: 0.0471
[51/100][1000/1230]	Loss_C: 0.0376
[51/100][1100/1230]	Loss_C: 0.0555
[51/100][1200/1230]	Loss_C: 0.0049
Time taken for Epoch 51: 10.56s
[52/100][100/1230]	Loss_C: 0.0023
[52/100][200/1230]	Loss_C: 0.0114
[52/100][300/1230]	Loss_C: 0.0063
[52/100][400/1230]	Loss_C: 0.0039
[52/100][500/1230]	Loss_C: 0.0225
[52/100][600/1230]	Loss_C: 0.0050
[52/100][700/1230]	Loss_C: 0.0088
[52/100][800/1230]	Loss_C: 0.0004
[52/100][900/1230]	Loss_C: 0.0014
[52/100][1000/1230]	Loss_C: 0.0504
[52/100][1100/1230]	Loss_C: 0.0150
[52/100][1200/1230]	Loss_C: 0.0210
Time taken for Epoch 52: 10.66s
[53/100][100/1230]	Loss_C: 0.0009
[53/100][200/1230]	Loss_C: 0.0015
[53/100][300/1230]	Loss_C: 0.0008
[53/100][400/1230]	Loss_C: 0.0013
[53/100][500/1230]	Loss_C: 0.0042
[53/100][600/1230]	Loss_C: 0.0010
[53/100][700/1230]	Loss_C: 0.0025
[53/100][800/1230]	Loss_C: 0.0073
[53/100][900/1230]	Loss_C: 0.0634
[53/100][1000/1230]	Loss_C: 0.0210
[53/100][1100/1230]	Loss_C: 0.0028
[53/100][1200/1230]	Loss_C: 0.0021
Time taken for Epoch 53: 10.70s
[54/100][100/1230]	Loss_C: 0.0065
[54/100][200/1230]	Loss_C: 0.0057
[54/100][300/1230]	Loss_C: 0.0769
[54/100][400/1230]	Loss_C: 0.0022
[54/100][500/1230]	Loss_C: 0.0010
[54/100][600/1230]	Loss_C: 0.0298
[54/100][700/1230]	Loss_C: 0.0106
[54/100][800/1230]	Loss_C: 0.0089
[54/100][900/1230]	Loss_C: 0.0040
[54/100][1000/1230]	Loss_C: 0.0108
[54/100][1100/1230]	Loss_C: 0.0780
[54/100][1200/1230]	Loss_C: 0.0098
Time taken for Epoch 54: 10.62s
[55/100][100/1230]	Loss_C: 0.0006
[55/100][200/1230]	Loss_C: 0.0012
[55/100][300/1230]	Loss_C: 0.0032
[55/100][400/1230]	Loss_C: 0.0441
[55/100][500/1230]	Loss_C: 0.0029
[55/100][600/1230]	Loss_C: 0.0055
[55/100][700/1230]	Loss_C: 0.0104
[55/100][800/1230]	Loss_C: 0.0220
[55/100][900/1230]	Loss_C: 0.0060
[55/100][1000/1230]	Loss_C: 0.0024
[55/100][1100/1230]	Loss_C: 0.0231
[55/100][1200/1230]	Loss_C: 0.0100
Time taken for Epoch 55: 10.60s
[56/100][100/1230]	Loss_C: 0.0007
[56/100][200/1230]	Loss_C: 0.0006
[56/100][300/1230]	Loss_C: 0.0058
[56/100][400/1230]	Loss_C: 0.0143
[56/100][500/1230]	Loss_C: 0.0693
[56/100][600/1230]	Loss_C: 0.0025
[56/100][700/1230]	Loss_C: 0.0265
[56/100][800/1230]	Loss_C: 0.0049
[56/100][900/1230]	Loss_C: 0.0301
[56/100][1000/1230]	Loss_C: 0.0029
[56/100][1100/1230]	Loss_C: 0.0312
[56/100][1200/1230]	Loss_C: 0.0210
Time taken for Epoch 56: 10.50s
[57/100][100/1230]	Loss_C: 0.0103
[57/100][200/1230]	Loss_C: 0.0318
[57/100][300/1230]	Loss_C: 0.0080
[57/100][400/1230]	Loss_C: 0.0019
[57/100][500/1230]	Loss_C: 0.0201
[57/100][600/1230]	Loss_C: 0.0008
[57/100][700/1230]	Loss_C: 0.0092
[57/100][800/1230]	Loss_C: 0.0007
[57/100][900/1230]	Loss_C: 0.0020
[57/100][1000/1230]	Loss_C: 0.0145
[57/100][1100/1230]	Loss_C: 0.0496
[57/100][1200/1230]	Loss_C: 0.0198
Time taken for Epoch 57: 10.59s
[58/100][100/1230]	Loss_C: 0.0072
[58/100][200/1230]	Loss_C: 0.0037
[58/100][300/1230]	Loss_C: 0.0246
[58/100][400/1230]	Loss_C: 0.0034
[58/100][500/1230]	Loss_C: 0.0049
[58/100][600/1230]	Loss_C: 0.0007
[58/100][700/1230]	Loss_C: 0.0198
[58/100][800/1230]	Loss_C: 0.0064
[58/100][900/1230]	Loss_C: 0.0067
[58/100][1000/1230]	Loss_C: 0.0119
[58/100][1100/1230]	Loss_C: 0.0015
[58/100][1200/1230]	Loss_C: 0.0018
Time taken for Epoch 58: 10.66s
[59/100][100/1230]	Loss_C: 0.0029
[59/100][200/1230]	Loss_C: 0.0008
[59/100][300/1230]	Loss_C: 0.0015
[59/100][400/1230]	Loss_C: 0.0103
[59/100][500/1230]	Loss_C: 0.0026
[59/100][600/1230]	Loss_C: 0.0113
[59/100][700/1230]	Loss_C: 0.0383
[59/100][800/1230]	Loss_C: 0.0008
[59/100][900/1230]	Loss_C: 0.0338
[59/100][1000/1230]	Loss_C: 0.0012
[59/100][1100/1230]	Loss_C: 0.0009
[59/100][1200/1230]	Loss_C: 0.0169
Time taken for Epoch 59: 10.61s
[60/100][100/1230]	Loss_C: 0.0330
[60/100][200/1230]	Loss_C: 0.0089
[60/100][300/1230]	Loss_C: 0.0059
[60/100][400/1230]	Loss_C: 0.0053
[60/100][500/1230]	Loss_C: 0.0185
[60/100][600/1230]	Loss_C: 0.0023
[60/100][700/1230]	Loss_C: 0.0054
[60/100][800/1230]	Loss_C: 0.0469
[60/100][900/1230]	Loss_C: 0.0383
[60/100][1000/1230]	Loss_C: 0.0547
[60/100][1100/1230]	Loss_C: 0.0239
[60/100][1200/1230]	Loss_C: 0.0070
Time taken for Epoch 60: 10.63s
[61/100][100/1230]	Loss_C: 0.0038
[61/100][200/1230]	Loss_C: 0.0117
[61/100][300/1230]	Loss_C: 0.0063
[61/100][400/1230]	Loss_C: 0.0203
[61/100][500/1230]	Loss_C: 0.0318
[61/100][600/1230]	Loss_C: 0.0066
[61/100][700/1230]	Loss_C: 0.0079
[61/100][800/1230]	Loss_C: 0.0032
[61/100][900/1230]	Loss_C: 0.0253
[61/100][1000/1230]	Loss_C: 0.0382
[61/100][1100/1230]	Loss_C: 0.0034
[61/100][1200/1230]	Loss_C: 0.0031
Time taken for Epoch 61: 10.79s
[62/100][100/1230]	Loss_C: 0.0042
[62/100][200/1230]	Loss_C: 0.0031
[62/100][300/1230]	Loss_C: 0.0008
[62/100][400/1230]	Loss_C: 0.0364
[62/100][500/1230]	Loss_C: 0.0043
[62/100][600/1230]	Loss_C: 0.0363
[62/100][700/1230]	Loss_C: 0.0269
[62/100][800/1230]	Loss_C: 0.0028
[62/100][900/1230]	Loss_C: 0.0207
[62/100][1000/1230]	Loss_C: 0.0049
[62/100][1100/1230]	Loss_C: 0.0119
[62/100][1200/1230]	Loss_C: 0.0538
Time taken for Epoch 62: 10.77s
[63/100][100/1230]	Loss_C: 0.0042
[63/100][200/1230]	Loss_C: 0.0079
[63/100][300/1230]	Loss_C: 0.0021
[63/100][400/1230]	Loss_C: 0.0090
[63/100][500/1230]	Loss_C: 0.0181
[63/100][600/1230]	Loss_C: 0.0024
[63/100][700/1230]	Loss_C: 0.0009
[63/100][800/1230]	Loss_C: 0.0173
[63/100][900/1230]	Loss_C: 0.0037
[63/100][1000/1230]	Loss_C: 0.0038
[63/100][1100/1230]	Loss_C: 0.0013
[63/100][1200/1230]	Loss_C: 0.0420
Time taken for Epoch 63: 10.44s
[64/100][100/1230]	Loss_C: 0.0012
[64/100][200/1230]	Loss_C: 0.0042
[64/100][300/1230]	Loss_C: 0.0005
[64/100][400/1230]	Loss_C: 0.0053
[64/100][500/1230]	Loss_C: 0.0009
[64/100][600/1230]	Loss_C: 0.0475
[64/100][700/1230]	Loss_C: 0.0710
[64/100][800/1230]	Loss_C: 0.0128
[64/100][900/1230]	Loss_C: 0.0010
[64/100][1000/1230]	Loss_C: 0.0232
[64/100][1100/1230]	Loss_C: 0.0026
[64/100][1200/1230]	Loss_C: 0.0482
Time taken for Epoch 64: 10.49s
[65/100][100/1230]	Loss_C: 0.0005
[65/100][200/1230]	Loss_C: 0.0090
[65/100][300/1230]	Loss_C: 0.0045
[65/100][400/1230]	Loss_C: 0.0088
[65/100][500/1230]	Loss_C: 0.0062
[65/100][600/1230]	Loss_C: 0.0119
[65/100][700/1230]	Loss_C: 0.0768
[65/100][800/1230]	Loss_C: 0.0272
[65/100][900/1230]	Loss_C: 0.0511
[65/100][1000/1230]	Loss_C: 0.0049
[65/100][1100/1230]	Loss_C: 0.0097
[65/100][1200/1230]	Loss_C: 0.0042
Time taken for Epoch 65: 10.48s
[66/100][100/1230]	Loss_C: 0.0010
[66/100][200/1230]	Loss_C: 0.0477
[66/100][300/1230]	Loss_C: 0.0116
[66/100][400/1230]	Loss_C: 0.0020
[66/100][500/1230]	Loss_C: 0.0111
[66/100][600/1230]	Loss_C: 0.0035
[66/100][700/1230]	Loss_C: 0.0124
[66/100][800/1230]	Loss_C: 0.0123
[66/100][900/1230]	Loss_C: 0.0296
[66/100][1000/1230]	Loss_C: 0.0023
[66/100][1100/1230]	Loss_C: 0.0034
[66/100][1200/1230]	Loss_C: 0.0036
Time taken for Epoch 66: 10.49s
[67/100][100/1230]	Loss_C: 0.0112
[67/100][200/1230]	Loss_C: 0.0059
[67/100][300/1230]	Loss_C: 0.0015
[67/100][400/1230]	Loss_C: 0.0256
[67/100][500/1230]	Loss_C: 0.0061
[67/100][600/1230]	Loss_C: 0.0108
[67/100][700/1230]	Loss_C: 0.0244
[67/100][800/1230]	Loss_C: 0.0041
[67/100][900/1230]	Loss_C: 0.0027
[67/100][1000/1230]	Loss_C: 0.0079
[67/100][1100/1230]	Loss_C: 0.0019
[67/100][1200/1230]	Loss_C: 0.0190
Time taken for Epoch 67: 10.49s
[68/100][100/1230]	Loss_C: 0.0042
[68/100][200/1230]	Loss_C: 0.0038
[68/100][300/1230]	Loss_C: 0.0021
[68/100][400/1230]	Loss_C: 0.0007
[68/100][500/1230]	Loss_C: 0.0095
[68/100][600/1230]	Loss_C: 0.0115
[68/100][700/1230]	Loss_C: 0.0192
[68/100][800/1230]	Loss_C: 0.0014
[68/100][900/1230]	Loss_C: 0.0090
[68/100][1000/1230]	Loss_C: 0.0073
[68/100][1100/1230]	Loss_C: 0.0202
[68/100][1200/1230]	Loss_C: 0.0046
Time taken for Epoch 68: 10.63s
[69/100][100/1230]	Loss_C: 0.0181
[69/100][200/1230]	Loss_C: 0.0179
[69/100][300/1230]	Loss_C: 0.0054
[69/100][400/1230]	Loss_C: 0.0040
[69/100][500/1230]	Loss_C: 0.0011
[69/100][600/1230]	Loss_C: 0.0093
[69/100][700/1230]	Loss_C: 0.0024
[69/100][800/1230]	Loss_C: 0.0021
[69/100][900/1230]	Loss_C: 0.0111
[69/100][1000/1230]	Loss_C: 0.0109
[69/100][1100/1230]	Loss_C: 0.0264
[69/100][1200/1230]	Loss_C: 0.0112
Time taken for Epoch 69: 10.47s
[70/100][100/1230]	Loss_C: 0.0069
[70/100][200/1230]	Loss_C: 0.0093
[70/100][300/1230]	Loss_C: 0.0044
[70/100][400/1230]	Loss_C: 0.0046
[70/100][500/1230]	Loss_C: 0.0237
[70/100][600/1230]	Loss_C: 0.0039
[70/100][700/1230]	Loss_C: 0.0033
[70/100][800/1230]	Loss_C: 0.0114
[70/100][900/1230]	Loss_C: 0.0156
[70/100][1000/1230]	Loss_C: 0.0082
[70/100][1100/1230]	Loss_C: 0.0049
[70/100][1200/1230]	Loss_C: 0.0009
Time taken for Epoch 70: 10.46s
[71/100][100/1230]	Loss_C: 0.0081
[71/100][200/1230]	Loss_C: 0.0196
[71/100][300/1230]	Loss_C: 0.0004
[71/100][400/1230]	Loss_C: 0.0036
[71/100][500/1230]	Loss_C: 0.0073
[71/100][600/1230]	Loss_C: 0.0016
[71/100][700/1230]	Loss_C: 0.0341
[71/100][800/1230]	Loss_C: 0.0190
[71/100][900/1230]	Loss_C: 0.0034
[71/100][1000/1230]	Loss_C: 0.0057
[71/100][1100/1230]	Loss_C: 0.0298
[71/100][1200/1230]	Loss_C: 0.0031
Time taken for Epoch 71: 10.45s
[72/100][100/1230]	Loss_C: 0.0937
[72/100][200/1230]	Loss_C: 0.0193
[72/100][300/1230]	Loss_C: 0.0017
[72/100][400/1230]	Loss_C: 0.0052
[72/100][500/1230]	Loss_C: 0.0051
[72/100][600/1230]	Loss_C: 0.0096
[72/100][700/1230]	Loss_C: 0.0075
[72/100][800/1230]	Loss_C: 0.0008
[72/100][900/1230]	Loss_C: 0.0294
[72/100][1000/1230]	Loss_C: 0.0473
[72/100][1100/1230]	Loss_C: 0.0049
[72/100][1200/1230]	Loss_C: 0.0069
Time taken for Epoch 72: 10.47s
[73/100][100/1230]	Loss_C: 0.0148
[73/100][200/1230]	Loss_C: 0.0041
[73/100][300/1230]	Loss_C: 0.0006
[73/100][400/1230]	Loss_C: 0.0010
[73/100][500/1230]	Loss_C: 0.0026
[73/100][600/1230]	Loss_C: 0.0125
[73/100][700/1230]	Loss_C: 0.0390
[73/100][800/1230]	Loss_C: 0.0007
[73/100][900/1230]	Loss_C: 0.0111
[73/100][1000/1230]	Loss_C: 0.0062
[73/100][1100/1230]	Loss_C: 0.0236
[73/100][1200/1230]	Loss_C: 0.0033
Time taken for Epoch 73: 10.46s
[74/100][100/1230]	Loss_C: 0.0025
[74/100][200/1230]	Loss_C: 0.0090
[74/100][300/1230]	Loss_C: 0.0115
[74/100][400/1230]	Loss_C: 0.0035
[74/100][500/1230]	Loss_C: 0.0040
[74/100][600/1230]	Loss_C: 0.0138
[74/100][700/1230]	Loss_C: 0.0072
[74/100][800/1230]	Loss_C: 0.0080
[74/100][900/1230]	Loss_C: 0.0042
[74/100][1000/1230]	Loss_C: 0.0071
[74/100][1100/1230]	Loss_C: 0.0025
[74/100][1200/1230]	Loss_C: 0.0307
Time taken for Epoch 74: 10.77s
[75/100][100/1230]	Loss_C: 0.0022
[75/100][200/1230]	Loss_C: 0.0038
[75/100][300/1230]	Loss_C: 0.0114
[75/100][400/1230]	Loss_C: 0.0008
[75/100][500/1230]	Loss_C: 0.0051
[75/100][600/1230]	Loss_C: 0.0012
[75/100][700/1230]	Loss_C: 0.0044
[75/100][800/1230]	Loss_C: 0.0023
[75/100][900/1230]	Loss_C: 0.0198
[75/100][1000/1230]	Loss_C: 0.0020
[75/100][1100/1230]	Loss_C: 0.0038
[75/100][1200/1230]	Loss_C: 0.0009
Time taken for Epoch 75: 10.81s
[76/100][100/1230]	Loss_C: 0.0013
[76/100][200/1230]	Loss_C: 0.0008
[76/100][300/1230]	Loss_C: 0.0206
[76/100][400/1230]	Loss_C: 0.0065
[76/100][500/1230]	Loss_C: 0.0015
[76/100][600/1230]	Loss_C: 0.0017
[76/100][700/1230]	Loss_C: 0.0149
[76/100][800/1230]	Loss_C: 0.0049
[76/100][900/1230]	Loss_C: 0.0765
[76/100][1000/1230]	Loss_C: 0.0509
[76/100][1100/1230]	Loss_C: 0.0047
[76/100][1200/1230]	Loss_C: 0.0018
Time taken for Epoch 76: 10.67s
[77/100][100/1230]	Loss_C: 0.0014
[77/100][200/1230]	Loss_C: 0.0006
[77/100][300/1230]	Loss_C: 0.0255
[77/100][400/1230]	Loss_C: 0.0054
[77/100][500/1230]	Loss_C: 0.0001
[77/100][600/1230]	Loss_C: 0.0010
[77/100][700/1230]	Loss_C: 0.0006
[77/100][800/1230]	Loss_C: 0.0069
[77/100][900/1230]	Loss_C: 0.0298
[77/100][1000/1230]	Loss_C: 0.0164
[77/100][1100/1230]	Loss_C: 0.0158
[77/100][1200/1230]	Loss_C: 0.0287
Time taken for Epoch 77: 10.63s
[78/100][100/1230]	Loss_C: 0.0493
[78/100][200/1230]	Loss_C: 0.0003
[78/100][300/1230]	Loss_C: 0.0162
[78/100][400/1230]	Loss_C: 0.0377
[78/100][500/1230]	Loss_C: 0.0082
[78/100][600/1230]	Loss_C: 0.0363
[78/100][700/1230]	Loss_C: 0.0484
[78/100][800/1230]	Loss_C: 0.0022
[78/100][900/1230]	Loss_C: 0.0005
[78/100][1000/1230]	Loss_C: 0.0011
[78/100][1100/1230]	Loss_C: 0.0216
[78/100][1200/1230]	Loss_C: 0.0003
Time taken for Epoch 78: 10.60s
[79/100][100/1230]	Loss_C: 0.0287
[79/100][200/1230]	Loss_C: 0.0013
[79/100][300/1230]	Loss_C: 0.0019
[79/100][400/1230]	Loss_C: 0.0055
[79/100][500/1230]	Loss_C: 0.0441
[79/100][600/1230]	Loss_C: 0.0015
[79/100][700/1230]	Loss_C: 0.0050
[79/100][800/1230]	Loss_C: 0.0065
[79/100][900/1230]	Loss_C: 0.0087
[79/100][1000/1230]	Loss_C: 0.0004
[79/100][1100/1230]	Loss_C: 0.0156
[79/100][1200/1230]	Loss_C: 0.0218
Time taken for Epoch 79: 10.60s
[80/100][100/1230]	Loss_C: 0.0011
[80/100][200/1230]	Loss_C: 0.0010
[80/100][300/1230]	Loss_C: 0.0036
[80/100][400/1230]	Loss_C: 0.0012
[80/100][500/1230]	Loss_C: 0.0160
[80/100][600/1230]	Loss_C: 0.0169
[80/100][700/1230]	Loss_C: 0.0044
[80/100][800/1230]	Loss_C: 0.0669
[80/100][900/1230]	Loss_C: 0.0017
[80/100][1000/1230]	Loss_C: 0.0015
[80/100][1100/1230]	Loss_C: 0.0047
[80/100][1200/1230]	Loss_C: 0.0010
Time taken for Epoch 80: 10.65s
[81/100][100/1230]	Loss_C: 0.0012
[81/100][200/1230]	Loss_C: 0.0016
[81/100][300/1230]	Loss_C: 0.0018
[81/100][400/1230]	Loss_C: 0.0104
[81/100][500/1230]	Loss_C: 0.0281
[81/100][600/1230]	Loss_C: 0.0166
[81/100][700/1230]	Loss_C: 0.0045
[81/100][800/1230]	Loss_C: 0.0033
[81/100][900/1230]	Loss_C: 0.0154
[81/100][1000/1230]	Loss_C: 0.0060
[81/100][1100/1230]	Loss_C: 0.0059
[81/100][1200/1230]	Loss_C: 0.0074
Time taken for Epoch 81: 10.63s
[82/100][100/1230]	Loss_C: 0.0548
[82/100][200/1230]	Loss_C: 0.0205
[82/100][300/1230]	Loss_C: 0.0019
[82/100][400/1230]	Loss_C: 0.0013
[82/100][500/1230]	Loss_C: 0.0049
[82/100][600/1230]	Loss_C: 0.0401
[82/100][700/1230]	Loss_C: 0.0355
[82/100][800/1230]	Loss_C: 0.0339
[82/100][900/1230]	Loss_C: 0.0141
[82/100][1000/1230]	Loss_C: 0.0042
[82/100][1100/1230]	Loss_C: 0.0211
[82/100][1200/1230]	Loss_C: 0.0535
Time taken for Epoch 82: 10.80s
[83/100][100/1230]	Loss_C: 0.0097
[83/100][200/1230]	Loss_C: 0.0042
[83/100][300/1230]	Loss_C: 0.0022
[83/100][400/1230]	Loss_C: 0.0225
[83/100][500/1230]	Loss_C: 0.0013
[83/100][600/1230]	Loss_C: 0.0006
[83/100][700/1230]	Loss_C: 0.0472
[83/100][800/1230]	Loss_C: 0.0057
[83/100][900/1230]	Loss_C: 0.0155
[83/100][1000/1230]	Loss_C: 0.0046
[83/100][1100/1230]	Loss_C: 0.0280
[83/100][1200/1230]	Loss_C: 0.0117
Time taken for Epoch 83: 10.72s
[84/100][100/1230]	Loss_C: 0.0123
[84/100][200/1230]	Loss_C: 0.0354
[84/100][300/1230]	Loss_C: 0.0014
[84/100][400/1230]	Loss_C: 0.0049
[84/100][500/1230]	Loss_C: 0.0580
[84/100][600/1230]	Loss_C: 0.0019
[84/100][700/1230]	Loss_C: 0.0005
[84/100][800/1230]	Loss_C: 0.0014
[84/100][900/1230]	Loss_C: 0.0910
[84/100][1000/1230]	Loss_C: 0.0005
[84/100][1100/1230]	Loss_C: 0.0062
[84/100][1200/1230]	Loss_C: 0.0116
Time taken for Epoch 84: 10.65s
[85/100][100/1230]	Loss_C: 0.0008
[85/100][200/1230]	Loss_C: 0.0024
[85/100][300/1230]	Loss_C: 0.0090
[85/100][400/1230]	Loss_C: 0.0044
[85/100][500/1230]	Loss_C: 0.0013
[85/100][600/1230]	Loss_C: 0.0013
[85/100][700/1230]	Loss_C: 0.0239
[85/100][800/1230]	Loss_C: 0.0068
[85/100][900/1230]	Loss_C: 0.0102
[85/100][1000/1230]	Loss_C: 0.0088
[85/100][1100/1230]	Loss_C: 0.0017
[85/100][1200/1230]	Loss_C: 0.0005
Time taken for Epoch 85: 10.60s
[86/100][100/1230]	Loss_C: 0.0006
[86/100][200/1230]	Loss_C: 0.0033
[86/100][300/1230]	Loss_C: 0.0047
[86/100][400/1230]	Loss_C: 0.0039
[86/100][500/1230]	Loss_C: 0.0014
[86/100][600/1230]	Loss_C: 0.0324
[86/100][700/1230]	Loss_C: 0.0066
[86/100][800/1230]	Loss_C: 0.0015
[86/100][900/1230]	Loss_C: 0.0417
[86/100][1000/1230]	Loss_C: 0.0070
[86/100][1100/1230]	Loss_C: 0.0255
[86/100][1200/1230]	Loss_C: 0.0340
Time taken for Epoch 86: 10.64s
[87/100][100/1230]	Loss_C: 0.0038
[87/100][200/1230]	Loss_C: 0.0008
[87/100][300/1230]	Loss_C: 0.0173
[87/100][400/1230]	Loss_C: 0.0006
[87/100][500/1230]	Loss_C: 0.0269
[87/100][600/1230]	Loss_C: 0.0093
[87/100][700/1230]	Loss_C: 0.0004
[87/100][800/1230]	Loss_C: 0.0046
[87/100][900/1230]	Loss_C: 0.0615
[87/100][1000/1230]	Loss_C: 0.0008
[87/100][1100/1230]	Loss_C: 0.0009
[87/100][1200/1230]	Loss_C: 0.0020
Time taken for Epoch 87: 10.58s
[88/100][100/1230]	Loss_C: 0.0016
[88/100][200/1230]	Loss_C: 0.0033
[88/100][300/1230]	Loss_C: 0.0012
[88/100][400/1230]	Loss_C: 0.0007
[88/100][500/1230]	Loss_C: 0.0137
[88/100][600/1230]	Loss_C: 0.0432
[88/100][700/1230]	Loss_C: 0.0166
[88/100][800/1230]	Loss_C: 0.0012
[88/100][900/1230]	Loss_C: 0.0085
[88/100][1000/1230]	Loss_C: 0.0017
[88/100][1100/1230]	Loss_C: 0.0039
[88/100][1200/1230]	Loss_C: 0.0123
Time taken for Epoch 88: 10.64s
[89/100][100/1230]	Loss_C: 0.0103
[89/100][200/1230]	Loss_C: 0.0010
[89/100][300/1230]	Loss_C: 0.0006
[89/100][400/1230]	Loss_C: 0.0004
[89/100][500/1230]	Loss_C: 0.0002
[89/100][600/1230]	Loss_C: 0.0035
[89/100][700/1230]	Loss_C: 0.0005
[89/100][800/1230]	Loss_C: 0.0260
[89/100][900/1230]	Loss_C: 0.0136
[89/100][1000/1230]	Loss_C: 0.0013
[89/100][1100/1230]	Loss_C: 0.0070
[89/100][1200/1230]	Loss_C: 0.0045
Time taken for Epoch 89: 10.77s
[90/100][100/1230]	Loss_C: 0.0016
[90/100][200/1230]	Loss_C: 0.0016
[90/100][300/1230]	Loss_C: 0.0006
[90/100][400/1230]	Loss_C: 0.0041
[90/100][500/1230]	Loss_C: 0.0036
[90/100][600/1230]	Loss_C: 0.0012
[90/100][700/1230]	Loss_C: 0.0044
[90/100][800/1230]	Loss_C: 0.0108
[90/100][900/1230]	Loss_C: 0.0079
[90/100][1000/1230]	Loss_C: 0.0025
[90/100][1100/1230]	Loss_C: 0.0003
[90/100][1200/1230]	Loss_C: 0.0466
Time taken for Epoch 90: 10.66s
[91/100][100/1230]	Loss_C: 0.0122
[91/100][200/1230]	Loss_C: 0.0009
[91/100][300/1230]	Loss_C: 0.0016
[91/100][400/1230]	Loss_C: 0.0002
[91/100][500/1230]	Loss_C: 0.0037
[91/100][600/1230]	Loss_C: 0.0289
[91/100][700/1230]	Loss_C: 0.0069
[91/100][800/1230]	Loss_C: 0.0006
[91/100][900/1230]	Loss_C: 0.0140
[91/100][1000/1230]	Loss_C: 0.0006
[91/100][1100/1230]	Loss_C: 0.0055
[91/100][1200/1230]	Loss_C: 0.0043
Time taken for Epoch 91: 10.60s
[92/100][100/1230]	Loss_C: 0.0011
[92/100][200/1230]	Loss_C: 0.0005
[92/100][300/1230]	Loss_C: 0.0008
[92/100][400/1230]	Loss_C: 0.0192
[92/100][500/1230]	Loss_C: 0.0024
[92/100][600/1230]	Loss_C: 0.0026
[92/100][700/1230]	Loss_C: 0.0015
[92/100][800/1230]	Loss_C: 0.0106
[92/100][900/1230]	Loss_C: 0.0259
[92/100][1000/1230]	Loss_C: 0.0008
[92/100][1100/1230]	Loss_C: 0.0492
[92/100][1200/1230]	Loss_C: 0.0032
Time taken for Epoch 92: 10.70s
[93/100][100/1230]	Loss_C: 0.0009
[93/100][200/1230]	Loss_C: 0.0052
[93/100][300/1230]	Loss_C: 0.0006
[93/100][400/1230]	Loss_C: 0.0167
[93/100][500/1230]	Loss_C: 0.0018
[93/100][600/1230]	Loss_C: 0.0075
[93/100][700/1230]	Loss_C: 0.0036
[93/100][800/1230]	Loss_C: 0.0046
[93/100][900/1230]	Loss_C: 0.0035
[93/100][1000/1230]	Loss_C: 0.0191
[93/100][1100/1230]	Loss_C: 0.0279
[93/100][1200/1230]	Loss_C: 0.0040
Time taken for Epoch 93: 10.62s
[94/100][100/1230]	Loss_C: 0.0006
[94/100][200/1230]	Loss_C: 0.0011
[94/100][300/1230]	Loss_C: 0.0007
[94/100][400/1230]	Loss_C: 0.0013
[94/100][500/1230]	Loss_C: 0.0469
[94/100][600/1230]	Loss_C: 0.0105
[94/100][700/1230]	Loss_C: 0.0023
[94/100][800/1230]	Loss_C: 0.0217
[94/100][900/1230]	Loss_C: 0.0019
[94/100][1000/1230]	Loss_C: 0.0006
[94/100][1100/1230]	Loss_C: 0.0047
[94/100][1200/1230]	Loss_C: 0.0010
Time taken for Epoch 94: 10.47s
[95/100][100/1230]	Loss_C: 0.0048
[95/100][200/1230]	Loss_C: 0.0022
[95/100][300/1230]	Loss_C: 0.0025
[95/100][400/1230]	Loss_C: 0.0008
[95/100][500/1230]	Loss_C: 0.0381
[95/100][600/1230]	Loss_C: 0.0101
[95/100][700/1230]	Loss_C: 0.0456
[95/100][800/1230]	Loss_C: 0.0012
[95/100][900/1230]	Loss_C: 0.0005
[95/100][1000/1230]	Loss_C: 0.0213
[95/100][1100/1230]	Loss_C: 0.0134
[95/100][1200/1230]	Loss_C: 0.0019
Time taken for Epoch 95: 10.48s
[96/100][100/1230]	Loss_C: 0.0211
[96/100][200/1230]	Loss_C: 0.0119
[96/100][300/1230]	Loss_C: 0.0114
[96/100][400/1230]	Loss_C: 0.0003
[96/100][500/1230]	Loss_C: 0.0018
[96/100][600/1230]	Loss_C: 0.0026
[96/100][700/1230]	Loss_C: 0.0184
[96/100][800/1230]	Loss_C: 0.0020
[96/100][900/1230]	Loss_C: 0.0064
[96/100][1000/1230]	Loss_C: 0.0039
[96/100][1100/1230]	Loss_C: 0.0088
[96/100][1200/1230]	Loss_C: 0.0039
Time taken for Epoch 96: 10.75s
[97/100][100/1230]	Loss_C: 0.0007
[97/100][200/1230]	Loss_C: 0.0379
[97/100][300/1230]	Loss_C: 0.0402
[97/100][400/1230]	Loss_C: 0.0327
[97/100][500/1230]	Loss_C: 0.0180
[97/100][600/1230]	Loss_C: 0.0003
[97/100][700/1230]	Loss_C: 0.0096
[97/100][800/1230]	Loss_C: 0.0075
[97/100][900/1230]	Loss_C: 0.0284
[97/100][1000/1230]	Loss_C: 0.0094
[97/100][1100/1230]	Loss_C: 0.0028
[97/100][1200/1230]	Loss_C: 0.0654
Time taken for Epoch 97: 10.81s
[98/100][100/1230]	Loss_C: 0.0005
[98/100][200/1230]	Loss_C: 0.0009
[98/100][300/1230]	Loss_C: 0.0448
[98/100][400/1230]	Loss_C: 0.0006
[98/100][500/1230]	Loss_C: 0.0004
[98/100][600/1230]	Loss_C: 0.0020
[98/100][700/1230]	Loss_C: 0.0068
[98/100][800/1230]	Loss_C: 0.0124
[98/100][900/1230]	Loss_C: 0.0076
[98/100][1000/1230]	Loss_C: 0.0376
[98/100][1100/1230]	Loss_C: 0.0018
[98/100][1200/1230]	Loss_C: 0.0015
Time taken for Epoch 98: 10.74s
[99/100][100/1230]	Loss_C: 0.0009
[99/100][200/1230]	Loss_C: 0.0002
[99/100][300/1230]	Loss_C: 0.0016
[99/100][400/1230]	Loss_C: 0.0009
[99/100][500/1230]	Loss_C: 0.0176
[99/100][600/1230]	Loss_C: 0.0014
[99/100][700/1230]	Loss_C: 0.0124
[99/100][800/1230]	Loss_C: 0.0049
[99/100][900/1230]	Loss_C: 0.0031
[99/100][1000/1230]	Loss_C: 0.0627
[99/100][1100/1230]	Loss_C: 0.0010
[99/100][1200/1230]	Loss_C: 0.0125
Time taken for Epoch 99: 10.66s
[100/100][100/1230]	Loss_C: 0.0210
[100/100][200/1230]	Loss_C: 0.0198
[100/100][300/1230]	Loss_C: 0.0005
[100/100][400/1230]	Loss_C: 0.0182
[100/100][500/1230]	Loss_C: 0.0036
[100/100][600/1230]	Loss_C: 0.0012
[100/100][700/1230]	Loss_C: 0.0016
[100/100][800/1230]	Loss_C: 0.0005
[100/100][900/1230]	Loss_C: 0.0004
[100/100][1000/1230]	Loss_C: 0.0002
[100/100][1100/1230]	Loss_C: 0.0016
[100/100][1200/1230]	Loss_C: 0.0137
Time taken for Epoch 100: 10.68s
[101/100][100/1230]	Loss_C: 0.0206
[101/100][200/1230]	Loss_C: 0.0034
[101/100][300/1230]	Loss_C: 0.0003
[101/100][400/1230]	Loss_C: 0.0009
[101/100][500/1230]	Loss_C: 0.0076
[101/100][600/1230]	Loss_C: 0.0013
[101/100][700/1230]	Loss_C: 0.0109
[101/100][800/1230]	Loss_C: 0.0157
[101/100][900/1230]	Loss_C: 0.0836
[101/100][1000/1230]	Loss_C: 0.0521
[101/100][1100/1230]	Loss_C: 0.0008
[101/100][1200/1230]	Loss_C: 0.0015
Time taken for Epoch 101: 10.71s
[102/100][100/1230]	Loss_C: 0.0136
[102/100][200/1230]	Loss_C: 0.0006
[102/100][300/1230]	Loss_C: 0.0003
[102/100][400/1230]	Loss_C: 0.0120
[102/100][500/1230]	Loss_C: 0.0045
[102/100][600/1230]	Loss_C: 0.0016
[102/100][700/1230]	Loss_C: 0.0042
[102/100][800/1230]	Loss_C: 0.0007
[102/100][900/1230]	Loss_C: 0.0004
[102/100][1000/1230]	Loss_C: 0.0014
[102/100][1100/1230]	Loss_C: 0.0022
[102/100][1200/1230]	Loss_C: 0.0042
Time taken for Epoch 102: 10.71s
[103/100][100/1230]	Loss_C: 0.0034
[103/100][200/1230]	Loss_C: 0.0055
[103/100][300/1230]	Loss_C: 0.0015
[103/100][400/1230]	Loss_C: 0.0103
[103/100][500/1230]	Loss_C: 0.0151
[103/100][600/1230]	Loss_C: 0.0041
[103/100][700/1230]	Loss_C: 0.0025
[103/100][800/1230]	Loss_C: 0.0158
[103/100][900/1230]	Loss_C: 0.0145
[103/100][1000/1230]	Loss_C: 0.0032
[103/100][1100/1230]	Loss_C: 0.0020
[103/100][1200/1230]	Loss_C: 0.0134
Time taken for Epoch 103: 10.92s
[104/100][100/1230]	Loss_C: 0.0010
[104/100][200/1230]	Loss_C: 0.0017
[104/100][300/1230]	Loss_C: 0.0006
[104/100][400/1230]	Loss_C: 0.0192
[104/100][500/1230]	Loss_C: 0.0195
[104/100][600/1230]	Loss_C: 0.0379
[104/100][700/1230]	Loss_C: 0.0292
[104/100][800/1230]	Loss_C: 0.0079
[104/100][900/1230]	Loss_C: 0.0007
[104/100][1000/1230]	Loss_C: 0.0005
[104/100][1100/1230]	Loss_C: 0.0021
[104/100][1200/1230]	Loss_C: 0.0020
Time taken for Epoch 104: 10.75s
[105/100][100/1230]	Loss_C: 0.0018
[105/100][200/1230]	Loss_C: 0.0052
[105/100][300/1230]	Loss_C: 0.0066
[105/100][400/1230]	Loss_C: 0.0335
[105/100][500/1230]	Loss_C: 0.0041
[105/100][600/1230]	Loss_C: 0.0336
[105/100][700/1230]	Loss_C: 0.0714
[105/100][800/1230]	Loss_C: 0.0032
[105/100][900/1230]	Loss_C: 0.0147
[105/100][1000/1230]	Loss_C: 0.0008
[105/100][1100/1230]	Loss_C: 0.0028
[105/100][1200/1230]	Loss_C: 0.0007
Time taken for Epoch 105: 10.65s
[106/100][100/1230]	Loss_C: 0.0081
[106/100][200/1230]	Loss_C: 0.0002
[106/100][300/1230]	Loss_C: 0.0003
[106/100][400/1230]	Loss_C: 0.0148
[106/100][500/1230]	Loss_C: 0.0006
[106/100][600/1230]	Loss_C: 0.0064
[106/100][700/1230]	Loss_C: 0.0035
[106/100][800/1230]	Loss_C: 0.0098
[106/100][900/1230]	Loss_C: 0.0008
[106/100][1000/1230]	Loss_C: 0.0020
[106/100][1100/1230]	Loss_C: 0.0234
[106/100][1200/1230]	Loss_C: 0.0012
Time taken for Epoch 106: 10.63s
[107/100][100/1230]	Loss_C: 0.0161
[107/100][200/1230]	Loss_C: 0.0014
[107/100][300/1230]	Loss_C: 0.0064
[107/100][400/1230]	Loss_C: 0.0027
[107/100][500/1230]	Loss_C: 0.0006
[107/100][600/1230]	Loss_C: 0.0010
[107/100][700/1230]	Loss_C: 0.0051
[107/100][800/1230]	Loss_C: 0.0367
[107/100][900/1230]	Loss_C: 0.0059
[107/100][1000/1230]	Loss_C: 0.0074
[107/100][1100/1230]	Loss_C: 0.0065
[107/100][1200/1230]	Loss_C: 0.0037
Time taken for Epoch 107: 10.51s
[108/100][100/1230]	Loss_C: 0.0019
[108/100][200/1230]	Loss_C: 0.0012
[108/100][300/1230]	Loss_C: 0.0012
[108/100][400/1230]	Loss_C: 0.0068
[108/100][500/1230]	Loss_C: 0.0030
[108/100][600/1230]	Loss_C: 0.0011
[108/100][700/1230]	Loss_C: 0.0015
[108/100][800/1230]	Loss_C: 0.0057
[108/100][900/1230]	Loss_C: 0.0020
[108/100][1000/1230]	Loss_C: 0.0057
[108/100][1100/1230]	Loss_C: 0.0008
[108/100][1200/1230]	Loss_C: 0.0004
Time taken for Epoch 108: 10.50s
[109/100][100/1230]	Loss_C: 0.0014
[109/100][200/1230]	Loss_C: 0.0324
[109/100][300/1230]	Loss_C: 0.0026
[109/100][400/1230]	Loss_C: 0.0251
[109/100][500/1230]	Loss_C: 0.0005
[109/100][600/1230]	Loss_C: 0.0118
[109/100][700/1230]	Loss_C: 0.0064
[109/100][800/1230]	Loss_C: 0.0017
[109/100][900/1230]	Loss_C: 0.0002
[109/100][1000/1230]	Loss_C: 0.0006
[109/100][1100/1230]	Loss_C: 0.0137
[109/100][1200/1230]	Loss_C: 0.0036
Time taken for Epoch 109: 10.59s
[110/100][100/1230]	Loss_C: 0.0002
[110/100][200/1230]	Loss_C: 0.0130
[110/100][300/1230]	Loss_C: 0.0137
[110/100][400/1230]	Loss_C: 0.0534
[110/100][500/1230]	Loss_C: 0.0007
[110/100][600/1230]	Loss_C: 0.0274
[110/100][700/1230]	Loss_C: 0.0005
[110/100][800/1230]	Loss_C: 0.0008
[110/100][900/1230]	Loss_C: 0.0315
[110/100][1000/1230]	Loss_C: 0.0006
[110/100][1100/1230]	Loss_C: 0.0076
[110/100][1200/1230]	Loss_C: 0.0007
Time taken for Epoch 110: 10.72s
[111/100][100/1230]	Loss_C: 0.0043
[111/100][200/1230]	Loss_C: 0.0046
[111/100][300/1230]	Loss_C: 0.0121
[111/100][400/1230]	Loss_C: 0.0042
[111/100][500/1230]	Loss_C: 0.0034
[111/100][600/1230]	Loss_C: 0.0063
[111/100][700/1230]	Loss_C: 0.0016
[111/100][800/1230]	Loss_C: 0.0026
[111/100][900/1230]	Loss_C: 0.0039
[111/100][1000/1230]	Loss_C: 0.0066
[111/100][1100/1230]	Loss_C: 0.0033
[111/100][1200/1230]	Loss_C: 0.0301
Time taken for Epoch 111: 10.52s
[112/100][100/1230]	Loss_C: 0.0008
[112/100][200/1230]	Loss_C: 0.0028
[112/100][300/1230]	Loss_C: 0.0113
[112/100][400/1230]	Loss_C: 0.0030
[112/100][500/1230]	Loss_C: 0.0008
[112/100][600/1230]	Loss_C: 0.0058
[112/100][700/1230]	Loss_C: 0.0046
[112/100][800/1230]	Loss_C: 0.0029
[112/100][900/1230]	Loss_C: 0.0030
[112/100][1000/1230]	Loss_C: 0.0018
[112/100][1100/1230]	Loss_C: 0.0389
[112/100][1200/1230]	Loss_C: 0.0005
Time taken for Epoch 112: 10.51s
[113/100][100/1230]	Loss_C: 0.0174
[113/100][200/1230]	Loss_C: 0.0006
[113/100][300/1230]	Loss_C: 0.0265
[113/100][400/1230]	Loss_C: 0.0056
[113/100][500/1230]	Loss_C: 0.0008
[113/100][600/1230]	Loss_C: 0.0004
[113/100][700/1230]	Loss_C: 0.0222
[113/100][800/1230]	Loss_C: 0.0002
[113/100][900/1230]	Loss_C: 0.0117
[113/100][1000/1230]	Loss_C: 0.0103
[113/100][1100/1230]	Loss_C: 0.0105
[113/100][1200/1230]	Loss_C: 0.0009
Time taken for Epoch 113: 10.51s
[114/100][100/1230]	Loss_C: 0.0016
[114/100][200/1230]	Loss_C: 0.0061
[114/100][300/1230]	Loss_C: 0.0053
[114/100][400/1230]	Loss_C: 0.0015
[114/100][500/1230]	Loss_C: 0.0298
[114/100][600/1230]	Loss_C: 0.0020
[114/100][700/1230]	Loss_C: 0.0108
[114/100][800/1230]	Loss_C: 0.0016
[114/100][900/1230]	Loss_C: 0.0010
[114/100][1000/1230]	Loss_C: 0.0002
[114/100][1100/1230]	Loss_C: 0.0052
[114/100][1200/1230]	Loss_C: 0.0007
Time taken for Epoch 114: 10.52s
[115/100][100/1230]	Loss_C: 0.0003
[115/100][200/1230]	Loss_C: 0.0009
[115/100][300/1230]	Loss_C: 0.0175
[115/100][400/1230]	Loss_C: 0.0002
[115/100][500/1230]	Loss_C: 0.0185
[115/100][600/1230]	Loss_C: 0.0003
[115/100][700/1230]	Loss_C: 0.0159
[115/100][800/1230]	Loss_C: 0.0165
[115/100][900/1230]	Loss_C: 0.0071
[115/100][1000/1230]	Loss_C: 0.0010
[115/100][1100/1230]	Loss_C: 0.0098
[115/100][1200/1230]	Loss_C: 0.0010
Time taken for Epoch 115: 10.89s
[116/100][100/1230]	Loss_C: 0.0035
[116/100][200/1230]	Loss_C: 0.0121
[116/100][300/1230]	Loss_C: 0.0013
[116/100][400/1230]	Loss_C: 0.0004
[116/100][500/1230]	Loss_C: 0.0082
[116/100][600/1230]	Loss_C: 0.0013
[116/100][700/1230]	Loss_C: 0.0015
[116/100][800/1230]	Loss_C: 0.0088
[116/100][900/1230]	Loss_C: 0.0112
[116/100][1000/1230]	Loss_C: 0.0010
[116/100][1100/1230]	Loss_C: 0.0029
[116/100][1200/1230]	Loss_C: 0.0223
Time taken for Epoch 116: 10.93s
[117/100][100/1230]	Loss_C: 0.0188
[117/100][200/1230]	Loss_C: 0.0060
[117/100][300/1230]	Loss_C: 0.0008
[117/100][400/1230]	Loss_C: 0.0018
[117/100][500/1230]	Loss_C: 0.0002
[117/100][600/1230]	Loss_C: 0.0095
[117/100][700/1230]	Loss_C: 0.0031
[117/100][800/1230]	Loss_C: 0.0463
[117/100][900/1230]	Loss_C: 0.0044
[117/100][1000/1230]	Loss_C: 0.0050
[117/100][1100/1230]	Loss_C: 0.0042
[117/100][1200/1230]	Loss_C: 0.0131
Time taken for Epoch 117: 10.73s
[118/100][100/1230]	Loss_C: 0.0011
[118/100][200/1230]	Loss_C: 0.0007
[118/100][300/1230]	Loss_C: 0.0002
[118/100][400/1230]	Loss_C: 0.0026
[118/100][500/1230]	Loss_C: 0.0007
[118/100][600/1230]	Loss_C: 0.0016
[118/100][700/1230]	Loss_C: 0.0042
[118/100][800/1230]	Loss_C: 0.0092
[118/100][900/1230]	Loss_C: 0.0060
[118/100][1000/1230]	Loss_C: 0.0024
[118/100][1100/1230]	Loss_C: 0.0016
[118/100][1200/1230]	Loss_C: 0.0048
Time taken for Epoch 118: 10.86s
[119/100][100/1230]	Loss_C: 0.0167
[119/100][200/1230]	Loss_C: 0.0005
[119/100][300/1230]	Loss_C: 0.0015
[119/100][400/1230]	Loss_C: 0.0032
[119/100][500/1230]	Loss_C: 0.0009
[119/100][600/1230]	Loss_C: 0.0022
[119/100][700/1230]	Loss_C: 0.0083
[119/100][800/1230]	Loss_C: 0.0097
[119/100][900/1230]	Loss_C: 0.0122
[119/100][1000/1230]	Loss_C: 0.0009
[119/100][1100/1230]	Loss_C: 0.0030
[119/100][1200/1230]	Loss_C: 0.0231
Time taken for Epoch 119: 10.63s
[120/100][100/1230]	Loss_C: 0.0199
[120/100][200/1230]	Loss_C: 0.0064
[120/100][300/1230]	Loss_C: 0.0006
[120/100][400/1230]	Loss_C: 0.0001
[120/100][500/1230]	Loss_C: 0.0008
[120/100][600/1230]	Loss_C: 0.0078
[120/100][700/1230]	Loss_C: 0.0031
[120/100][800/1230]	Loss_C: 0.0002
[120/100][900/1230]	Loss_C: 0.0024
[120/100][1000/1230]	Loss_C: 0.0028
[120/100][1100/1230]	Loss_C: 0.0026
[120/100][1200/1230]	Loss_C: 0.0091
Time taken for Epoch 120: 10.83s
[121/100][100/1230]	Loss_C: 0.0009
[121/100][200/1230]	Loss_C: 0.0006
[121/100][300/1230]	Loss_C: 0.0064
[121/100][400/1230]	Loss_C: 0.0037
[121/100][500/1230]	Loss_C: 0.0390
[121/100][600/1230]	Loss_C: 0.0410
[121/100][700/1230]	Loss_C: 0.0009
[121/100][800/1230]	Loss_C: 0.0009
[121/100][900/1230]	Loss_C: 0.0007
[121/100][1000/1230]	Loss_C: 0.0007
[121/100][1100/1230]	Loss_C: 0.0084
[121/100][1200/1230]	Loss_C: 0.0264
Time taken for Epoch 121: 10.93s
[122/100][100/1230]	Loss_C: 0.0002
[122/100][200/1230]	Loss_C: 0.0209
[122/100][300/1230]	Loss_C: 0.0005
[122/100][400/1230]	Loss_C: 0.0259
[122/100][500/1230]	Loss_C: 0.0007
[122/100][600/1230]	Loss_C: 0.0032
[122/100][700/1230]	Loss_C: 0.0005
[122/100][800/1230]	Loss_C: 0.0114
[122/100][900/1230]	Loss_C: 0.0016
[122/100][1000/1230]	Loss_C: 0.0008
[122/100][1100/1230]	Loss_C: 0.0006
[122/100][1200/1230]	Loss_C: 0.0105
Time taken for Epoch 122: 11.20s
[123/100][100/1230]	Loss_C: 0.0006
[123/100][200/1230]	Loss_C: 0.0026
[123/100][300/1230]	Loss_C: 0.0004
[123/100][400/1230]	Loss_C: 0.0012
[123/100][500/1230]	Loss_C: 0.0026
[123/100][600/1230]	Loss_C: 0.0431
[123/100][700/1230]	Loss_C: 0.0013
[123/100][800/1230]	Loss_C: 0.0003
[123/100][900/1230]	Loss_C: 0.0218
[123/100][1000/1230]	Loss_C: 0.0177
[123/100][1100/1230]	Loss_C: 0.0011
[123/100][1200/1230]	Loss_C: 0.0004
Time taken for Epoch 123: 11.26s
[124/100][100/1230]	Loss_C: 0.0025
[124/100][200/1230]	Loss_C: 0.0018
[124/100][300/1230]	Loss_C: 0.0060
[124/100][400/1230]	Loss_C: 0.0023
[124/100][500/1230]	Loss_C: 0.0030
[124/100][600/1230]	Loss_C: 0.0008
[124/100][700/1230]	Loss_C: 0.0012
[124/100][800/1230]	Loss_C: 0.0040
[124/100][900/1230]	Loss_C: 0.0003
[124/100][1000/1230]	Loss_C: 0.0446
[124/100][1100/1230]	Loss_C: 0.0011
[124/100][1200/1230]	Loss_C: 0.0003
Time taken for Epoch 124: 10.68s
[125/100][100/1230]	Loss_C: 0.0036
[125/100][200/1230]	Loss_C: 0.0003
[125/100][300/1230]	Loss_C: 0.0038
[125/100][400/1230]	Loss_C: 0.0048
[125/100][500/1230]	Loss_C: 0.0004
[125/100][600/1230]	Loss_C: 0.0057
[125/100][700/1230]	Loss_C: 0.0081
[125/100][800/1230]	Loss_C: 0.0221
[125/100][900/1230]	Loss_C: 0.0276
[125/100][1000/1230]	Loss_C: 0.0036
[125/100][1100/1230]	Loss_C: 0.0011
[125/100][1200/1230]	Loss_C: 0.0009
Time taken for Epoch 125: 10.89s
[126/100][100/1230]	Loss_C: 0.0006
[126/100][200/1230]	Loss_C: 0.0004
[126/100][300/1230]	Loss_C: 0.0208
[126/100][400/1230]	Loss_C: 0.0002
[126/100][500/1230]	Loss_C: 0.0035
[126/100][600/1230]	Loss_C: 0.0008
[126/100][700/1230]	Loss_C: 0.0005
[126/100][800/1230]	Loss_C: 0.0214
[126/100][900/1230]	Loss_C: 0.0142
[126/100][1000/1230]	Loss_C: 0.0111
[126/100][1100/1230]	Loss_C: 0.0023
[126/100][1200/1230]	Loss_C: 0.0263
Time taken for Epoch 126: 10.67s
[127/100][100/1230]	Loss_C: 0.0001
[127/100][200/1230]	Loss_C: 0.0345
[127/100][300/1230]	Loss_C: 0.0108
[127/100][400/1230]	Loss_C: 0.0083
[127/100][500/1230]	Loss_C: 0.0004
[127/100][600/1230]	Loss_C: 0.0002
[127/100][700/1230]	Loss_C: 0.0079
[127/100][800/1230]	Loss_C: 0.0020
[127/100][900/1230]	Loss_C: 0.0041
[127/100][1000/1230]	Loss_C: 0.0010
[127/100][1100/1230]	Loss_C: 0.0088
[127/100][1200/1230]	Loss_C: 0.0010
Time taken for Epoch 127: 10.58s
[128/100][100/1230]	Loss_C: 0.0030
[128/100][200/1230]	Loss_C: 0.0232
[128/100][300/1230]	Loss_C: 0.0214
[128/100][400/1230]	Loss_C: 0.0110
[128/100][500/1230]	Loss_C: 0.0225
[128/100][600/1230]	Loss_C: 0.0085
[128/100][700/1230]	Loss_C: 0.0048
[128/100][800/1230]	Loss_C: 0.0027
[128/100][900/1230]	Loss_C: 0.0003
[128/100][1000/1230]	Loss_C: 0.0007
[128/100][1100/1230]	Loss_C: 0.0024
[128/100][1200/1230]	Loss_C: 0.0186
Time taken for Epoch 128: 10.86s
[129/100][100/1230]	Loss_C: 0.0296
[129/100][200/1230]	Loss_C: 0.0046
[129/100][300/1230]	Loss_C: 0.0004
[129/100][400/1230]	Loss_C: 0.0012
[129/100][500/1230]	Loss_C: 0.0001
[129/100][600/1230]	Loss_C: 0.0004
[129/100][700/1230]	Loss_C: 0.0010
[129/100][800/1230]	Loss_C: 0.0056
[129/100][900/1230]	Loss_C: 0.0016
[129/100][1000/1230]	Loss_C: 0.0006
[129/100][1100/1230]	Loss_C: 0.0067
[129/100][1200/1230]	Loss_C: 0.0067
Time taken for Epoch 129: 10.70s
[130/100][100/1230]	Loss_C: 0.0004
[130/100][200/1230]	Loss_C: 0.0006
[130/100][300/1230]	Loss_C: 0.0087
[130/100][400/1230]	Loss_C: 0.0002
[130/100][500/1230]	Loss_C: 0.0003
[130/100][600/1230]	Loss_C: 0.0263
[130/100][700/1230]	Loss_C: 0.0003
[130/100][800/1230]	Loss_C: 0.0004
[130/100][900/1230]	Loss_C: 0.0047
[130/100][1000/1230]	Loss_C: 0.0036
[130/100][1100/1230]	Loss_C: 0.0011
[130/100][1200/1230]	Loss_C: 0.0004
Time taken for Epoch 130: 10.65s
[131/100][100/1230]	Loss_C: 0.0224
[131/100][200/1230]	Loss_C: 0.0002
[131/100][300/1230]	Loss_C: 0.0008
[131/100][400/1230]	Loss_C: 0.0013
[131/100][500/1230]	Loss_C: 0.0408
[131/100][600/1230]	Loss_C: 0.0011
[131/100][700/1230]	Loss_C: 0.0019
[131/100][800/1230]	Loss_C: 0.0069
[131/100][900/1230]	Loss_C: 0.0057
[131/100][1000/1230]	Loss_C: 0.0003
[131/100][1100/1230]	Loss_C: 0.0008
[131/100][1200/1230]	Loss_C: 0.0241
Time taken for Epoch 131: 10.90s
[132/100][100/1230]	Loss_C: 0.0013
[132/100][200/1230]	Loss_C: 0.0014
[132/100][300/1230]	Loss_C: 0.0146
[132/100][400/1230]	Loss_C: 0.0002
[132/100][500/1230]	Loss_C: 0.0002
[132/100][600/1230]	Loss_C: 0.0003
[132/100][700/1230]	Loss_C: 0.0003
[132/100][800/1230]	Loss_C: 0.0015
[132/100][900/1230]	Loss_C: 0.0090
[132/100][1000/1230]	Loss_C: 0.0007
[132/100][1100/1230]	Loss_C: 0.0036
[132/100][1200/1230]	Loss_C: 0.0004
Time taken for Epoch 132: 10.67s
[133/100][100/1230]	Loss_C: 0.0001
[133/100][200/1230]	Loss_C: 0.0026
[133/100][300/1230]	Loss_C: 0.0034
[133/100][400/1230]	Loss_C: 0.0001
[133/100][500/1230]	Loss_C: 0.0002
[133/100][600/1230]	Loss_C: 0.0021
[133/100][700/1230]	Loss_C: 0.0011
[133/100][800/1230]	Loss_C: 0.0087
[133/100][900/1230]	Loss_C: 0.0114
[133/100][1000/1230]	Loss_C: 0.0791
[133/100][1100/1230]	Loss_C: 0.0010
[133/100][1200/1230]	Loss_C: 0.0073
Time taken for Epoch 133: 10.64s
[134/100][100/1230]	Loss_C: 0.0005
[134/100][200/1230]	Loss_C: 0.0018
[134/100][300/1230]	Loss_C: 0.0002
[134/100][400/1230]	Loss_C: 0.0002
[134/100][500/1230]	Loss_C: 0.0201
[134/100][600/1230]	Loss_C: 0.0146
[134/100][700/1230]	Loss_C: 0.0014
[134/100][800/1230]	Loss_C: 0.0012
[134/100][900/1230]	Loss_C: 0.0016
[134/100][1000/1230]	Loss_C: 0.0027
[134/100][1100/1230]	Loss_C: 0.0003
[134/100][1200/1230]	Loss_C: 0.0244
Time taken for Epoch 134: 10.68s
[135/100][100/1230]	Loss_C: 0.0021
[135/100][200/1230]	Loss_C: 0.0003
[135/100][300/1230]	Loss_C: 0.0063
[135/100][400/1230]	Loss_C: 0.0020
[135/100][500/1230]	Loss_C: 0.0010
[135/100][600/1230]	Loss_C: 0.0122
[135/100][700/1230]	Loss_C: 0.0007
[135/100][800/1230]	Loss_C: 0.0008
[135/100][900/1230]	Loss_C: 0.0289
[135/100][1000/1230]	Loss_C: 0.0030
[135/100][1100/1230]	Loss_C: 0.0212
[135/100][1200/1230]	Loss_C: 0.0036
Time taken for Epoch 135: 10.63s
[136/100][100/1230]	Loss_C: 0.0012
[136/100][200/1230]	Loss_C: 0.0164
[136/100][300/1230]	Loss_C: 0.0010
[136/100][400/1230]	Loss_C: 0.0036
[136/100][500/1230]	Loss_C: 0.0016
[136/100][600/1230]	Loss_C: 0.0064
[136/100][700/1230]	Loss_C: 0.0003
[136/100][800/1230]	Loss_C: 0.0005
[136/100][900/1230]	Loss_C: 0.0029
[136/100][1000/1230]	Loss_C: 0.0011
[136/100][1100/1230]	Loss_C: 0.0174
[136/100][1200/1230]	Loss_C: 0.0357
Time taken for Epoch 136: 10.88s
[137/100][100/1230]	Loss_C: 0.0012
[137/100][200/1230]	Loss_C: 0.0013
[137/100][300/1230]	Loss_C: 0.0005
[137/100][400/1230]	Loss_C: 0.0009
[137/100][500/1230]	Loss_C: 0.0066
[137/100][600/1230]	Loss_C: 0.0350
[137/100][700/1230]	Loss_C: 0.0306
[137/100][800/1230]	Loss_C: 0.0062
[137/100][900/1230]	Loss_C: 0.0003
[137/100][1000/1230]	Loss_C: 0.0042
[137/100][1100/1230]	Loss_C: 0.0192
[137/100][1200/1230]	Loss_C: 0.0011
Time taken for Epoch 137: 10.78s
[138/100][100/1230]	Loss_C: 0.0008
[138/100][200/1230]	Loss_C: 0.0009
[138/100][300/1230]	Loss_C: 0.0006
[138/100][400/1230]	Loss_C: 0.0037
[138/100][500/1230]	Loss_C: 0.0347
[138/100][600/1230]	Loss_C: 0.0011
[138/100][700/1230]	Loss_C: 0.0021
[138/100][800/1230]	Loss_C: 0.0088
[138/100][900/1230]	Loss_C: 0.0317
[138/100][1000/1230]	Loss_C: 0.0279
[138/100][1100/1230]	Loss_C: 0.0053
[138/100][1200/1230]	Loss_C: 0.0096
Time taken for Epoch 138: 10.85s
[139/100][100/1230]	Loss_C: 0.0015
[139/100][200/1230]	Loss_C: 0.0002
[139/100][300/1230]	Loss_C: 0.0169
[139/100][400/1230]	Loss_C: 0.0004
[139/100][500/1230]	Loss_C: 0.0064
[139/100][600/1230]	Loss_C: 0.0001
[139/100][700/1230]	Loss_C: 0.0006
[139/100][800/1230]	Loss_C: 0.0009
[139/100][900/1230]	Loss_C: 0.0401
[139/100][1000/1230]	Loss_C: 0.0247
[139/100][1100/1230]	Loss_C: 0.0059
[139/100][1200/1230]	Loss_C: 0.0133
Time taken for Epoch 139: 10.79s
[140/100][100/1230]	Loss_C: 0.0007
[140/100][200/1230]	Loss_C: 0.0002
[140/100][300/1230]	Loss_C: 0.0068
[140/100][400/1230]	Loss_C: 0.0003
[140/100][500/1230]	Loss_C: 0.0109
[140/100][600/1230]	Loss_C: 0.0004
[140/100][700/1230]	Loss_C: 0.0002
[140/100][800/1230]	Loss_C: 0.0452
[140/100][900/1230]	Loss_C: 0.0001
[140/100][1000/1230]	Loss_C: 0.0010
[140/100][1100/1230]	Loss_C: 0.0008
[140/100][1200/1230]	Loss_C: 0.0001
Time taken for Epoch 140: 10.83s
[141/100][100/1230]	Loss_C: 0.0012
[141/100][200/1230]	Loss_C: 0.0006
[141/100][300/1230]	Loss_C: 0.0183
[141/100][400/1230]	Loss_C: 0.0001
[141/100][500/1230]	Loss_C: 0.0056
[141/100][600/1230]	Loss_C: 0.0068
[141/100][700/1230]	Loss_C: 0.0091
[141/100][800/1230]	Loss_C: 0.0031
[141/100][900/1230]	Loss_C: 0.0058
[141/100][1000/1230]	Loss_C: 0.0019
[141/100][1100/1230]	Loss_C: 0.0016
[141/100][1200/1230]	Loss_C: 0.0010
Time taken for Epoch 141: 10.75s
[142/100][100/1230]	Loss_C: 0.0144
[142/100][200/1230]	Loss_C: 0.0002
[142/100][300/1230]	Loss_C: 0.0003
[142/100][400/1230]	Loss_C: 0.0033
[142/100][500/1230]	Loss_C: 0.0040
[142/100][600/1230]	Loss_C: 0.0048
[142/100][700/1230]	Loss_C: 0.0085
[142/100][800/1230]	Loss_C: 0.0092
[142/100][900/1230]	Loss_C: 0.0117
[142/100][1000/1230]	Loss_C: 0.0003
[142/100][1100/1230]	Loss_C: 0.0051
[142/100][1200/1230]	Loss_C: 0.0554
Time taken for Epoch 142: 10.77s
[143/100][100/1230]	Loss_C: 0.0030
[143/100][200/1230]	Loss_C: 0.0143
[143/100][300/1230]	Loss_C: 0.0004
[143/100][400/1230]	Loss_C: 0.0005
[143/100][500/1230]	Loss_C: 0.0006
[143/100][600/1230]	Loss_C: 0.0020
[143/100][700/1230]	Loss_C: 0.0008
[143/100][800/1230]	Loss_C: 0.0205
[143/100][900/1230]	Loss_C: 0.0084
[143/100][1000/1230]	Loss_C: 0.0134
[143/100][1100/1230]	Loss_C: 0.0031
[143/100][1200/1230]	Loss_C: 0.0091
Time taken for Epoch 143: 10.54s
[144/100][100/1230]	Loss_C: 0.0105
[144/100][200/1230]	Loss_C: 0.0001
[144/100][300/1230]	Loss_C: 0.0020
[144/100][400/1230]	Loss_C: 0.0004
[144/100][500/1230]	Loss_C: 0.0003
[144/100][600/1230]	Loss_C: 0.0008
[144/100][700/1230]	Loss_C: 0.0329
[144/100][800/1230]	Loss_C: 0.0040
[144/100][900/1230]	Loss_C: 0.0553
[144/100][1000/1230]	Loss_C: 0.0074
[144/100][1100/1230]	Loss_C: 0.0009
[144/100][1200/1230]	Loss_C: 0.0142
Time taken for Epoch 144: 10.47s
[145/100][100/1230]	Loss_C: 0.1041
[145/100][200/1230]	Loss_C: 0.0021
[145/100][300/1230]	Loss_C: 0.0043
[145/100][400/1230]	Loss_C: 0.0094
[145/100][500/1230]	Loss_C: 0.0012
[145/100][600/1230]	Loss_C: 0.0297
[145/100][700/1230]	Loss_C: 0.0058
[145/100][800/1230]	Loss_C: 0.0034
[145/100][900/1230]	Loss_C: 0.0662
[145/100][1000/1230]	Loss_C: 0.0019
[145/100][1100/1230]	Loss_C: 0.0035
[145/100][1200/1230]	Loss_C: 0.0055
Time taken for Epoch 145: 10.68s
[146/100][100/1230]	Loss_C: 0.0035
[146/100][200/1230]	Loss_C: 0.0003
[146/100][300/1230]	Loss_C: 0.0009
[146/100][400/1230]	Loss_C: 0.0019
[146/100][500/1230]	Loss_C: 0.0004
[146/100][600/1230]	Loss_C: 0.0006
[146/100][700/1230]	Loss_C: 0.0058
[146/100][800/1230]	Loss_C: 0.0030
[146/100][900/1230]	Loss_C: 0.0022
[146/100][1000/1230]	Loss_C: 0.0002
[146/100][1100/1230]	Loss_C: 0.0004
[146/100][1200/1230]	Loss_C: 0.0123
Time taken for Epoch 146: 10.50s
[147/100][100/1230]	Loss_C: 0.0063
[147/100][200/1230]	Loss_C: 0.0079
[147/100][300/1230]	Loss_C: 0.0006
[147/100][400/1230]	Loss_C: 0.0001
[147/100][500/1230]	Loss_C: 0.0280
[147/100][600/1230]	Loss_C: 0.0004
[147/100][700/1230]	Loss_C: 0.0013
[147/100][800/1230]	Loss_C: 0.0078
[147/100][900/1230]	Loss_C: 0.0324
[147/100][1000/1230]	Loss_C: 0.0008
[147/100][1100/1230]	Loss_C: 0.0039
[147/100][1200/1230]	Loss_C: 0.0004
Time taken for Epoch 147: 10.43s
[148/100][100/1230]	Loss_C: 0.0120
[148/100][200/1230]	Loss_C: 0.0038
[148/100][300/1230]	Loss_C: 0.0161
[148/100][400/1230]	Loss_C: 0.0036
[148/100][500/1230]	Loss_C: 0.0003
[148/100][600/1230]	Loss_C: 0.0021
[148/100][700/1230]	Loss_C: 0.0002
[148/100][800/1230]	Loss_C: 0.0005
[148/100][900/1230]	Loss_C: 0.0060
[148/100][1000/1230]	Loss_C: 0.0055
[148/100][1100/1230]	Loss_C: 0.0043
[148/100][1200/1230]	Loss_C: 0.0067
Time taken for Epoch 148: 10.43s
[149/100][100/1230]	Loss_C: 0.0003
[149/100][200/1230]	Loss_C: 0.0009
[149/100][300/1230]	Loss_C: 0.0002
[149/100][400/1230]	Loss_C: 0.0001
[149/100][500/1230]	Loss_C: 0.0042
[149/100][600/1230]	Loss_C: 0.0019
[149/100][700/1230]	Loss_C: 0.0084
[149/100][800/1230]	Loss_C: 0.0013
[149/100][900/1230]	Loss_C: 0.0126
[149/100][1000/1230]	Loss_C: 0.0039
[149/100][1100/1230]	Loss_C: 0.0018
[149/100][1200/1230]	Loss_C: 0.0213
Time taken for Epoch 149: 10.50s
[150/100][100/1230]	Loss_C: 0.0019
[150/100][200/1230]	Loss_C: 0.0249
[150/100][300/1230]	Loss_C: 0.0087
[150/100][400/1230]	Loss_C: 0.0009
[150/100][500/1230]	Loss_C: 0.0024
[150/100][600/1230]	Loss_C: 0.0004
[150/100][700/1230]	Loss_C: 0.0012
[150/100][800/1230]	Loss_C: 0.0035
[150/100][900/1230]	Loss_C: 0.0038
[150/100][1000/1230]	Loss_C: 0.0200
[150/100][1100/1230]	Loss_C: 0.0044
[150/100][1200/1230]	Loss_C: 0.0050
Time taken for Epoch 150: 10.97s
[151/100][100/1230]	Loss_C: 0.0004
[151/100][200/1230]	Loss_C: 0.0008
[151/100][300/1230]	Loss_C: 0.0007
[151/100][400/1230]	Loss_C: 0.0005
[151/100][500/1230]	Loss_C: 0.0008
[151/100][600/1230]	Loss_C: 0.0020
[151/100][700/1230]	Loss_C: 0.0118
[151/100][800/1230]	Loss_C: 0.0002
[151/100][900/1230]	Loss_C: 0.0354
[151/100][1000/1230]	Loss_C: 0.0079
[151/100][1100/1230]	Loss_C: 0.0011
[151/100][1200/1230]	Loss_C: 0.0092
Time taken for Epoch 151: 10.93s
[152/100][100/1230]	Loss_C: 0.0084
[152/100][200/1230]	Loss_C: 0.0007
[152/100][300/1230]	Loss_C: 0.0003
[152/100][400/1230]	Loss_C: 0.0015
[152/100][500/1230]	Loss_C: 0.0005
[152/100][600/1230]	Loss_C: 0.0004
[152/100][700/1230]	Loss_C: 0.0005
[152/100][800/1230]	Loss_C: 0.0008
[152/100][900/1230]	Loss_C: 0.0009
[152/100][1000/1230]	Loss_C: 0.0017
[152/100][1100/1230]	Loss_C: 0.0036
[152/100][1200/1230]	Loss_C: 0.0024
Time taken for Epoch 152: 10.85s
[153/100][100/1230]	Loss_C: 0.0004
[153/100][200/1230]	Loss_C: 0.0022
[153/100][300/1230]	Loss_C: 0.0050
[153/100][400/1230]	Loss_C: 0.0034
[153/100][500/1230]	Loss_C: 0.0014
[153/100][600/1230]	Loss_C: 0.0009
[153/100][700/1230]	Loss_C: 0.0016
[153/100][800/1230]	Loss_C: 0.0008
[153/100][900/1230]	Loss_C: 0.0001
[153/100][1000/1230]	Loss_C: 0.0032
[153/100][1100/1230]	Loss_C: 0.0002
[153/100][1200/1230]	Loss_C: 0.0009
Time taken for Epoch 153: 10.87s
[154/100][100/1230]	Loss_C: 0.0009
[154/100][200/1230]	Loss_C: 0.0013
[154/100][300/1230]	Loss_C: 0.0023
[154/100][400/1230]	Loss_C: 0.0019
[154/100][500/1230]	Loss_C: 0.0004
[154/100][600/1230]	Loss_C: 0.0006
[154/100][700/1230]	Loss_C: 0.0014
[154/100][800/1230]	Loss_C: 0.0006
[154/100][900/1230]	Loss_C: 0.0030
[154/100][1000/1230]	Loss_C: 0.0034
[154/100][1100/1230]	Loss_C: 0.0006
[154/100][1200/1230]	Loss_C: 0.0017
Time taken for Epoch 154: 10.85s
[155/100][100/1230]	Loss_C: 0.0117
[155/100][200/1230]	Loss_C: 0.0003
[155/100][300/1230]	Loss_C: 0.0001
[155/100][400/1230]	Loss_C: 0.0054
[155/100][500/1230]	Loss_C: 0.0002
[155/100][600/1230]	Loss_C: 0.0346
[155/100][700/1230]	Loss_C: 0.0017
[155/100][800/1230]	Loss_C: 0.0016
[155/100][900/1230]	Loss_C: 0.0053
[155/100][1000/1230]	Loss_C: 0.0027
[155/100][1100/1230]	Loss_C: 0.0432
[155/100][1200/1230]	Loss_C: 0.0019
Time taken for Epoch 155: 10.87s
[156/100][100/1230]	Loss_C: 0.0006
[156/100][200/1230]	Loss_C: 0.0285
[156/100][300/1230]	Loss_C: 0.0002
[156/100][400/1230]	Loss_C: 0.0003
[156/100][500/1230]	Loss_C: 0.0191
[156/100][600/1230]	Loss_C: 0.0321
[156/100][700/1230]	Loss_C: 0.0020
[156/100][800/1230]	Loss_C: 0.0054
[156/100][900/1230]	Loss_C: 0.0055
[156/100][1000/1230]	Loss_C: 0.0077
[156/100][1100/1230]	Loss_C: 0.0058
[156/100][1200/1230]	Loss_C: 0.0062
Time taken for Epoch 156: 10.77s
[157/100][100/1230]	Loss_C: 0.0035
[157/100][200/1230]	Loss_C: 0.0005
[157/100][300/1230]	Loss_C: 0.0007
[157/100][400/1230]	Loss_C: 0.0005
[157/100][500/1230]	Loss_C: 0.0044
[157/100][600/1230]	Loss_C: 0.0052
[157/100][700/1230]	Loss_C: 0.0004
[157/100][800/1230]	Loss_C: 0.0004
[157/100][900/1230]	Loss_C: 0.0001
[157/100][1000/1230]	Loss_C: 0.0010
[157/100][1100/1230]	Loss_C: 0.0005
[157/100][1200/1230]	Loss_C: 0.0088
Time taken for Epoch 157: 10.87s
[158/100][100/1230]	Loss_C: 0.0428
[158/100][200/1230]	Loss_C: 0.0094
[158/100][300/1230]	Loss_C: 0.0004
[158/100][400/1230]	Loss_C: 0.0105
[158/100][500/1230]	Loss_C: 0.0005
[158/100][600/1230]	Loss_C: 0.0005
[158/100][700/1230]	Loss_C: 0.0050
[158/100][800/1230]	Loss_C: 0.0085
[158/100][900/1230]	Loss_C: 0.0004
[158/100][1000/1230]	Loss_C: 0.0169
[158/100][1100/1230]	Loss_C: 0.0010
[158/100][1200/1230]	Loss_C: 0.0008
Time taken for Epoch 158: 10.72s
[159/100][100/1230]	Loss_C: 0.0500
[159/100][200/1230]	Loss_C: 0.0004
[159/100][300/1230]	Loss_C: 0.0202
[159/100][400/1230]	Loss_C: 0.0012
[159/100][500/1230]	Loss_C: 0.0004
[159/100][600/1230]	Loss_C: 0.0031
[159/100][700/1230]	Loss_C: 0.0004
[159/100][800/1230]	Loss_C: 0.0002
[159/100][900/1230]	Loss_C: 0.0016
[159/100][1000/1230]	Loss_C: 0.0015
[159/100][1100/1230]	Loss_C: 0.0108
[159/100][1200/1230]	Loss_C: 0.0018
Time taken for Epoch 159: 10.87s
[160/100][100/1230]	Loss_C: 0.0076
[160/100][200/1230]	Loss_C: 0.0451
[160/100][300/1230]	Loss_C: 0.0005
[160/100][400/1230]	Loss_C: 0.0036
[160/100][500/1230]	Loss_C: 0.0008
[160/100][600/1230]	Loss_C: 0.0008
[160/100][700/1230]	Loss_C: 0.0008
[160/100][800/1230]	Loss_C: 0.0077
[160/100][900/1230]	Loss_C: 0.0170
[160/100][1000/1230]	Loss_C: 0.0008
[160/100][1100/1230]	Loss_C: 0.0027
[160/100][1200/1230]	Loss_C: 0.0003
Time taken for Epoch 160: 10.68s
[161/100][100/1230]	Loss_C: 0.0004
[161/100][200/1230]	Loss_C: 0.0343
[161/100][300/1230]	Loss_C: 0.0446
[161/100][400/1230]	Loss_C: 0.0008
[161/100][500/1230]	Loss_C: 0.0259
[161/100][600/1230]	Loss_C: 0.0010
[161/100][700/1230]	Loss_C: 0.0015
[161/100][800/1230]	Loss_C: 0.0040
[161/100][900/1230]	Loss_C: 0.0009
[161/100][1000/1230]	Loss_C: 0.0002
[161/100][1100/1230]	Loss_C: 0.0033
[161/100][1200/1230]	Loss_C: 0.0014
Time taken for Epoch 161: 10.75s
[162/100][100/1230]	Loss_C: 0.0592
[162/100][200/1230]	Loss_C: 0.0071
[162/100][300/1230]	Loss_C: 0.0274
[162/100][400/1230]	Loss_C: 0.0001
[162/100][500/1230]	Loss_C: 0.0090
[162/100][600/1230]	Loss_C: 0.0037
[162/100][700/1230]	Loss_C: 0.0005
[162/100][800/1230]	Loss_C: 0.0003
[162/100][900/1230]	Loss_C: 0.0452
[162/100][1000/1230]	Loss_C: 0.0005
[162/100][1100/1230]	Loss_C: 0.0016
[162/100][1200/1230]	Loss_C: 0.0015
Time taken for Epoch 162: 10.82s
[163/100][100/1230]	Loss_C: 0.0025
[163/100][200/1230]	Loss_C: 0.0004
[163/100][300/1230]	Loss_C: 0.0009
[163/100][400/1230]	Loss_C: 0.0064
[163/100][500/1230]	Loss_C: 0.0003
[163/100][600/1230]	Loss_C: 0.0011
[163/100][700/1230]	Loss_C: 0.0056
[163/100][800/1230]	Loss_C: 0.0130
[163/100][900/1230]	Loss_C: 0.0036
[163/100][1000/1230]	Loss_C: 0.0003
[163/100][1100/1230]	Loss_C: 0.0031
[163/100][1200/1230]	Loss_C: 0.0035
Time taken for Epoch 163: 10.71s
[164/100][100/1230]	Loss_C: 0.0003
[164/100][200/1230]	Loss_C: 0.0018
[164/100][300/1230]	Loss_C: 0.0004
[164/100][400/1230]	Loss_C: 0.0065
[164/100][500/1230]	Loss_C: 0.0020
[164/100][600/1230]	Loss_C: 0.0008
[164/100][700/1230]	Loss_C: 0.0003
[164/100][800/1230]	Loss_C: 0.0008
[164/100][900/1230]	Loss_C: 0.0091
[164/100][1000/1230]	Loss_C: 0.0013
[164/100][1100/1230]	Loss_C: 0.0056
[164/100][1200/1230]	Loss_C: 0.0023
Time taken for Epoch 164: 10.62s
[165/100][100/1230]	Loss_C: 0.0005
[165/100][200/1230]	Loss_C: 0.0004
[165/100][300/1230]	Loss_C: 0.0049
[165/100][400/1230]	Loss_C: 0.0018
[165/100][500/1230]	Loss_C: 0.0002
[165/100][600/1230]	Loss_C: 0.0052
[165/100][700/1230]	Loss_C: 0.0010
[165/100][800/1230]	Loss_C: 0.0269
[165/100][900/1230]	Loss_C: 0.0021
[165/100][1000/1230]	Loss_C: 0.0346
[165/100][1100/1230]	Loss_C: 0.0031
[165/100][1200/1230]	Loss_C: 0.0003
Time taken for Epoch 165: 10.80s
[166/100][100/1230]	Loss_C: 0.0076
[166/100][200/1230]	Loss_C: 0.0005
[166/100][300/1230]	Loss_C: 0.0014
[166/100][400/1230]	Loss_C: 0.0089
[166/100][500/1230]	Loss_C: 0.0001
[166/100][600/1230]	Loss_C: 0.0004
[166/100][700/1230]	Loss_C: 0.0052
[166/100][800/1230]	Loss_C: 0.0054
[166/100][900/1230]	Loss_C: 0.0008
[166/100][1000/1230]	Loss_C: 0.0004
[166/100][1100/1230]	Loss_C: 0.0033
[166/100][1200/1230]	Loss_C: 0.0255
Time taken for Epoch 166: 10.65s
[167/100][100/1230]	Loss_C: 0.0002
[167/100][200/1230]	Loss_C: 0.0093
[167/100][300/1230]	Loss_C: 0.0003
[167/100][400/1230]	Loss_C: 0.0006
[167/100][500/1230]	Loss_C: 0.0293
[167/100][600/1230]	Loss_C: 0.0180
[167/100][700/1230]	Loss_C: 0.0082
[167/100][800/1230]	Loss_C: 0.0007
[167/100][900/1230]	Loss_C: 0.0027
[167/100][1000/1230]	Loss_C: 0.0006
[167/100][1100/1230]	Loss_C: 0.0018
[167/100][1200/1230]	Loss_C: 0.0007
Time taken for Epoch 167: 10.63s
[168/100][100/1230]	Loss_C: 0.0019
[168/100][200/1230]	Loss_C: 0.0198
[168/100][300/1230]	Loss_C: 0.0003
[168/100][400/1230]	Loss_C: 0.0010
[168/100][500/1230]	Loss_C: 0.0017
[168/100][600/1230]	Loss_C: 0.0006
[168/100][700/1230]	Loss_C: 0.0270
[168/100][800/1230]	Loss_C: 0.0022
[168/100][900/1230]	Loss_C: 0.0026
[168/100][1000/1230]	Loss_C: 0.0013
[168/100][1100/1230]	Loss_C: 0.0008
[168/100][1200/1230]	Loss_C: 0.0035
Time taken for Epoch 168: 10.64s
[169/100][100/1230]	Loss_C: 0.0327
[169/100][200/1230]	Loss_C: 0.0020
[169/100][300/1230]	Loss_C: 0.0010
[169/100][400/1230]	Loss_C: 0.0037
[169/100][500/1230]	Loss_C: 0.0002
[169/100][600/1230]	Loss_C: 0.0005
[169/100][700/1230]	Loss_C: 0.0264
[169/100][800/1230]	Loss_C: 0.0004
[169/100][900/1230]	Loss_C: 0.0006
[169/100][1000/1230]	Loss_C: 0.0004
[169/100][1100/1230]	Loss_C: 0.0077
[169/100][1200/1230]	Loss_C: 0.0022
Time taken for Epoch 169: 10.69s
[170/100][100/1230]	Loss_C: 0.0093
[170/100][200/1230]	Loss_C: 0.0149
[170/100][300/1230]	Loss_C: 0.0304
[170/100][400/1230]	Loss_C: 0.0032
[170/100][500/1230]	Loss_C: 0.0036
[170/100][600/1230]	Loss_C: 0.0078
[170/100][700/1230]	Loss_C: 0.0009
[170/100][800/1230]	Loss_C: 0.0053
[170/100][900/1230]	Loss_C: 0.0009
[170/100][1000/1230]	Loss_C: 0.0013
[170/100][1100/1230]	Loss_C: 0.0002
[170/100][1200/1230]	Loss_C: 0.0012
Time taken for Epoch 170: 10.73s
[171/100][100/1230]	Loss_C: 0.0010
[171/100][200/1230]	Loss_C: 0.0026
[171/100][300/1230]	Loss_C: 0.0007
[171/100][400/1230]	Loss_C: 0.0004
[171/100][500/1230]	Loss_C: 0.0080
[171/100][600/1230]	Loss_C: 0.0002
[171/100][700/1230]	Loss_C: 0.0218
[171/100][800/1230]	Loss_C: 0.0058
[171/100][900/1230]	Loss_C: 0.0043
[171/100][1000/1230]	Loss_C: 0.0010
[171/100][1100/1230]	Loss_C: 0.0016
[171/100][1200/1230]	Loss_C: 0.0002
Time taken for Epoch 171: 10.91s
[172/100][100/1230]	Loss_C: 0.0012
[172/100][200/1230]	Loss_C: 0.0025
[172/100][300/1230]	Loss_C: 0.0001
[172/100][400/1230]	Loss_C: 0.0246
[172/100][500/1230]	Loss_C: 0.0105
[172/100][600/1230]	Loss_C: 0.0279
[172/100][700/1230]	Loss_C: 0.0008
[172/100][800/1230]	Loss_C: 0.0007
[172/100][900/1230]	Loss_C: 0.0030
[172/100][1000/1230]	Loss_C: 0.0219
[172/100][1100/1230]	Loss_C: 0.0016
[172/100][1200/1230]	Loss_C: 0.0004
Time taken for Epoch 172: 11.81s
[173/100][100/1230]	Loss_C: 0.0010
[173/100][200/1230]	Loss_C: 0.0253
[173/100][300/1230]	Loss_C: 0.0002
[173/100][400/1230]	Loss_C: 0.0021
[173/100][500/1230]	Loss_C: 0.0005
[173/100][600/1230]	Loss_C: 0.0307
[173/100][700/1230]	Loss_C: 0.0003
[173/100][800/1230]	Loss_C: 0.0192
[173/100][900/1230]	Loss_C: 0.0003
[173/100][1000/1230]	Loss_C: 0.0062
[173/100][1100/1230]	Loss_C: 0.0003
[173/100][1200/1230]	Loss_C: 0.0023
Time taken for Epoch 173: 11.05s
[174/100][100/1230]	Loss_C: 0.0010
[174/100][200/1230]	Loss_C: 0.0002
[174/100][300/1230]	Loss_C: 0.0007
[174/100][400/1230]	Loss_C: 0.0006
[174/100][500/1230]	Loss_C: 0.0001
[174/100][600/1230]	Loss_C: 0.0014
[174/100][700/1230]	Loss_C: 0.0080
[174/100][800/1230]	Loss_C: 0.0010
[174/100][900/1230]	Loss_C: 0.0036
[174/100][1000/1230]	Loss_C: 0.0002
[174/100][1100/1230]	Loss_C: 0.0108
[174/100][1200/1230]	Loss_C: 0.0216
Time taken for Epoch 174: 10.80s
[175/100][100/1230]	Loss_C: 0.0015
[175/100][200/1230]	Loss_C: 0.0012
[175/100][300/1230]	Loss_C: 0.0002
[175/100][400/1230]	Loss_C: 0.0010
[175/100][500/1230]	Loss_C: 0.0001
[175/100][600/1230]	Loss_C: 0.0006
[175/100][700/1230]	Loss_C: 0.0008
[175/100][800/1230]	Loss_C: 0.0009
[175/100][900/1230]	Loss_C: 0.0009
[175/100][1000/1230]	Loss_C: 0.0067
[175/100][1100/1230]	Loss_C: 0.0003
[175/100][1200/1230]	Loss_C: 0.0006
Time taken for Epoch 175: 11.47s
[176/100][100/1230]	Loss_C: 0.0002
[176/100][200/1230]	Loss_C: 0.0013
[176/100][300/1230]	Loss_C: 0.0004
[176/100][400/1230]	Loss_C: 0.0013
[176/100][500/1230]	Loss_C: 0.0192
[176/100][600/1230]	Loss_C: 0.0003
[176/100][700/1230]	Loss_C: 0.0029
[176/100][800/1230]	Loss_C: 0.0002
[176/100][900/1230]	Loss_C: 0.0013
[176/100][1000/1230]	Loss_C: 0.0008
[176/100][1100/1230]	Loss_C: 0.0004
[176/100][1200/1230]	Loss_C: 0.0005
Time taken for Epoch 176: 10.89s
[177/100][100/1230]	Loss_C: 0.0016
[177/100][200/1230]	Loss_C: 0.0004
[177/100][300/1230]	Loss_C: 0.0093
[177/100][400/1230]	Loss_C: 0.0009
[177/100][500/1230]	Loss_C: 0.0014
[177/100][600/1230]	Loss_C: 0.0253
[177/100][700/1230]	Loss_C: 0.0014
[177/100][800/1230]	Loss_C: 0.0037
[177/100][900/1230]	Loss_C: 0.0072
[177/100][1000/1230]	Loss_C: 0.0005
[177/100][1100/1230]	Loss_C: 0.0080
[177/100][1200/1230]	Loss_C: 0.0244
Time taken for Epoch 177: 10.80s
[178/100][100/1230]	Loss_C: 0.0051
[178/100][200/1230]	Loss_C: 0.0014
[178/100][300/1230]	Loss_C: 0.0005
[178/100][400/1230]	Loss_C: 0.0042
[178/100][500/1230]	Loss_C: 0.0010
[178/100][600/1230]	Loss_C: 0.0003
[178/100][700/1230]	Loss_C: 0.0116
[178/100][800/1230]	Loss_C: 0.0064
[178/100][900/1230]	Loss_C: 0.0001
[178/100][1000/1230]	Loss_C: 0.0009
[178/100][1100/1230]	Loss_C: 0.0332
[178/100][1200/1230]	Loss_C: 0.0010
Time taken for Epoch 178: 10.67s
[179/100][100/1230]	Loss_C: 0.0034
[179/100][200/1230]	Loss_C: 0.0003
[179/100][300/1230]	Loss_C: 0.0001
[179/100][400/1230]	Loss_C: 0.0021
[179/100][500/1230]	Loss_C: 0.0011
[179/100][600/1230]	Loss_C: 0.0004
[179/100][700/1230]	Loss_C: 0.0010
[179/100][800/1230]	Loss_C: 0.0008
[179/100][900/1230]	Loss_C: 0.0016
[179/100][1000/1230]	Loss_C: 0.0051
[179/100][1100/1230]	Loss_C: 0.0014
[179/100][1200/1230]	Loss_C: 0.0030
Time taken for Epoch 179: 10.75s
[180/100][100/1230]	Loss_C: 0.0099
[180/100][200/1230]	Loss_C: 0.0006
[180/100][300/1230]	Loss_C: 0.0026
[180/100][400/1230]	Loss_C: 0.0011
[180/100][500/1230]	Loss_C: 0.0013
[180/100][600/1230]	Loss_C: 0.0166
[180/100][700/1230]	Loss_C: 0.0023
[180/100][800/1230]	Loss_C: 0.0091
[180/100][900/1230]	Loss_C: 0.0035
[180/100][1000/1230]	Loss_C: 0.0007
[180/100][1100/1230]	Loss_C: 0.0004
[180/100][1200/1230]	Loss_C: 0.0035
Time taken for Epoch 180: 10.54s
[181/100][100/1230]	Loss_C: 0.0003
[181/100][200/1230]	Loss_C: 0.0010
[181/100][300/1230]	Loss_C: 0.0081
[181/100][400/1230]	Loss_C: 0.0001
[181/100][500/1230]	Loss_C: 0.0001
[181/100][600/1230]	Loss_C: 0.0126
[181/100][700/1230]	Loss_C: 0.0001
[181/100][800/1230]	Loss_C: 0.0248
[181/100][900/1230]	Loss_C: 0.0101
[181/100][1000/1230]	Loss_C: 0.0005
[181/100][1100/1230]	Loss_C: 0.0012
[181/100][1200/1230]	Loss_C: 0.0105
Time taken for Epoch 181: 10.71s
[182/100][100/1230]	Loss_C: 0.0005
[182/100][200/1230]	Loss_C: 0.0022
[182/100][300/1230]	Loss_C: 0.0019
[182/100][400/1230]	Loss_C: 0.0001
[182/100][500/1230]	Loss_C: 0.0006
[182/100][600/1230]	Loss_C: 0.0002
[182/100][700/1230]	Loss_C: 0.0085
[182/100][800/1230]	Loss_C: 0.0004
[182/100][900/1230]	Loss_C: 0.0005
[182/100][1000/1230]	Loss_C: 0.0097
[182/100][1100/1230]	Loss_C: 0.0002
[182/100][1200/1230]	Loss_C: 0.0006
Time taken for Epoch 182: 10.78s
[183/100][100/1230]	Loss_C: 0.0022
[183/100][200/1230]	Loss_C: 0.0017
[183/100][300/1230]	Loss_C: 0.0083
[183/100][400/1230]	Loss_C: 0.0005
[183/100][500/1230]	Loss_C: 0.0008
[183/100][600/1230]	Loss_C: 0.0006
[183/100][700/1230]	Loss_C: 0.0002
[183/100][800/1230]	Loss_C: 0.0025
[183/100][900/1230]	Loss_C: 0.0004
[183/100][1000/1230]	Loss_C: 0.0349
[183/100][1100/1230]	Loss_C: 0.0031
[183/100][1200/1230]	Loss_C: 0.0006
Time taken for Epoch 183: 10.65s
[184/100][100/1230]	Loss_C: 0.0001
[184/100][200/1230]	Loss_C: 0.0006
[184/100][300/1230]	Loss_C: 0.0001
[184/100][400/1230]	Loss_C: 0.0003
[184/100][500/1230]	Loss_C: 0.0010
[184/100][600/1230]	Loss_C: 0.0008
[184/100][700/1230]	Loss_C: 0.0014
[184/100][800/1230]	Loss_C: 0.0006
[184/100][900/1230]	Loss_C: 0.0017
[184/100][1000/1230]	Loss_C: 0.0025
[184/100][1100/1230]	Loss_C: 0.0013
[184/100][1200/1230]	Loss_C: 0.0010
Time taken for Epoch 184: 10.97s
[185/100][100/1230]	Loss_C: 0.0017
[185/100][200/1230]	Loss_C: 0.0113
[185/100][300/1230]	Loss_C: 0.0002
[185/100][400/1230]	Loss_C: 0.0055
[185/100][500/1230]	Loss_C: 0.0323
[185/100][600/1230]	Loss_C: 0.0152
[185/100][700/1230]	Loss_C: 0.0245
[185/100][800/1230]	Loss_C: 0.0093
[185/100][900/1230]	Loss_C: 0.0010
[185/100][1000/1230]	Loss_C: 0.0037
[185/100][1100/1230]	Loss_C: 0.0002
[185/100][1200/1230]	Loss_C: 0.0037
Time taken for Epoch 185: 11.84s
[186/100][100/1230]	Loss_C: 0.0308
[186/100][200/1230]	Loss_C: 0.0075
[186/100][300/1230]	Loss_C: 0.0033
[186/100][400/1230]	Loss_C: 0.0216
[186/100][500/1230]	Loss_C: 0.0001
[186/100][600/1230]	Loss_C: 0.0005
[186/100][700/1230]	Loss_C: 0.0019
[186/100][800/1230]	Loss_C: 0.0766
[186/100][900/1230]	Loss_C: 0.0003
[186/100][1000/1230]	Loss_C: 0.0008
[186/100][1100/1230]	Loss_C: 0.0004
[186/100][1200/1230]	Loss_C: 0.0019
Time taken for Epoch 186: 10.94s
[187/100][100/1230]	Loss_C: 0.0002
[187/100][200/1230]	Loss_C: 0.0001
[187/100][300/1230]	Loss_C: 0.0003
[187/100][400/1230]	Loss_C: 0.0013
[187/100][500/1230]	Loss_C: 0.0040
[187/100][600/1230]	Loss_C: 0.0034
[187/100][700/1230]	Loss_C: 0.0005
[187/100][800/1230]	Loss_C: 0.0002
[187/100][900/1230]	Loss_C: 0.0003
[187/100][1000/1230]	Loss_C: 0.0068
[187/100][1100/1230]	Loss_C: 0.0005
[187/100][1200/1230]	Loss_C: 0.0007
Time taken for Epoch 187: 9.33s
[188/100][100/1230]	Loss_C: 0.0000
[188/100][200/1230]	Loss_C: 0.0027
[188/100][300/1230]	Loss_C: 0.0038
[188/100][400/1230]	Loss_C: 0.0002
[188/100][500/1230]	Loss_C: 0.0005
[188/100][600/1230]	Loss_C: 0.0001
[188/100][700/1230]	Loss_C: 0.0061
[188/100][800/1230]	Loss_C: 0.0002
[188/100][900/1230]	Loss_C: 0.0289
[188/100][1000/1230]	Loss_C: 0.0008
[188/100][1100/1230]	Loss_C: 0.0006
[188/100][1200/1230]	Loss_C: 0.0114
Time taken for Epoch 188: 10.02s
[189/100][100/1230]	Loss_C: 0.0005
[189/100][200/1230]	Loss_C: 0.0010
[189/100][300/1230]	Loss_C: 0.0008
[189/100][400/1230]	Loss_C: 0.0008
[189/100][500/1230]	Loss_C: 0.0038
[189/100][600/1230]	Loss_C: 0.0025
[189/100][700/1230]	Loss_C: 0.0065
[189/100][800/1230]	Loss_C: 0.0057
[189/100][900/1230]	Loss_C: 0.0037
[189/100][1000/1230]	Loss_C: 0.0019
[189/100][1100/1230]	Loss_C: 0.0054
[189/100][1200/1230]	Loss_C: 0.0007
Time taken for Epoch 189: 11.39s
[190/100][100/1230]	Loss_C: 0.0008
[190/100][200/1230]	Loss_C: 0.0051
[190/100][300/1230]	Loss_C: 0.0001
[190/100][400/1230]	Loss_C: 0.0001
[190/100][500/1230]	Loss_C: 0.0237
[190/100][600/1230]	Loss_C: 0.0005
[190/100][700/1230]	Loss_C: 0.0002
[190/100][800/1230]	Loss_C: 0.0009
[190/100][900/1230]	Loss_C: 0.0024
[190/100][1000/1230]	Loss_C: 0.0002
[190/100][1100/1230]	Loss_C: 0.0084
[190/100][1200/1230]	Loss_C: 0.0001
Time taken for Epoch 190: 11.18s
[191/100][100/1230]	Loss_C: 0.0008
[191/100][200/1230]	Loss_C: 0.0015
[191/100][300/1230]	Loss_C: 0.0004
[191/100][400/1230]	Loss_C: 0.0004
[191/100][500/1230]	Loss_C: 0.0006
[191/100][600/1230]	Loss_C: 0.0009
[191/100][700/1230]	Loss_C: 0.0018
[191/100][800/1230]	Loss_C: 0.0375
[191/100][900/1230]	Loss_C: 0.0006
[191/100][1000/1230]	Loss_C: 0.0016
[191/100][1100/1230]	Loss_C: 0.0022
[191/100][1200/1230]	Loss_C: 0.0324
Time taken for Epoch 191: 10.73s
[192/100][100/1230]	Loss_C: 0.0064
[192/100][200/1230]	Loss_C: 0.0171
[192/100][300/1230]	Loss_C: 0.0003
[192/100][400/1230]	Loss_C: 0.0002
[192/100][500/1230]	Loss_C: 0.0002
[192/100][600/1230]	Loss_C: 0.0030
[192/100][700/1230]	Loss_C: 0.0005
[192/100][800/1230]	Loss_C: 0.0041
[192/100][900/1230]	Loss_C: 0.0053
[192/100][1000/1230]	Loss_C: 0.0001
[192/100][1100/1230]	Loss_C: 0.0003
[192/100][1200/1230]	Loss_C: 0.0037
Time taken for Epoch 192: 10.92s
[193/100][100/1230]	Loss_C: 0.0027
[193/100][200/1230]	Loss_C: 0.0001
[193/100][300/1230]	Loss_C: 0.0017
[193/100][400/1230]	Loss_C: 0.0223
[193/100][500/1230]	Loss_C: 0.0012
[193/100][600/1230]	Loss_C: 0.0031
[193/100][700/1230]	Loss_C: 0.0006
[193/100][800/1230]	Loss_C: 0.0394
[193/100][900/1230]	Loss_C: 0.0028
[193/100][1000/1230]	Loss_C: 0.0082
[193/100][1100/1230]	Loss_C: 0.0400
[193/100][1200/1230]	Loss_C: 0.0609
Time taken for Epoch 193: 10.67s
[194/100][100/1230]	Loss_C: 0.0054
[194/100][200/1230]	Loss_C: 0.0010
[194/100][300/1230]	Loss_C: 0.0040
[194/100][400/1230]	Loss_C: 0.0160
[194/100][500/1230]	Loss_C: 0.0007
[194/100][600/1230]	Loss_C: 0.0011
[194/100][700/1230]	Loss_C: 0.0292
[194/100][800/1230]	Loss_C: 0.0003
[194/100][900/1230]	Loss_C: 0.0017
[194/100][1000/1230]	Loss_C: 0.0030
[194/100][1100/1230]	Loss_C: 0.0004
[194/100][1200/1230]	Loss_C: 0.0125
Time taken for Epoch 194: 10.78s
[195/100][100/1230]	Loss_C: 0.0101
[195/100][200/1230]	Loss_C: 0.0199
[195/100][300/1230]	Loss_C: 0.0005
[195/100][400/1230]	Loss_C: 0.0002
[195/100][500/1230]	Loss_C: 0.0033
[195/100][600/1230]	Loss_C: 0.0004
[195/100][700/1230]	Loss_C: 0.0020
[195/100][800/1230]	Loss_C: 0.0019
[195/100][900/1230]	Loss_C: 0.0006
[195/100][1000/1230]	Loss_C: 0.0003
[195/100][1100/1230]	Loss_C: 0.0025
[195/100][1200/1230]	Loss_C: 0.0005
Time taken for Epoch 195: 10.68s
[196/100][100/1230]	Loss_C: 0.0036
[196/100][200/1230]	Loss_C: 0.0346
[196/100][300/1230]	Loss_C: 0.0040
[196/100][400/1230]	Loss_C: 0.0021
[196/100][500/1230]	Loss_C: 0.0131
[196/100][600/1230]	Loss_C: 0.0007
[196/100][700/1230]	Loss_C: 0.0011
[196/100][800/1230]	Loss_C: 0.0003
[196/100][900/1230]	Loss_C: 0.0611
[196/100][1000/1230]	Loss_C: 0.0016
[196/100][1100/1230]	Loss_C: 0.0012
[196/100][1200/1230]	Loss_C: 0.0017
Time taken for Epoch 196: 10.59s
[197/100][100/1230]	Loss_C: 0.0008
[197/100][200/1230]	Loss_C: 0.0018
[197/100][300/1230]	Loss_C: 0.0001
[197/100][400/1230]	Loss_C: 0.0004
[197/100][500/1230]	Loss_C: 0.0005
[197/100][600/1230]	Loss_C: 0.0006
[197/100][700/1230]	Loss_C: 0.0002
[197/100][800/1230]	Loss_C: 0.0014
[197/100][900/1230]	Loss_C: 0.0526
[197/100][1000/1230]	Loss_C: 0.0012
[197/100][1100/1230]	Loss_C: 0.0102
[197/100][1200/1230]	Loss_C: 0.0005
Time taken for Epoch 197: 10.63s
[198/100][100/1230]	Loss_C: 0.0042
[198/100][200/1230]	Loss_C: 0.0036
[198/100][300/1230]	Loss_C: 0.0436
[198/100][400/1230]	Loss_C: 0.0346
[198/100][500/1230]	Loss_C: 0.0211
[198/100][600/1230]	Loss_C: 0.0013
[198/100][700/1230]	Loss_C: 0.0023
[198/100][800/1230]	Loss_C: 0.0025
[198/100][900/1230]	Loss_C: 0.0032
[198/100][1000/1230]	Loss_C: 0.0090
[198/100][1100/1230]	Loss_C: 0.0062
[198/100][1200/1230]	Loss_C: 0.0003
Time taken for Epoch 198: 10.88s
[199/100][100/1230]	Loss_C: 0.0428
[199/100][200/1230]	Loss_C: 0.0007
[199/100][300/1230]	Loss_C: 0.0033
[199/100][400/1230]	Loss_C: 0.0006
[199/100][500/1230]	Loss_C: 0.0033
[199/100][600/1230]	Loss_C: 0.0002
[199/100][700/1230]	Loss_C: 0.0018
[199/100][800/1230]	Loss_C: 0.0004
[199/100][900/1230]	Loss_C: 0.0007
[199/100][1000/1230]	Loss_C: 0.0002
[199/100][1100/1230]	Loss_C: 0.0013
[199/100][1200/1230]	Loss_C: 0.0031
Time taken for Epoch 199: 10.68s
[200/100][100/1230]	Loss_C: 0.0065
[200/100][200/1230]	Loss_C: 0.0005
[200/100][300/1230]	Loss_C: 0.0207
[200/100][400/1230]	Loss_C: 0.0005
[200/100][500/1230]	Loss_C: 0.0031
[200/100][600/1230]	Loss_C: 0.0001
[200/100][700/1230]	Loss_C: 0.0053
[200/100][800/1230]	Loss_C: 0.0013
[200/100][900/1230]	Loss_C: 0.0000
[200/100][1000/1230]	Loss_C: 0.0000
[200/100][1100/1230]	Loss_C: 0.0003
[200/100][1200/1230]	Loss_C: 0.0004
Time taken for Epoch 200: 10.60s
--------------------------------------------------
Training finished!
Total Time for Training: 35.69m
--------------------------------------------------
