nohup: ignoring input
Random Seed:  2048
cuda:0  will be used.

Generator(
  (gen): Sequential(
    (0): Linear(in_features=259, out_features=256, bias=True)
    (1): ReLU(inplace=True)
    (2): Linear(in_features=256, out_features=256, bias=True)
    (3): ReLU(inplace=True)
    (4): Linear(in_features=256, out_features=1024, bias=True)
    (5): Tanh()
  )
)
Discriminator(
  (dis): Sequential(
    (0): Linear(in_features=1024, out_features=512, bias=True)
    (1): LeakyReLU(negative_slope=0.2)
    (2): Linear(in_features=512, out_features=256, bias=True)
    (3): LeakyReLU(negative_slope=0.2)
    (4): Linear(in_features=256, out_features=256, bias=True)
    (5): LeakyReLU(negative_slope=0.2)
    (6): Linear(in_features=256, out_features=128, bias=True)
    (7): Sigmoid()
  )
)
DHead(
  (dis): Linear(in_features=128, out_features=1, bias=True)
)
QHead(
  (disc): Linear(in_features=128, out_features=4, bias=True)
  (mu): Linear(in_features=128, out_features=8, bias=True)
  (var): Linear(in_features=128, out_features=8, bias=True)
)
-------------------------
Starting Training Loop...

Epochs: 100
Dataset: TEXBAT
Batch Size: 128
Length of Data Loader: 1230
-------------------------
[1/100][100/1230]	Loss_D: 0.7618	Loss_G: 2.8169
[1/100][200/1230]	Loss_D: 0.0611	Loss_G: 4.5604
[1/100][300/1230]	Loss_D: -0.1660	Loss_G: 4.9270
[1/100][400/1230]	Loss_D: -0.8237	Loss_G: 4.8712
[1/100][500/1230]	Loss_D: -0.2123	Loss_G: 2.4725
[1/100][600/1230]	Loss_D: -1.7139	Loss_G: 3.3744
[1/100][700/1230]	Loss_D: -2.4400	Loss_G: 4.3362
[1/100][800/1230]	Loss_D: -4.6339	Loss_G: 4.4819
[1/100][900/1230]	Loss_D: -3.6243	Loss_G: 9.9758
[1/100][1000/1230]	Loss_D: 6.8699	Loss_G: 1.1087
[1/100][1100/1230]	Loss_D: 4.7905	Loss_G: 5.0057
[1/100][1200/1230]	Loss_D: -2.8137	Loss_G: 4.5674
Time taken for Epoch 1: 16.56s
[2/100][100/1230]	Loss_D: -2.8387	Loss_G: 4.1366
[2/100][200/1230]	Loss_D: -3.7315	Loss_G: 3.9626
[2/100][300/1230]	Loss_D: -3.4300	Loss_G: 3.8908
[2/100][400/1230]	Loss_D: -4.4202	Loss_G: 3.8342
[2/100][500/1230]	Loss_D: -4.1317	Loss_G: 3.7931
[2/100][600/1230]	Loss_D: -5.3600	Loss_G: 3.7861
[2/100][700/1230]	Loss_D: -4.9911	Loss_G: 3.7824
[2/100][800/1230]	Loss_D: -5.8882	Loss_G: 3.7566
[2/100][900/1230]	Loss_D: -39.1598	Loss_G: 4.2567
[2/100][1000/1230]	Loss_D: -39.4099	Loss_G: 4.6177
[2/100][1100/1230]	Loss_D: -29.2408	Loss_G: 4.8894
[2/100][1200/1230]	Loss_D: -37.8288	Loss_G: 5.1277
Time taken for Epoch 2: 15.95s
[3/100][100/1230]	Loss_D: -32.1096	Loss_G: 5.3594
[3/100][200/1230]	Loss_D: -33.1467	Loss_G: 5.5221
[3/100][300/1230]	Loss_D: -30.0069	Loss_G: 5.6620
[3/100][400/1230]	Loss_D: -32.3261	Loss_G: 5.8006
[3/100][500/1230]	Loss_D: -28.7847	Loss_G: 5.9270
[3/100][600/1230]	Loss_D: -38.2712	Loss_G: 6.0386
[3/100][700/1230]	Loss_D: -35.2724	Loss_G: 6.1468
[3/100][800/1230]	Loss_D: -34.4902	Loss_G: 6.2377
[3/100][900/1230]	Loss_D: -31.1767	Loss_G: 6.3172
[3/100][1000/1230]	Loss_D: -26.9292	Loss_G: 6.4006
[3/100][1100/1230]	Loss_D: -34.4621	Loss_G: 6.4759
[3/100][1200/1230]	Loss_D: -33.5801	Loss_G: 6.5405
Time taken for Epoch 3: 15.94s
[4/100][100/1230]	Loss_D: -1.7510	Loss_G: 5.8941
[4/100][200/1230]	Loss_D: -28.3624	Loss_G: 5.8699
[4/100][300/1230]	Loss_D: -25.9117	Loss_G: 6.0372
[4/100][400/1230]	Loss_D: -34.3608	Loss_G: 6.2086
[4/100][500/1230]	Loss_D: -39.3342	Loss_G: 6.3784
[4/100][600/1230]	Loss_D: -30.4599	Loss_G: 6.5355
[4/100][700/1230]	Loss_D: -39.8371	Loss_G: 6.6633
[4/100][800/1230]	Loss_D: -31.2435	Loss_G: 6.7996
[4/100][900/1230]	Loss_D: -36.7131	Loss_G: 6.8750
[4/100][1000/1230]	Loss_D: -28.1197	Loss_G: 6.9523
[4/100][1100/1230]	Loss_D: -32.9326	Loss_G: 7.0427
[4/100][1200/1230]	Loss_D: -33.6510	Loss_G: 7.0769
Time taken for Epoch 4: 16.13s
[5/100][100/1230]	Loss_D: -43.8712	Loss_G: 7.4461
[5/100][200/1230]	Loss_D: -31.5568	Loss_G: 7.4186
[5/100][300/1230]	Loss_D: -35.4420	Loss_G: 7.7137
[5/100][400/1230]	Loss_D: -22.8943	Loss_G: 7.6927
[5/100][500/1230]	Loss_D: -37.4977	Loss_G: 7.7410
[5/100][600/1230]	Loss_D: -26.4777	Loss_G: 7.9297
[5/100][700/1230]	Loss_D: -32.0294	Loss_G: 7.8216
[5/100][800/1230]	Loss_D: -21.0918	Loss_G: 7.8462
[5/100][900/1230]	Loss_D: -30.4670	Loss_G: 7.8430
[5/100][1000/1230]	Loss_D: -32.8110	Loss_G: 7.8680
[5/100][1100/1230]	Loss_D: -30.5913	Loss_G: 7.8558
[5/100][1200/1230]	Loss_D: -40.6072	Loss_G: 7.8631
Time taken for Epoch 5: 15.97s
[6/100][100/1230]	Loss_D: -28.1233	Loss_G: 7.9153
[6/100][200/1230]	Loss_D: -32.7929	Loss_G: 8.2597
[6/100][300/1230]	Loss_D: -33.8120	Loss_G: 8.2168
[6/100][400/1230]	Loss_D: -30.4777	Loss_G: 9.1980
[6/100][500/1230]	Loss_D: -33.5907	Loss_G: 8.6786
[6/100][600/1230]	Loss_D: -25.4938	Loss_G: 8.8172
[6/100][700/1230]	Loss_D: -32.0396	Loss_G: 8.7879
[6/100][800/1230]	Loss_D: -31.2492	Loss_G: 8.7178
[6/100][900/1230]	Loss_D: -30.4201	Loss_G: 9.3777
[6/100][1000/1230]	Loss_D: -35.1380	Loss_G: 8.7571
[6/100][1100/1230]	Loss_D: -35.9359	Loss_G: 8.7600
[6/100][1200/1230]	Loss_D: -28.1243	Loss_G: 8.7984
Time taken for Epoch 6: 16.10s
[7/100][100/1230]	Loss_D: -35.3415	Loss_G: 8.7908
[7/100][200/1230]	Loss_D: -23.4291	Loss_G: 8.7840
[7/100][300/1230]	Loss_D: -33.6960	Loss_G: 8.7313
[7/100][400/1230]	Loss_D: -33.5929	Loss_G: 8.7663
[7/100][500/1230]	Loss_D: -26.5462	Loss_G: 8.7302
[7/100][600/1230]	Loss_D: -35.1938	Loss_G: 8.7665
[7/100][700/1230]	Loss_D: -35.9350	Loss_G: 8.9012
[7/100][800/1230]	Loss_D: -30.4612	Loss_G: 8.9227
[7/100][900/1230]	Loss_D: -35.1378	Loss_G: 8.8519
[7/100][1000/1230]	Loss_D: -32.7852	Loss_G: 8.8161
[7/100][1100/1230]	Loss_D: -27.5514	Loss_G: 8.6881
[7/100][1200/1230]	Loss_D: -21.2263	Loss_G: 7.4996
Time taken for Epoch 7: 15.75s
[8/100][100/1230]	Loss_D: -28.9217	Loss_G: 8.1308
[8/100][200/1230]	Loss_D: -26.5562	Loss_G: 8.4580
[8/100][300/1230]	Loss_D: -26.6858	Loss_G: 8.9050
[8/100][400/1230]	Loss_D: -35.9366	Loss_G: 8.7140
[8/100][500/1230]	Loss_D: -39.0570	Loss_G: 8.2111
[8/100][600/1230]	Loss_D: -28.4655	Loss_G: 8.8425
[8/100][700/1230]	Loss_D: -32.9222	Loss_G: 8.9268
[8/100][800/1230]	Loss_D: -32.1427	Loss_G: 8.9715
[8/100][900/1230]	Loss_D: -27.3432	Loss_G: 9.0324
[8/100][1000/1230]	Loss_D: -37.6240	Loss_G: 9.0347
[8/100][1100/1230]	Loss_D: -39.0620	Loss_G: 9.5038
[8/100][1200/1230]	Loss_D: -39.0621	Loss_G: 9.2051
Time taken for Epoch 8: 15.85s
[9/100][100/1230]	Loss_D: -35.9366	Loss_G: 9.3294
[9/100][200/1230]	Loss_D: -33.5744	Loss_G: 9.3353
[9/100][300/1230]	Loss_D: -36.6000	Loss_G: 9.3455
[9/100][400/1230]	Loss_D: -36.6728	Loss_G: 9.6028
[9/100][500/1230]	Loss_D: -31.3706	Loss_G: 9.3799
[9/100][600/1230]	Loss_D: -30.4664	Loss_G: 9.5408
[9/100][700/1230]	Loss_D: -33.5930	Loss_G: 9.7000
[9/100][800/1230]	Loss_D: -31.2330	Loss_G: 9.6111
[9/100][900/1230]	Loss_D: -39.8420	Loss_G: 9.6726
[9/100][1000/1230]	Loss_D: -35.9371	Loss_G: 9.7015
[9/100][1100/1230]	Loss_D: -33.5934	Loss_G: 9.7782
[9/100][1200/1230]	Loss_D: -27.4287	Loss_G: 9.8625
Time taken for Epoch 9: 15.86s
[10/100][100/1230]	Loss_D: -28.0242	Loss_G: 9.6933
[10/100][200/1230]	Loss_D: -39.5102	Loss_G: 9.4686
[10/100][300/1230]	Loss_D: -22.2622	Loss_G: 8.5556
[10/100][400/1230]	Loss_D: -32.7896	Loss_G: 7.4834
[10/100][500/1230]	Loss_D: -26.7573	Loss_G: 10.2474
[10/100][600/1230]	Loss_D: -38.3808	Loss_G: 10.1081
[10/100][700/1230]	Loss_D: -37.4978	Loss_G: 10.0526
[10/100][800/1230]	Loss_D: -36.7181	Loss_G: 9.9550
[10/100][900/1230]	Loss_D: -32.8719	Loss_G: 9.9908
[10/100][1000/1230]	Loss_D: -35.9849	Loss_G: 10.5974
[10/100][1100/1230]	Loss_D: -33.5018	Loss_G: 10.0297
[10/100][1200/1230]	Loss_D: -30.4685	Loss_G: 10.0126
Time taken for Epoch 10: 15.67s
[11/100][100/1230]	Loss_D: -33.5934	Loss_G: 9.8612
[11/100][200/1230]	Loss_D: -38.2803	Loss_G: 9.6220
[11/100][300/1230]	Loss_D: -37.4997	Loss_G: 9.7644
[11/100][400/1230]	Loss_D: -42.2972	Loss_G: 9.7634
[11/100][500/1230]	Loss_D: -28.2252	Loss_G: 10.3318
[11/100][600/1230]	Loss_D: -36.0282	Loss_G: 10.7101
[11/100][700/1230]	Loss_D: -31.2835	Loss_G: 9.0048
[11/100][800/1230]	Loss_D: -32.0875	Loss_G: 9.5179
[11/100][900/1230]	Loss_D: -33.6097	Loss_G: 9.7761
[11/100][1000/1230]	Loss_D: -38.2372	Loss_G: 9.0792
[11/100][1100/1230]	Loss_D: -31.3705	Loss_G: 8.9391
[11/100][1200/1230]	Loss_D: -34.3729	Loss_G: 8.7613
Time taken for Epoch 11: 15.86s
[12/100][100/1230]	Loss_D: -29.6426	Loss_G: 9.7685
[12/100][200/1230]	Loss_D: -27.4490	Loss_G: 16.0476
[12/100][300/1230]	Loss_D: -35.8912	Loss_G: 14.4173
[12/100][400/1230]	Loss_D: -28.2777	Loss_G: 12.2579
[12/100][500/1230]	Loss_D: -32.8237	Loss_G: 10.1867
[12/100][600/1230]	Loss_D: -34.3397	Loss_G: 8.4321
[12/100][700/1230]	Loss_D: -31.3195	Loss_G: 12.9036
[12/100][800/1230]	Loss_D: -32.1453	Loss_G: 10.7865
[12/100][900/1230]	Loss_D: -36.7769	Loss_G: 13.4554
[12/100][1000/1230]	Loss_D: -30.4634	Loss_G: 7.7088
[12/100][1100/1230]	Loss_D: -31.4269	Loss_G: 7.8452
[12/100][1200/1230]	Loss_D: -30.4337	Loss_G: 7.1523
Time taken for Epoch 12: 15.78s
[13/100][100/1230]	Loss_D: -26.9470	Loss_G: 17.6854
[13/100][200/1230]	Loss_D: -38.2807	Loss_G: 13.4678
[13/100][300/1230]	Loss_D: -36.6652	Loss_G: 8.5599
[13/100][400/1230]	Loss_D: -28.2669	Loss_G: 17.7399
[13/100][500/1230]	Loss_D: -28.7640	Loss_G: 10.6156
[13/100][600/1230]	Loss_D: -39.8396	Loss_G: 10.2701
[13/100][700/1230]	Loss_D: -33.5368	Loss_G: 8.9616
[13/100][800/1230]	Loss_D: -41.4024	Loss_G: 10.2534
[13/100][900/1230]	Loss_D: -35.0172	Loss_G: 9.6549
[13/100][1000/1230]	Loss_D: -36.6489	Loss_G: 12.1047
[13/100][1100/1230]	Loss_D: -31.1452	Loss_G: 7.0688
[13/100][1200/1230]	Loss_D: -28.9028	Loss_G: 9.6998
Time taken for Epoch 13: 15.69s
[14/100][100/1230]	Loss_D: -37.4694	Loss_G: 9.6384
[14/100][200/1230]	Loss_D: -43.6790	Loss_G: 9.2765
[14/100][300/1230]	Loss_D: -30.4551	Loss_G: 10.6366
[14/100][400/1230]	Loss_D: -32.8101	Loss_G: 9.3002
[14/100][500/1230]	Loss_D: -29.7325	Loss_G: 9.5294
[14/100][600/1230]	Loss_D: -33.5914	Loss_G: 11.9832
[14/100][700/1230]	Loss_D: -30.4682	Loss_G: 9.9084
[14/100][800/1230]	Loss_D: -35.9171	Loss_G: 10.0271
[14/100][900/1230]	Loss_D: -37.5666	Loss_G: 10.3879
[14/100][1000/1230]	Loss_D: -30.4642	Loss_G: 9.8587
[14/100][1100/1230]	Loss_D: -37.5381	Loss_G: 9.0478
[14/100][1200/1230]	Loss_D: -37.4441	Loss_G: 10.0691
Time taken for Epoch 14: 15.76s
[15/100][100/1230]	Loss_D: -30.5783	Loss_G: 8.1950
[15/100][200/1230]	Loss_D: -28.1118	Loss_G: 9.6730
[15/100][300/1230]	Loss_D: -27.3373	Loss_G: 9.9809
[15/100][400/1230]	Loss_D: -25.9207	Loss_G: 10.4924
[15/100][500/1230]	Loss_D: -38.2852	Loss_G: 10.8001
[15/100][600/1230]	Loss_D: -35.7875	Loss_G: 9.5012
[15/100][700/1230]	Loss_D: -36.9222	Loss_G: 8.9486
[15/100][800/1230]	Loss_D: -30.5742	Loss_G: 7.9316
[15/100][900/1230]	Loss_D: -35.1561	Loss_G: 14.6135
[15/100][1000/1230]	Loss_D: -32.0119	Loss_G: 7.1543
[15/100][1100/1230]	Loss_D: -32.0277	Loss_G: 7.7340
[15/100][1200/1230]	Loss_D: -34.2624	Loss_G: 7.7052
Time taken for Epoch 15: 15.83s
[16/100][100/1230]	Loss_D: -42.0842	Loss_G: 11.9256
[16/100][200/1230]	Loss_D: -36.7838	Loss_G: 9.8797
[16/100][300/1230]	Loss_D: -32.5377	Loss_G: 8.9064
[16/100][400/1230]	Loss_D: -28.1121	Loss_G: 11.1114
[16/100][500/1230]	Loss_D: -30.6031	Loss_G: 8.7878
[16/100][600/1230]	Loss_D: -31.2757	Loss_G: 10.8810
[16/100][700/1230]	Loss_D: -39.0548	Loss_G: 6.9949
[16/100][800/1230]	Loss_D: -32.8045	Loss_G: 12.4624
[16/100][900/1230]	Loss_D: -29.0328	Loss_G: 10.4868
[16/100][1000/1230]	Loss_D: -29.5616	Loss_G: 9.4225
[16/100][1100/1230]	Loss_D: -28.1820	Loss_G: 13.9889
[16/100][1200/1230]	Loss_D: -39.1661	Loss_G: 10.2838
Time taken for Epoch 16: 15.64s
[17/100][100/1230]	Loss_D: -35.1421	Loss_G: 7.0318
[17/100][200/1230]	Loss_D: -39.9638	Loss_G: 9.0077
[17/100][300/1230]	Loss_D: -34.9503	Loss_G: 9.1800
[17/100][400/1230]	Loss_D: -33.5048	Loss_G: 8.7792
[17/100][500/1230]	Loss_D: -29.6644	Loss_G: 9.7868
[17/100][600/1230]	Loss_D: -28.0209	Loss_G: 7.9995
[17/100][700/1230]	Loss_D: -33.5569	Loss_G: 10.2365
[17/100][800/1230]	Loss_D: -31.2451	Loss_G: 7.5969
[17/100][900/1230]	Loss_D: -37.4908	Loss_G: 11.5010
[17/100][1000/1230]	Loss_D: -38.2744	Loss_G: 7.6129
[17/100][1100/1230]	Loss_D: -42.9680	Loss_G: 10.1839
[17/100][1200/1230]	Loss_D: -32.0475	Loss_G: 13.0018
Time taken for Epoch 17: 15.92s
[18/100][100/1230]	Loss_D: -34.3977	Loss_G: 12.5500
[18/100][200/1230]	Loss_D: -35.8656	Loss_G: 9.7367
[18/100][300/1230]	Loss_D: -30.4035	Loss_G: 11.3757
[18/100][400/1230]	Loss_D: -26.5413	Loss_G: 6.8547
[18/100][500/1230]	Loss_D: -31.3678	Loss_G: 7.4366
[18/100][600/1230]	Loss_D: -28.7337	Loss_G: 11.0648
[18/100][700/1230]	Loss_D: -28.8841	Loss_G: 8.9624
[18/100][800/1230]	Loss_D: -32.4964	Loss_G: 11.3399
[18/100][900/1230]	Loss_D: -35.8934	Loss_G: 15.9841
[18/100][1000/1230]	Loss_D: -32.0720	Loss_G: 8.2716
[18/100][1100/1230]	Loss_D: -38.2393	Loss_G: 13.7862
[18/100][1200/1230]	Loss_D: -39.2124	Loss_G: 9.5372
Time taken for Epoch 18: 16.04s
[19/100][100/1230]	Loss_D: -26.6137	Loss_G: 11.7154
[19/100][200/1230]	Loss_D: -26.4997	Loss_G: 7.7080
[19/100][300/1230]	Loss_D: -34.3585	Loss_G: 8.4141
[19/100][400/1230]	Loss_D: -25.7271	Loss_G: 7.2817
[19/100][500/1230]	Loss_D: -31.1106	Loss_G: 12.4390
[19/100][600/1230]	Loss_D: -26.6451	Loss_G: 7.6515
[19/100][700/1230]	Loss_D: -31.9304	Loss_G: 7.3914
[19/100][800/1230]	Loss_D: -34.4484	Loss_G: 7.7720
[19/100][900/1230]	Loss_D: -30.4616	Loss_G: 7.9542
[19/100][1000/1230]	Loss_D: -45.3150	Loss_G: 6.9162
[19/100][1100/1230]	Loss_D: -29.6791	Loss_G: 8.4738
[19/100][1200/1230]	Loss_D: -30.1395	Loss_G: 10.7314
Time taken for Epoch 19: 15.87s
[20/100][100/1230]	Loss_D: -36.7045	Loss_G: 10.3780
[20/100][200/1230]	Loss_D: -37.6754	Loss_G: 9.3973
[20/100][300/1230]	Loss_D: -28.9000	Loss_G: 10.2714
[20/100][400/1230]	Loss_D: -32.7181	Loss_G: 7.3662
[20/100][500/1230]	Loss_D: -33.3971	Loss_G: 9.0639
[20/100][600/1230]	Loss_D: -27.3510	Loss_G: 10.6965
[20/100][700/1230]	Loss_D: -26.3232	Loss_G: 9.4824
[20/100][800/1230]	Loss_D: -35.1314	Loss_G: 8.6999
[20/100][900/1230]	Loss_D: -32.1126	Loss_G: 9.9900
[20/100][1000/1230]	Loss_D: -33.0550	Loss_G: 10.7690
[20/100][1100/1230]	Loss_D: -30.8304	Loss_G: 10.3296
[20/100][1200/1230]	Loss_D: -25.9085	Loss_G: 9.0179
Time taken for Epoch 20: 15.69s
[21/100][100/1230]	Loss_D: -38.2794	Loss_G: 7.3052
[21/100][200/1230]	Loss_D: -32.0633	Loss_G: 7.3930
[21/100][300/1230]	Loss_D: -29.6375	Loss_G: 7.4834
[21/100][400/1230]	Loss_D: -30.4363	Loss_G: 7.8926
[21/100][500/1230]	Loss_D: -27.3736	Loss_G: 7.6518
[21/100][600/1230]	Loss_D: -38.8792	Loss_G: 7.8620
[21/100][700/1230]	Loss_D: -25.6849	Loss_G: 7.8056
[21/100][800/1230]	Loss_D: -29.7643	Loss_G: 10.4078
[21/100][900/1230]	Loss_D: -34.9395	Loss_G: 7.4637
[21/100][1000/1230]	Loss_D: -35.4724	Loss_G: 8.4296
[21/100][1100/1230]	Loss_D: -27.9183	Loss_G: 7.9819
[21/100][1200/1230]	Loss_D: -34.9562	Loss_G: 6.9815
Time taken for Epoch 21: 15.73s
[22/100][100/1230]	Loss_D: -32.9340	Loss_G: 6.9351
[22/100][200/1230]	Loss_D: -25.6946	Loss_G: 8.2051
[22/100][300/1230]	Loss_D: -26.2893	Loss_G: 9.5735
[22/100][400/1230]	Loss_D: -35.0551	Loss_G: 7.5048
[22/100][500/1230]	Loss_D: -31.8917	Loss_G: 8.5129
[22/100][600/1230]	Loss_D: -33.5382	Loss_G: 11.3841
[22/100][700/1230]	Loss_D: -31.1547	Loss_G: 6.5461
[22/100][800/1230]	Loss_D: -25.5899	Loss_G: 7.9844
[22/100][900/1230]	Loss_D: -36.0008	Loss_G: 5.9036
[22/100][1000/1230]	Loss_D: -31.2045	Loss_G: 8.5327
[22/100][1100/1230]	Loss_D: -34.1994	Loss_G: 8.0291
[22/100][1200/1230]	Loss_D: -31.3427	Loss_G: 7.0023
Time taken for Epoch 22: 15.60s
[23/100][100/1230]	Loss_D: -32.6722	Loss_G: 10.2032
[23/100][200/1230]	Loss_D: -33.4922	Loss_G: 6.9267
[23/100][300/1230]	Loss_D: -37.5097	Loss_G: 7.9241
[23/100][400/1230]	Loss_D: -25.4027	Loss_G: 9.2358
[23/100][500/1230]	Loss_D: -30.2447	Loss_G: 7.3913
[23/100][600/1230]	Loss_D: -32.0216	Loss_G: 9.0258
[23/100][700/1230]	Loss_D: -38.0389	Loss_G: 7.6315
[23/100][800/1230]	Loss_D: -36.7485	Loss_G: 11.7252
[23/100][900/1230]	Loss_D: -22.9953	Loss_G: 9.0970
[23/100][1000/1230]	Loss_D: -23.8218	Loss_G: 9.0074
[23/100][1100/1230]	Loss_D: -34.2429	Loss_G: 7.2420
[23/100][1200/1230]	Loss_D: -33.6591	Loss_G: 7.4098
Time taken for Epoch 23: 15.83s
[24/100][100/1230]	Loss_D: -39.0043	Loss_G: 8.6884
[24/100][200/1230]	Loss_D: -29.7866	Loss_G: 8.0706
[24/100][300/1230]	Loss_D: -36.0287	Loss_G: 7.6468
[24/100][400/1230]	Loss_D: -32.7595	Loss_G: 6.7266
[24/100][500/1230]	Loss_D: -24.1395	Loss_G: 9.1090
[24/100][600/1230]	Loss_D: -28.8629	Loss_G: 6.7515
[24/100][700/1230]	Loss_D: -34.3394	Loss_G: 8.4746
[24/100][800/1230]	Loss_D: -34.3728	Loss_G: 8.2135
[24/100][900/1230]	Loss_D: -24.3132	Loss_G: 6.7626
[24/100][1000/1230]	Loss_D: -25.5703	Loss_G: 8.7712
[24/100][1100/1230]	Loss_D: -28.7395	Loss_G: 7.3844
[24/100][1200/1230]	Loss_D: -24.0841	Loss_G: 8.7999
Time taken for Epoch 24: 15.57s
[25/100][100/1230]	Loss_D: -31.6381	Loss_G: 8.7603
[25/100][200/1230]	Loss_D: -27.3751	Loss_G: 8.8150
[25/100][300/1230]	Loss_D: -35.1715	Loss_G: 7.8976
[25/100][400/1230]	Loss_D: -29.0593	Loss_G: 8.1901
[25/100][500/1230]	Loss_D: -29.6163	Loss_G: 8.8514
[25/100][600/1230]	Loss_D: -31.0948	Loss_G: 7.6379
[25/100][700/1230]	Loss_D: -27.3380	Loss_G: 6.7862
[25/100][800/1230]	Loss_D: -32.6817	Loss_G: 7.6661
[25/100][900/1230]	Loss_D: -30.7710	Loss_G: 9.0960
[25/100][1000/1230]	Loss_D: -31.9711	Loss_G: 11.4432
[25/100][1100/1230]	Loss_D: -33.6161	Loss_G: 7.4998
[25/100][1200/1230]	Loss_D: -28.4734	Loss_G: 8.9417
Time taken for Epoch 25: 15.81s
[26/100][100/1230]	Loss_D: -35.1646	Loss_G: 7.7802
[26/100][200/1230]	Loss_D: -34.4163	Loss_G: 7.7691
[26/100][300/1230]	Loss_D: -26.7048	Loss_G: 8.0216
[26/100][400/1230]	Loss_D: -26.9533	Loss_G: 7.6360
[26/100][500/1230]	Loss_D: -30.4658	Loss_G: 8.0043
[26/100][600/1230]	Loss_D: -34.4028	Loss_G: 8.3501
[26/100][700/1230]	Loss_D: -27.9997	Loss_G: 8.7261
[26/100][800/1230]	Loss_D: -30.4810	Loss_G: 6.8772
[26/100][900/1230]	Loss_D: -32.1197	Loss_G: 6.4330
[26/100][1000/1230]	Loss_D: -31.5641	Loss_G: 10.2072
[26/100][1100/1230]	Loss_D: -29.6300	Loss_G: 6.6104
[26/100][1200/1230]	Loss_D: -26.5978	Loss_G: 8.2312
Time taken for Epoch 26: 15.94s
[27/100][100/1230]	Loss_D: -32.0339	Loss_G: 5.9040
[27/100][200/1230]	Loss_D: -47.7915	Loss_G: 7.9004
[27/100][300/1230]	Loss_D: -21.0069	Loss_G: 7.8333
[27/100][400/1230]	Loss_D: -36.3455	Loss_G: 9.4773
[27/100][500/1230]	Loss_D: -31.6785	Loss_G: 8.5963
[27/100][600/1230]	Loss_D: -24.9782	Loss_G: 7.1365
[27/100][700/1230]	Loss_D: -34.9691	Loss_G: 7.0563
[27/100][800/1230]	Loss_D: -30.2088	Loss_G: 7.0245
[27/100][900/1230]	Loss_D: -28.9526	Loss_G: 6.5045
[27/100][1000/1230]	Loss_D: -30.2815	Loss_G: 5.9703
[27/100][1100/1230]	Loss_D: -30.8501	Loss_G: 6.9956
[27/100][1200/1230]	Loss_D: -24.8521	Loss_G: 7.1252
Time taken for Epoch 27: 16.00s
[28/100][100/1230]	Loss_D: -34.1042	Loss_G: 6.8669
[28/100][200/1230]	Loss_D: -32.2938	Loss_G: 8.1847
[28/100][300/1230]	Loss_D: -25.2701	Loss_G: 7.2469
[28/100][400/1230]	Loss_D: -35.2422	Loss_G: 9.1282
[28/100][500/1230]	Loss_D: -30.5125	Loss_G: 6.1315
[28/100][600/1230]	Loss_D: -24.3205	Loss_G: 8.0420
[28/100][700/1230]	Loss_D: -28.0165	Loss_G: 6.6265
[28/100][800/1230]	Loss_D: -22.4614	Loss_G: 7.6580
[28/100][900/1230]	Loss_D: -30.1905	Loss_G: 6.9978
[28/100][1000/1230]	Loss_D: -29.7822	Loss_G: 6.3855
[28/100][1100/1230]	Loss_D: -29.9952	Loss_G: 7.3551
[28/100][1200/1230]	Loss_D: -30.4720	Loss_G: 7.5594
Time taken for Epoch 28: 16.03s
[29/100][100/1230]	Loss_D: -31.9111	Loss_G: 6.5692
[29/100][200/1230]	Loss_D: -34.1776	Loss_G: 6.1839
[29/100][300/1230]	Loss_D: -28.1594	Loss_G: 8.6840
[29/100][400/1230]	Loss_D: -28.9850	Loss_G: 10.4553
[29/100][500/1230]	Loss_D: -38.2668	Loss_G: 6.5367
[29/100][600/1230]	Loss_D: -25.6389	Loss_G: 8.9673
[29/100][700/1230]	Loss_D: -35.0784	Loss_G: 7.0841
[29/100][800/1230]	Loss_D: -25.8622	Loss_G: 6.3465
[29/100][900/1230]	Loss_D: -36.7605	Loss_G: 8.9783
[29/100][1000/1230]	Loss_D: -31.0550	Loss_G: 7.2273
[29/100][1100/1230]	Loss_D: -26.5493	Loss_G: 8.4143
[29/100][1200/1230]	Loss_D: -24.7270	Loss_G: 6.5992
Time taken for Epoch 29: 15.94s
[30/100][100/1230]	Loss_D: -26.4751	Loss_G: 6.9024
[30/100][200/1230]	Loss_D: -35.0660	Loss_G: 8.1185
[30/100][300/1230]	Loss_D: -25.9995	Loss_G: 6.9485
[30/100][400/1230]	Loss_D: -30.4516	Loss_G: 6.2656
[30/100][500/1230]	Loss_D: -31.9347	Loss_G: 7.3574
[30/100][600/1230]	Loss_D: -26.4632	Loss_G: 5.6173
[30/100][700/1230]	Loss_D: -24.1593	Loss_G: 5.7579
[30/100][800/1230]	Loss_D: -27.0790	Loss_G: 7.0531
[30/100][900/1230]	Loss_D: -35.8739	Loss_G: 8.5185
[30/100][1000/1230]	Loss_D: -28.0741	Loss_G: 5.8767
[30/100][1100/1230]	Loss_D: -26.9211	Loss_G: 6.0451
[30/100][1200/1230]	Loss_D: -28.0563	Loss_G: 5.5960
Time taken for Epoch 30: 15.76s
[31/100][100/1230]	Loss_D: -35.1311	Loss_G: 6.7041
[31/100][200/1230]	Loss_D: -24.2417	Loss_G: 6.3994
[31/100][300/1230]	Loss_D: -33.5770	Loss_G: 6.8801
[31/100][400/1230]	Loss_D: -30.3465	Loss_G: 6.2392
[31/100][500/1230]	Loss_D: -32.0287	Loss_G: 5.6172
[31/100][600/1230]	Loss_D: -29.6981	Loss_G: 6.6182
[31/100][700/1230]	Loss_D: -32.5864	Loss_G: 6.6989
[31/100][800/1230]	Loss_D: -33.6918	Loss_G: 6.0226
[31/100][900/1230]	Loss_D: -30.4016	Loss_G: 6.6757
[31/100][1000/1230]	Loss_D: -26.9310	Loss_G: 7.3104
[31/100][1100/1230]	Loss_D: -27.9290	Loss_G: 6.5244
[31/100][1200/1230]	Loss_D: -27.7215	Loss_G: 6.5236
Time taken for Epoch 31: 15.65s
[32/100][100/1230]	Loss_D: -22.2223	Loss_G: 7.0387
[32/100][200/1230]	Loss_D: -28.0808	Loss_G: 5.9364
[32/100][300/1230]	Loss_D: -27.7572	Loss_G: 6.3854
[32/100][400/1230]	Loss_D: -28.7445	Loss_G: 6.3206
[32/100][500/1230]	Loss_D: -28.2431	Loss_G: 5.8960
[32/100][600/1230]	Loss_D: -24.6829	Loss_G: 5.2761
[32/100][700/1230]	Loss_D: -29.4650	Loss_G: 5.7975
[32/100][800/1230]	Loss_D: -21.7132	Loss_G: 6.5957
[32/100][900/1230]	Loss_D: -25.4004	Loss_G: 6.0717
[32/100][1000/1230]	Loss_D: -29.9335	Loss_G: 6.5203
[32/100][1100/1230]	Loss_D: -29.7900	Loss_G: 6.2128
[32/100][1200/1230]	Loss_D: -22.6014	Loss_G: 5.6972
Time taken for Epoch 32: 15.73s
[33/100][100/1230]	Loss_D: -36.6369	Loss_G: 5.6047
[33/100][200/1230]	Loss_D: -30.5170	Loss_G: 5.8265
[33/100][300/1230]	Loss_D: -30.3937	Loss_G: 5.4837
[33/100][400/1230]	Loss_D: -34.8068	Loss_G: 6.3321
[33/100][500/1230]	Loss_D: -26.2413	Loss_G: 6.6653
[33/100][600/1230]	Loss_D: -32.8091	Loss_G: 6.8888
[33/100][700/1230]	Loss_D: -29.4600	Loss_G: 6.1136
[33/100][800/1230]	Loss_D: -27.3115	Loss_G: 5.1213
[33/100][900/1230]	Loss_D: -31.8893	Loss_G: 5.6673
[33/100][1000/1230]	Loss_D: -27.3066	Loss_G: 5.6841
[33/100][1100/1230]	Loss_D: -29.7329	Loss_G: 5.0474
[33/100][1200/1230]	Loss_D: -33.7821	Loss_G: 7.5379
Time taken for Epoch 33: 15.85s
[34/100][100/1230]	Loss_D: -25.8640	Loss_G: 5.4389
[34/100][200/1230]	Loss_D: -31.1424	Loss_G: 5.9351
[34/100][300/1230]	Loss_D: -31.0110	Loss_G: 5.8445
[34/100][400/1230]	Loss_D: -27.4059	Loss_G: 5.9473
[34/100][500/1230]	Loss_D: -25.7961	Loss_G: 5.3371
[34/100][600/1230]	Loss_D: -32.7304	Loss_G: 5.8179
[34/100][700/1230]	Loss_D: -22.6931	Loss_G: 5.3998
[34/100][800/1230]	Loss_D: -25.5699	Loss_G: 5.2502
[34/100][900/1230]	Loss_D: -22.3444	Loss_G: 4.8754
[34/100][1000/1230]	Loss_D: -29.5989	Loss_G: 4.6076
[34/100][1100/1230]	Loss_D: -28.7771	Loss_G: 4.5189
[34/100][1200/1230]	Loss_D: -31.1852	Loss_G: 5.0646
Time taken for Epoch 34: 15.66s
[35/100][100/1230]	Loss_D: -18.0049	Loss_G: 4.5899
[35/100][200/1230]	Loss_D: -26.2528	Loss_G: 5.2801
[35/100][300/1230]	Loss_D: -29.4977	Loss_G: 5.2266
[35/100][400/1230]	Loss_D: -27.3419	Loss_G: 4.8230
[35/100][500/1230]	Loss_D: -34.1395	Loss_G: 4.3137
[35/100][600/1230]	Loss_D: -28.0595	Loss_G: 5.5249
[35/100][700/1230]	Loss_D: -22.8102	Loss_G: 5.3989
[35/100][800/1230]	Loss_D: -27.9731	Loss_G: 4.6300
[35/100][900/1230]	Loss_D: -29.1060	Loss_G: 5.0036
[35/100][1000/1230]	Loss_D: -27.1865	Loss_G: 5.2643
[35/100][1100/1230]	Loss_D: -31.2000	Loss_G: 4.4842
[35/100][1200/1230]	Loss_D: -24.7750	Loss_G: 4.8183
Time taken for Epoch 35: 15.64s
[36/100][100/1230]	Loss_D: -30.5514	Loss_G: 4.8754
[36/100][200/1230]	Loss_D: -23.3667	Loss_G: 5.3512
[36/100][300/1230]	Loss_D: -27.4558	Loss_G: 4.0938
[36/100][400/1230]	Loss_D: -37.4945	Loss_G: 5.7696
[36/100][500/1230]	Loss_D: -30.9191	Loss_G: 5.6580
[36/100][600/1230]	Loss_D: -31.2602	Loss_G: 4.8282
[36/100][700/1230]	Loss_D: -29.4641	Loss_G: 5.6094
[36/100][800/1230]	Loss_D: -23.3022	Loss_G: 5.0526
[36/100][900/1230]	Loss_D: -15.5992	Loss_G: 4.4047
[36/100][1000/1230]	Loss_D: -31.6131	Loss_G: 5.3317
[36/100][1100/1230]	Loss_D: -24.0674	Loss_G: 4.5725
[36/100][1200/1230]	Loss_D: -24.0120	Loss_G: 4.2885
Time taken for Epoch 36: 15.65s
[37/100][100/1230]	Loss_D: -22.4337	Loss_G: 4.5843
[37/100][200/1230]	Loss_D: -33.2191	Loss_G: 3.9597
[37/100][300/1230]	Loss_D: -32.5170	Loss_G: 4.8375
[37/100][400/1230]	Loss_D: -27.2603	Loss_G: 5.2096
[37/100][500/1230]	Loss_D: -30.9193	Loss_G: 4.3945
[37/100][600/1230]	Loss_D: -36.5200	Loss_G: 4.8422
[37/100][700/1230]	Loss_D: -27.5466	Loss_G: 4.6963
[37/100][800/1230]	Loss_D: -26.2519	Loss_G: 4.5932
[37/100][900/1230]	Loss_D: -32.5901	Loss_G: 4.6886
[37/100][1000/1230]	Loss_D: -23.3346	Loss_G: 5.3055
[37/100][1100/1230]	Loss_D: -27.0461	Loss_G: 4.6470
[37/100][1200/1230]	Loss_D: -33.4677	Loss_G: 3.7843
Time taken for Epoch 37: 15.70s
[38/100][100/1230]	Loss_D: -20.6688	Loss_G: 5.0826
[38/100][200/1230]	Loss_D: -30.3554	Loss_G: 4.5386
[38/100][300/1230]	Loss_D: -24.8748	Loss_G: 4.7966
[38/100][400/1230]	Loss_D: -27.1621	Loss_G: 4.6180
[38/100][500/1230]	Loss_D: -33.4467	Loss_G: 4.4046
[38/100][600/1230]	Loss_D: -28.6271	Loss_G: 3.9629
[38/100][700/1230]	Loss_D: -30.3236	Loss_G: 4.2356
[38/100][800/1230]	Loss_D: -28.6733	Loss_G: 3.8969
[38/100][900/1230]	Loss_D: -35.8905	Loss_G: 3.7123
[38/100][1000/1230]	Loss_D: -29.0953	Loss_G: 4.4697
[38/100][1100/1230]	Loss_D: -24.1933	Loss_G: 5.0808
[38/100][1200/1230]	Loss_D: -32.7411	Loss_G: 4.6501
Time taken for Epoch 38: 15.77s
[39/100][100/1230]	Loss_D: -37.3002	Loss_G: 4.7932
[39/100][200/1230]	Loss_D: -23.4640	Loss_G: 4.7137
[39/100][300/1230]	Loss_D: -22.2175	Loss_G: 4.7425
[39/100][400/1230]	Loss_D: -31.6303	Loss_G: 4.9531
[39/100][500/1230]	Loss_D: -26.2622	Loss_G: 4.4401
[39/100][600/1230]	Loss_D: -21.6687	Loss_G: 4.2703
[39/100][700/1230]	Loss_D: -25.6355	Loss_G: 3.9977
[39/100][800/1230]	Loss_D: -26.6229	Loss_G: 4.7367
[39/100][900/1230]	Loss_D: -24.2035	Loss_G: 4.3473
[39/100][1000/1230]	Loss_D: -33.7505	Loss_G: 4.0768
[39/100][1100/1230]	Loss_D: -22.5828	Loss_G: 4.1339
[39/100][1200/1230]	Loss_D: -25.7499	Loss_G: 3.8163
Time taken for Epoch 39: 15.70s
[40/100][100/1230]	Loss_D: -35.2665	Loss_G: 4.4896
[40/100][200/1230]	Loss_D: -25.7426	Loss_G: 4.1404
[40/100][300/1230]	Loss_D: -29.6873	Loss_G: 3.7082
[40/100][400/1230]	Loss_D: -32.4594	Loss_G: 4.2270
[40/100][500/1230]	Loss_D: -31.2734	Loss_G: 4.0296
[40/100][600/1230]	Loss_D: -21.5045	Loss_G: 4.2214
[40/100][700/1230]	Loss_D: -33.3871	Loss_G: 4.5272
[40/100][800/1230]	Loss_D: -29.4064	Loss_G: 4.1756
[40/100][900/1230]	Loss_D: -26.0574	Loss_G: 4.4686
[40/100][1000/1230]	Loss_D: -24.2294	Loss_G: 3.8078
[40/100][1100/1230]	Loss_D: -25.5943	Loss_G: 3.8032
[40/100][1200/1230]	Loss_D: -21.7653	Loss_G: 3.9643
Time taken for Epoch 40: 15.70s
[41/100][100/1230]	Loss_D: -22.6013	Loss_G: 3.8908
[41/100][200/1230]	Loss_D: -22.1870	Loss_G: 3.4958
[41/100][300/1230]	Loss_D: -37.3978	Loss_G: 4.4981
[41/100][400/1230]	Loss_D: -32.8800	Loss_G: 3.8441
[41/100][500/1230]	Loss_D: -26.5425	Loss_G: 3.7994
[41/100][600/1230]	Loss_D: -31.7591	Loss_G: 4.2868
[41/100][700/1230]	Loss_D: -29.9110	Loss_G: 4.1869
[41/100][800/1230]	Loss_D: -22.9478	Loss_G: 4.0527
[41/100][900/1230]	Loss_D: -25.2620	Loss_G: 4.1675
[41/100][1000/1230]	Loss_D: -36.8391	Loss_G: 4.0505
[41/100][1100/1230]	Loss_D: -27.6491	Loss_G: 4.0667
[41/100][1200/1230]	Loss_D: -24.4490	Loss_G: 3.6716
Time taken for Epoch 41: 15.91s
[42/100][100/1230]	Loss_D: -25.5994	Loss_G: 3.6978
[42/100][200/1230]	Loss_D: -20.0531	Loss_G: 3.7887
[42/100][300/1230]	Loss_D: -28.8406	Loss_G: 3.6294
[42/100][400/1230]	Loss_D: -27.2659	Loss_G: 3.8777
[42/100][500/1230]	Loss_D: -19.3130	Loss_G: 3.4326
[42/100][600/1230]	Loss_D: -22.8186	Loss_G: 3.9512
[42/100][700/1230]	Loss_D: -23.9300	Loss_G: 3.4518
[42/100][800/1230]	Loss_D: -21.6061	Loss_G: 3.5377
[42/100][900/1230]	Loss_D: -31.7481	Loss_G: 3.4593
[42/100][1000/1230]	Loss_D: -35.1995	Loss_G: 3.8505
[42/100][1100/1230]	Loss_D: -21.2604	Loss_G: 4.0517
[42/100][1200/1230]	Loss_D: -19.4349	Loss_G: 4.2537
Time taken for Epoch 42: 15.71s
[43/100][100/1230]	Loss_D: -23.6683	Loss_G: 3.7302
[43/100][200/1230]	Loss_D: -22.7944	Loss_G: 4.0301
[43/100][300/1230]	Loss_D: -19.3579	Loss_G: 3.9836
[43/100][400/1230]	Loss_D: -27.5069	Loss_G: 3.7861
[43/100][500/1230]	Loss_D: -22.6138	Loss_G: 3.7016
[43/100][600/1230]	Loss_D: -28.5598	Loss_G: 3.6672
[43/100][700/1230]	Loss_D: -23.1236	Loss_G: 3.8141
[43/100][800/1230]	Loss_D: -24.3223	Loss_G: 3.3734
[43/100][900/1230]	Loss_D: -19.2200	Loss_G: 3.8303
[43/100][1000/1230]	Loss_D: -30.1940	Loss_G: 4.0883
[43/100][1100/1230]	Loss_D: -23.2829	Loss_G: 3.5470
[43/100][1200/1230]	Loss_D: -20.2229	Loss_G: 3.3846
Time taken for Epoch 43: 15.87s
[44/100][100/1230]	Loss_D: -22.7892	Loss_G: 3.8443
[44/100][200/1230]	Loss_D: -26.9719	Loss_G: 3.5982
[44/100][300/1230]	Loss_D: -34.5231	Loss_G: 3.7162
[44/100][400/1230]	Loss_D: -24.9183	Loss_G: 4.1018
[44/100][500/1230]	Loss_D: -29.7453	Loss_G: 4.0629
[44/100][600/1230]	Loss_D: -21.7161	Loss_G: 3.4857
[44/100][700/1230]	Loss_D: -24.1272	Loss_G: 3.5268
[44/100][800/1230]	Loss_D: -30.0839	Loss_G: 4.1255
[44/100][900/1230]	Loss_D: -36.4083	Loss_G: 3.9842
[44/100][1000/1230]	Loss_D: -29.3922	Loss_G: 3.5782
[44/100][1100/1230]	Loss_D: -21.7433	Loss_G: 3.5750
[44/100][1200/1230]	Loss_D: -30.1320	Loss_G: 3.9339
Time taken for Epoch 44: 15.87s
[45/100][100/1230]	Loss_D: -24.7893	Loss_G: 3.3662
[45/100][200/1230]	Loss_D: -25.5229	Loss_G: 3.5638
[45/100][300/1230]	Loss_D: -31.7607	Loss_G: 3.3376
[45/100][400/1230]	Loss_D: -19.1821	Loss_G: 3.1559
[45/100][500/1230]	Loss_D: -32.6371	Loss_G: 4.0675
[45/100][600/1230]	Loss_D: -23.3578	Loss_G: 3.5739
[45/100][700/1230]	Loss_D: -29.6749	Loss_G: 3.6204
[45/100][800/1230]	Loss_D: -24.5483	Loss_G: 3.7910
[45/100][900/1230]	Loss_D: -23.0120	Loss_G: 3.4685
[45/100][1000/1230]	Loss_D: -21.3498	Loss_G: 3.9211
[45/100][1100/1230]	Loss_D: -22.1403	Loss_G: 3.6053
[45/100][1200/1230]	Loss_D: -30.2247	Loss_G: 3.4839
Time taken for Epoch 45: 15.78s
[46/100][100/1230]	Loss_D: -17.4191	Loss_G: 3.0508
[46/100][200/1230]	Loss_D: -26.3887	Loss_G: 4.1195
[46/100][300/1230]	Loss_D: -27.2512	Loss_G: 3.0596
[46/100][400/1230]	Loss_D: -26.5433	Loss_G: 3.7234
[46/100][500/1230]	Loss_D: -25.7992	Loss_G: 2.8315
[46/100][600/1230]	Loss_D: -20.6828	Loss_G: 3.6715
[46/100][700/1230]	Loss_D: -27.8261	Loss_G: 3.6390
[46/100][800/1230]	Loss_D: -25.5785	Loss_G: 3.4428
[46/100][900/1230]	Loss_D: -26.6169	Loss_G: 3.2086
[46/100][1000/1230]	Loss_D: -30.8422	Loss_G: 4.0726
[46/100][1100/1230]	Loss_D: -18.6820	Loss_G: 3.5608
[46/100][1200/1230]	Loss_D: -24.7779	Loss_G: 2.9561
Time taken for Epoch 46: 15.71s
[47/100][100/1230]	Loss_D: -26.1447	Loss_G: 3.2010
[47/100][200/1230]	Loss_D: -25.3248	Loss_G: 3.3321
[47/100][300/1230]	Loss_D: -18.9083	Loss_G: 3.8797
[47/100][400/1230]	Loss_D: -19.9496	Loss_G: 3.2495
[47/100][500/1230]	Loss_D: -24.0761	Loss_G: 2.9931
[47/100][600/1230]	Loss_D: -28.6678	Loss_G: 3.5356
[47/100][700/1230]	Loss_D: -19.2456	Loss_G: 3.1007
[47/100][800/1230]	Loss_D: -18.8103	Loss_G: 3.7169
[47/100][900/1230]	Loss_D: -27.2222	Loss_G: 3.6842
[47/100][1000/1230]	Loss_D: -20.1306	Loss_G: 3.6813
[47/100][1100/1230]	Loss_D: -26.9223	Loss_G: 3.5135
[47/100][1200/1230]	Loss_D: -32.5583	Loss_G: 3.2524
Time taken for Epoch 47: 15.80s
[48/100][100/1230]	Loss_D: -19.0342	Loss_G: 3.1537
[48/100][200/1230]	Loss_D: -26.3066	Loss_G: 3.2541
[48/100][300/1230]	Loss_D: -20.2197	Loss_G: 2.8809
[48/100][400/1230]	Loss_D: -27.3142	Loss_G: 3.2620
[48/100][500/1230]	Loss_D: -23.3075	Loss_G: 2.9920
[48/100][600/1230]	Loss_D: -30.4174	Loss_G: 3.3051
[48/100][700/1230]	Loss_D: -17.7735	Loss_G: 3.6495
[48/100][800/1230]	Loss_D: -18.4986	Loss_G: 3.3010
[48/100][900/1230]	Loss_D: -20.3807	Loss_G: 3.0291
[48/100][1000/1230]	Loss_D: -25.8826	Loss_G: 3.3835
[48/100][1100/1230]	Loss_D: -26.3879	Loss_G: 3.6598
[48/100][1200/1230]	Loss_D: -14.4145	Loss_G: 3.3352
Time taken for Epoch 48: 15.96s
[49/100][100/1230]	Loss_D: -22.5093	Loss_G: 3.1091
[49/100][200/1230]	Loss_D: -27.2155	Loss_G: 3.2198
[49/100][300/1230]	Loss_D: -24.6374	Loss_G: 3.1522
[49/100][400/1230]	Loss_D: -25.3355	Loss_G: 3.4645
[49/100][500/1230]	Loss_D: -13.8053	Loss_G: 3.8127
[49/100][600/1230]	Loss_D: -24.0774	Loss_G: 3.1148
[49/100][700/1230]	Loss_D: -16.4122	Loss_G: 3.3450
[49/100][800/1230]	Loss_D: -20.2176	Loss_G: 3.4312
[49/100][900/1230]	Loss_D: -26.6544	Loss_G: 3.1803
[49/100][1000/1230]	Loss_D: -23.1337	Loss_G: 3.0399
[49/100][1100/1230]	Loss_D: -21.5728	Loss_G: 3.0508
[49/100][1200/1230]	Loss_D: -28.4453	Loss_G: 3.2975
Time taken for Epoch 49: 15.94s
[50/100][100/1230]	Loss_D: -25.5964	Loss_G: 3.2122
[50/100][200/1230]	Loss_D: -31.1652	Loss_G: 3.4116
[50/100][300/1230]	Loss_D: -20.7619	Loss_G: 3.4996
[50/100][400/1230]	Loss_D: -17.4739	Loss_G: 3.3866
[50/100][500/1230]	Loss_D: -17.6263	Loss_G: 3.2580
[50/100][600/1230]	Loss_D: -17.5861	Loss_G: 3.5798
[50/100][700/1230]	Loss_D: -26.8589	Loss_G: 3.3473
[50/100][800/1230]	Loss_D: -19.4734	Loss_G: 3.3871
[50/100][900/1230]	Loss_D: -28.1150	Loss_G: 3.2619
[50/100][1000/1230]	Loss_D: -26.9551	Loss_G: 3.0988
[50/100][1100/1230]	Loss_D: -20.1167	Loss_G: 2.7511
[50/100][1200/1230]	Loss_D: -19.0467	Loss_G: 2.8021
Time taken for Epoch 50: 15.74s
[51/100][100/1230]	Loss_D: -22.5145	Loss_G: 2.6792
[51/100][200/1230]	Loss_D: -17.9777	Loss_G: 3.2554
[51/100][300/1230]	Loss_D: -24.8646	Loss_G: 2.9719
[51/100][400/1230]	Loss_D: -24.6078	Loss_G: 3.1917
[51/100][500/1230]	Loss_D: -23.3968	Loss_G: 3.3789
[51/100][600/1230]	Loss_D: -21.3929	Loss_G: 3.3168
[51/100][700/1230]	Loss_D: -23.7163	Loss_G: 3.4362
[51/100][800/1230]	Loss_D: -20.1317	Loss_G: 3.0787
[51/100][900/1230]	Loss_D: -19.9297	Loss_G: 3.2068
[51/100][1000/1230]	Loss_D: -25.7910	Loss_G: 3.4480
[51/100][1100/1230]	Loss_D: -19.0353	Loss_G: 3.1663
[51/100][1200/1230]	Loss_D: -21.6620	Loss_G: 2.9494
Time taken for Epoch 51: 15.69s
[52/100][100/1230]	Loss_D: -23.4123	Loss_G: 3.4175
[52/100][200/1230]	Loss_D: -20.1236	Loss_G: 3.3846
[52/100][300/1230]	Loss_D: -23.5032	Loss_G: 3.5213
[52/100][400/1230]	Loss_D: -20.6078	Loss_G: 3.6399
[52/100][500/1230]	Loss_D: -20.6968	Loss_G: 3.0683
[52/100][600/1230]	Loss_D: -29.1976	Loss_G: 3.4045
[52/100][700/1230]	Loss_D: -27.4556	Loss_G: 3.6970
[52/100][800/1230]	Loss_D: -22.6790	Loss_G: 3.3594
[52/100][900/1230]	Loss_D: -23.5796	Loss_G: 3.6898
[52/100][1000/1230]	Loss_D: -19.3170	Loss_G: 3.0269
[52/100][1100/1230]	Loss_D: -17.7771	Loss_G: 3.3585
[52/100][1200/1230]	Loss_D: -19.1897	Loss_G: 2.9206
Time taken for Epoch 52: 15.71s
[53/100][100/1230]	Loss_D: -32.2721	Loss_G: 2.9902
[53/100][200/1230]	Loss_D: -18.1478	Loss_G: 3.1399
[53/100][300/1230]	Loss_D: -21.9127	Loss_G: 3.2732
[53/100][400/1230]	Loss_D: -29.2712	Loss_G: 2.9811
[53/100][500/1230]	Loss_D: -23.9249	Loss_G: 3.5184
[53/100][600/1230]	Loss_D: -20.8567	Loss_G: 3.4126
[53/100][700/1230]	Loss_D: -27.7122	Loss_G: 3.2815
[53/100][800/1230]	Loss_D: -25.6606	Loss_G: 3.3495
[53/100][900/1230]	Loss_D: -19.7268	Loss_G: 3.0477
[53/100][1000/1230]	Loss_D: -25.4445	Loss_G: 3.4127
[53/100][1100/1230]	Loss_D: -34.6562	Loss_G: 3.5796
[53/100][1200/1230]	Loss_D: -24.7308	Loss_G: 2.8540
Time taken for Epoch 53: 15.90s
[54/100][100/1230]	Loss_D: -18.3618	Loss_G: 3.1801
[54/100][200/1230]	Loss_D: -20.9801	Loss_G: 3.3271
[54/100][300/1230]	Loss_D: -20.5934	Loss_G: 2.9704
[54/100][400/1230]	Loss_D: -22.6161	Loss_G: 3.0799
[54/100][500/1230]	Loss_D: -25.5290	Loss_G: 2.6494
[54/100][600/1230]	Loss_D: -10.4349	Loss_G: 3.2746
[54/100][700/1230]	Loss_D: -14.9841	Loss_G: 3.0685
[54/100][800/1230]	Loss_D: -24.9595	Loss_G: 3.2730
[54/100][900/1230]	Loss_D: -16.2145	Loss_G: 3.1705
[54/100][1000/1230]	Loss_D: -20.0443	Loss_G: 3.2696
[54/100][1100/1230]	Loss_D: -20.1172	Loss_G: 3.0716
[54/100][1200/1230]	Loss_D: -28.3669	Loss_G: 3.3651
Time taken for Epoch 54: 16.05s
[55/100][100/1230]	Loss_D: -22.5729	Loss_G: 3.2418
[55/100][200/1230]	Loss_D: -26.2878	Loss_G: 3.2521
[55/100][300/1230]	Loss_D: -18.4846	Loss_G: 3.1329
[55/100][400/1230]	Loss_D: -24.9257	Loss_G: 3.3587
[55/100][500/1230]	Loss_D: -24.9619	Loss_G: 3.4465
[55/100][600/1230]	Loss_D: -17.6702	Loss_G: 3.1253
[55/100][700/1230]	Loss_D: -22.8113	Loss_G: 2.8713
[55/100][800/1230]	Loss_D: -18.7272	Loss_G: 2.9050
[55/100][900/1230]	Loss_D: -20.9231	Loss_G: 3.0055
[55/100][1000/1230]	Loss_D: -26.4859	Loss_G: 2.7300
[55/100][1100/1230]	Loss_D: -19.6804	Loss_G: 3.0557
[55/100][1200/1230]	Loss_D: -23.2729	Loss_G: 2.9985
Time taken for Epoch 55: 15.90s
[56/100][100/1230]	Loss_D: -25.3111	Loss_G: 3.1981
[56/100][200/1230]	Loss_D: -24.6250	Loss_G: 3.2693
[56/100][300/1230]	Loss_D: -18.2651	Loss_G: 3.2652
[56/100][400/1230]	Loss_D: -19.0162	Loss_G: 3.1904
[56/100][500/1230]	Loss_D: -23.5514	Loss_G: 2.9112
[56/100][600/1230]	Loss_D: -26.0775	Loss_G: 2.9962
[56/100][700/1230]	Loss_D: -19.9143	Loss_G: 2.4828
[56/100][800/1230]	Loss_D: -18.5349	Loss_G: 3.5574
[56/100][900/1230]	Loss_D: -22.3956	Loss_G: 3.4160
[56/100][1000/1230]	Loss_D: -20.6910	Loss_G: 3.1147
[56/100][1100/1230]	Loss_D: -16.9426	Loss_G: 2.6951
[56/100][1200/1230]	Loss_D: -25.1452	Loss_G: 3.5842
Time taken for Epoch 56: 15.90s
[57/100][100/1230]	Loss_D: -29.7282	Loss_G: 3.4580
[57/100][200/1230]	Loss_D: -22.8162	Loss_G: 3.1985
[57/100][300/1230]	Loss_D: -19.8707	Loss_G: 2.7317
[57/100][400/1230]	Loss_D: -15.2962	Loss_G: 3.3507
[57/100][500/1230]	Loss_D: -19.8124	Loss_G: 2.9653
[57/100][600/1230]	Loss_D: -25.6002	Loss_G: 2.9271
[57/100][700/1230]	Loss_D: -21.1972	Loss_G: 2.8986
[57/100][800/1230]	Loss_D: -22.9957	Loss_G: 3.2393
[57/100][900/1230]	Loss_D: -20.3463	Loss_G: 2.8383
[57/100][1000/1230]	Loss_D: -17.5600	Loss_G: 3.0834
[57/100][1100/1230]	Loss_D: -23.6636	Loss_G: 2.9055
[57/100][1200/1230]	Loss_D: -10.9231	Loss_G: 3.2021
Time taken for Epoch 57: 16.01s
[58/100][100/1230]	Loss_D: -19.0511	Loss_G: 2.5036
[58/100][200/1230]	Loss_D: -23.5514	Loss_G: 3.1147
[58/100][300/1230]	Loss_D: -23.1281	Loss_G: 2.8897
[58/100][400/1230]	Loss_D: -18.5384	Loss_G: 2.9834
[58/100][500/1230]	Loss_D: -18.4455	Loss_G: 2.8943
[58/100][600/1230]	Loss_D: -19.7163	Loss_G: 3.4782
[58/100][700/1230]	Loss_D: -18.4685	Loss_G: 2.6774
[58/100][800/1230]	Loss_D: -18.4452	Loss_G: 3.0659
[58/100][900/1230]	Loss_D: -18.3820	Loss_G: 2.8234
[58/100][1000/1230]	Loss_D: -24.2343	Loss_G: 2.7862
[58/100][1100/1230]	Loss_D: -15.2255	Loss_G: 2.9799
[58/100][1200/1230]	Loss_D: -15.0048	Loss_G: 2.6416
Time taken for Epoch 58: 15.12s
[59/100][100/1230]	Loss_D: -21.9074	Loss_G: 2.7309
[59/100][200/1230]	Loss_D: -17.1414	Loss_G: 2.8091
[59/100][300/1230]	Loss_D: -18.9885	Loss_G: 2.6930
[59/100][400/1230]	Loss_D: -23.8495	Loss_G: 3.4956
[59/100][500/1230]	Loss_D: -27.3573	Loss_G: 2.9728
[59/100][600/1230]	Loss_D: -16.0780	Loss_G: 2.5628
[59/100][700/1230]	Loss_D: -22.2798	Loss_G: 3.3127
[59/100][800/1230]	Loss_D: -25.1253	Loss_G: 3.0350
[59/100][900/1230]	Loss_D: -21.7718	Loss_G: 3.0721
[59/100][1000/1230]	Loss_D: -27.7184	Loss_G: 3.2663
[59/100][1100/1230]	Loss_D: -16.9304	Loss_G: 2.8727
[59/100][1200/1230]	Loss_D: -29.2755	Loss_G: 3.2647
Time taken for Epoch 59: 16.11s
[60/100][100/1230]	Loss_D: -30.2361	Loss_G: 3.3065
[60/100][200/1230]	Loss_D: -23.3992	Loss_G: 2.8298
[60/100][300/1230]	Loss_D: -23.8724	Loss_G: 3.1977
[60/100][400/1230]	Loss_D: -17.5020	Loss_G: 3.2415
[60/100][500/1230]	Loss_D: -23.3625	Loss_G: 3.2203
[60/100][600/1230]	Loss_D: -16.6713	Loss_G: 2.9061
[60/100][700/1230]	Loss_D: -22.4637	Loss_G: 2.6770
[60/100][800/1230]	Loss_D: -25.5900	Loss_G: 2.5859
[60/100][900/1230]	Loss_D: -27.6352	Loss_G: 3.1939
[60/100][1000/1230]	Loss_D: -21.1375	Loss_G: 2.8160
[60/100][1100/1230]	Loss_D: -27.0662	Loss_G: 3.6116
[60/100][1200/1230]	Loss_D: -24.8556	Loss_G: 2.9111
Time taken for Epoch 60: 15.82s
[61/100][100/1230]	Loss_D: -27.0079	Loss_G: 3.2032
[61/100][200/1230]	Loss_D: -23.5055	Loss_G: 2.8392
[61/100][300/1230]	Loss_D: -25.5028	Loss_G: 2.8296
[61/100][400/1230]	Loss_D: -22.9521	Loss_G: 2.8345
[61/100][500/1230]	Loss_D: -20.7080	Loss_G: 2.8815
[61/100][600/1230]	Loss_D: -16.1090	Loss_G: 2.7400
[61/100][700/1230]	Loss_D: -16.7136	Loss_G: 3.1106
[61/100][800/1230]	Loss_D: -16.6936	Loss_G: 2.7063
[61/100][900/1230]	Loss_D: -30.1525	Loss_G: 2.8349
[61/100][1000/1230]	Loss_D: -20.7597	Loss_G: 2.6993
[61/100][1100/1230]	Loss_D: -16.1182	Loss_G: 3.0556
[61/100][1200/1230]	Loss_D: -19.9741	Loss_G: 2.6284
Time taken for Epoch 61: 15.70s
[62/100][100/1230]	Loss_D: -18.1477	Loss_G: 3.0179
[62/100][200/1230]	Loss_D: -28.7724	Loss_G: 2.9917
[62/100][300/1230]	Loss_D: -25.3521	Loss_G: 3.4509
[62/100][400/1230]	Loss_D: -29.4897	Loss_G: 2.7762
[62/100][500/1230]	Loss_D: -23.4364	Loss_G: 2.8668
[62/100][600/1230]	Loss_D: -21.0118	Loss_G: 2.9469
[62/100][700/1230]	Loss_D: -21.5015	Loss_G: 2.8032
[62/100][800/1230]	Loss_D: -23.4398	Loss_G: 2.9828
[62/100][900/1230]	Loss_D: -21.2926	Loss_G: 3.1877
[62/100][1000/1230]	Loss_D: -16.7549	Loss_G: 3.3772
[62/100][1100/1230]	Loss_D: -12.9276	Loss_G: 2.7650
[62/100][1200/1230]	Loss_D: -15.8219	Loss_G: 3.1620
Time taken for Epoch 62: 15.67s
[63/100][100/1230]	Loss_D: -22.2236	Loss_G: 3.2764
[63/100][200/1230]	Loss_D: -25.3688	Loss_G: 2.7719
[63/100][300/1230]	Loss_D: -15.4277	Loss_G: 2.9986
[63/100][400/1230]	Loss_D: -20.5921	Loss_G: 3.4934
[63/100][500/1230]	Loss_D: -19.4354	Loss_G: 3.3351
[63/100][600/1230]	Loss_D: -20.6704	Loss_G: 3.1545
[63/100][700/1230]	Loss_D: -25.6210	Loss_G: 2.9351
[63/100][800/1230]	Loss_D: -19.4601	Loss_G: 3.0580
[63/100][900/1230]	Loss_D: -21.1418	Loss_G: 2.8619
[63/100][1000/1230]	Loss_D: -18.3735	Loss_G: 3.0993
[63/100][1100/1230]	Loss_D: -26.0906	Loss_G: 2.8815
[63/100][1200/1230]	Loss_D: -23.5310	Loss_G: 2.8240
Time taken for Epoch 63: 15.69s
[64/100][100/1230]	Loss_D: -21.6228	Loss_G: 3.2226
[64/100][200/1230]	Loss_D: -24.9645	Loss_G: 3.1846
[64/100][300/1230]	Loss_D: -23.2261	Loss_G: 3.2063
[64/100][400/1230]	Loss_D: -19.5790	Loss_G: 3.2374
[64/100][500/1230]	Loss_D: -15.1135	Loss_G: 3.3284
[64/100][600/1230]	Loss_D: -19.7674	Loss_G: 3.0801
[64/100][700/1230]	Loss_D: -18.7818	Loss_G: 3.0022
[64/100][800/1230]	Loss_D: -24.2690	Loss_G: 2.8972
[64/100][900/1230]	Loss_D: -22.0483	Loss_G: 2.7986
[64/100][1000/1230]	Loss_D: -24.6352	Loss_G: 2.8781
[64/100][1100/1230]	Loss_D: -23.9065	Loss_G: 2.5591
[64/100][1200/1230]	Loss_D: -19.7394	Loss_G: 2.8033
Time taken for Epoch 64: 11.49s
[65/100][100/1230]	Loss_D: -25.0463	Loss_G: 2.6121
[65/100][200/1230]	Loss_D: -19.5276	Loss_G: 2.6999
[65/100][300/1230]	Loss_D: -23.0884	Loss_G: 2.8099
[65/100][400/1230]	Loss_D: -21.3008	Loss_G: 3.3946
[65/100][500/1230]	Loss_D: -26.3367	Loss_G: 2.5436
[65/100][600/1230]	Loss_D: -20.0013	Loss_G: 2.8045
[65/100][700/1230]	Loss_D: -17.1079	Loss_G: 3.0056
[65/100][800/1230]	Loss_D: -22.6237	Loss_G: 3.0251
[65/100][900/1230]	Loss_D: -30.9276	Loss_G: 2.7961
[65/100][1000/1230]	Loss_D: -21.9980	Loss_G: 2.8036
[65/100][1100/1230]	Loss_D: -21.4824	Loss_G: 3.0134
[65/100][1200/1230]	Loss_D: -17.8711	Loss_G: 2.7365
Time taken for Epoch 65: 11.74s
[66/100][100/1230]	Loss_D: -29.6844	Loss_G: 2.6516
[66/100][200/1230]	Loss_D: -26.1525	Loss_G: 2.7774
[66/100][300/1230]	Loss_D: -24.1767	Loss_G: 2.9760
[66/100][400/1230]	Loss_D: -17.1718	Loss_G: 2.9313
[66/100][500/1230]	Loss_D: -17.2282	Loss_G: 2.8758
[66/100][600/1230]	Loss_D: -17.6301	Loss_G: 2.7564
[66/100][700/1230]	Loss_D: -17.2758	Loss_G: 2.6203
[66/100][800/1230]	Loss_D: -22.8732	Loss_G: 3.0888
[66/100][900/1230]	Loss_D: -19.8003	Loss_G: 2.8261
[66/100][1000/1230]	Loss_D: -29.3443	Loss_G: 2.6861
[66/100][1100/1230]	Loss_D: -27.9290	Loss_G: 2.9896
[66/100][1200/1230]	Loss_D: -18.1450	Loss_G: 2.5285
Time taken for Epoch 66: 15.91s
[67/100][100/1230]	Loss_D: -19.8260	Loss_G: 2.9498
[67/100][200/1230]	Loss_D: -17.7045	Loss_G: 2.8270
[67/100][300/1230]	Loss_D: -21.1103	Loss_G: 2.5422
[67/100][400/1230]	Loss_D: -22.1969	Loss_G: 3.0452
[67/100][500/1230]	Loss_D: -19.6699	Loss_G: 2.9094
[67/100][600/1230]	Loss_D: -23.3354	Loss_G: 2.9740
[67/100][700/1230]	Loss_D: -17.4572	Loss_G: 2.8250
[67/100][800/1230]	Loss_D: -15.8638	Loss_G: 3.2696
[67/100][900/1230]	Loss_D: -21.6344	Loss_G: 3.2836
[67/100][1000/1230]	Loss_D: -27.6458	Loss_G: 2.8915
[67/100][1100/1230]	Loss_D: -20.4025	Loss_G: 3.3350
[67/100][1200/1230]	Loss_D: -18.1780	Loss_G: 2.8407
Time taken for Epoch 67: 15.63s
[68/100][100/1230]	Loss_D: -12.4954	Loss_G: 2.4720
[68/100][200/1230]	Loss_D: -24.2866	Loss_G: 2.6958
[68/100][300/1230]	Loss_D: -18.4300	Loss_G: 2.9492
[68/100][400/1230]	Loss_D: -17.7274	Loss_G: 2.6838
[68/100][500/1230]	Loss_D: -19.0593	Loss_G: 3.0308
[68/100][600/1230]	Loss_D: -26.9644	Loss_G: 2.8681
[68/100][700/1230]	Loss_D: -17.8820	Loss_G: 2.5792
[68/100][800/1230]	Loss_D: -12.5683	Loss_G: 2.7932
[68/100][900/1230]	Loss_D: -17.9410	Loss_G: 2.4909
[68/100][1000/1230]	Loss_D: -26.4541	Loss_G: 3.0406
[68/100][1100/1230]	Loss_D: -27.1540	Loss_G: 2.7554
[68/100][1200/1230]	Loss_D: -19.9233	Loss_G: 2.6252
Time taken for Epoch 68: 15.71s
[69/100][100/1230]	Loss_D: -30.6505	Loss_G: 3.0672
[69/100][200/1230]	Loss_D: -19.4050	Loss_G: 3.1740
[69/100][300/1230]	Loss_D: -22.2367	Loss_G: 2.8854
[69/100][400/1230]	Loss_D: -21.7725	Loss_G: 2.7015
[69/100][500/1230]	Loss_D: -15.9692	Loss_G: 2.8430
[69/100][600/1230]	Loss_D: -18.7440	Loss_G: 2.5275
[69/100][700/1230]	Loss_D: -27.8429	Loss_G: 2.7258
[69/100][800/1230]	Loss_D: -16.1172	Loss_G: 2.9448
[69/100][900/1230]	Loss_D: -27.1203	Loss_G: 2.6967
[69/100][1000/1230]	Loss_D: -14.3188	Loss_G: 2.6232
[69/100][1100/1230]	Loss_D: -20.7411	Loss_G: 2.5874
[69/100][1200/1230]	Loss_D: -21.4875	Loss_G: 2.7077
Time taken for Epoch 69: 16.06s
[70/100][100/1230]	Loss_D: -12.3711	Loss_G: 2.9296
[70/100][200/1230]	Loss_D: -13.5503	Loss_G: 2.5613
[70/100][300/1230]	Loss_D: -19.0585	Loss_G: 2.9419
[70/100][400/1230]	Loss_D: -22.7542	Loss_G: 2.6210
[70/100][500/1230]	Loss_D: -13.6990	Loss_G: 2.5934
[70/100][600/1230]	Loss_D: -19.9006	Loss_G: 3.0261
[70/100][700/1230]	Loss_D: -20.6332	Loss_G: 3.2236
[70/100][800/1230]	Loss_D: -20.7125	Loss_G: 2.7065
[70/100][900/1230]	Loss_D: -21.2308	Loss_G: 2.8063
[70/100][1000/1230]	Loss_D: -24.0740	Loss_G: 2.9574
[70/100][1100/1230]	Loss_D: -13.6952	Loss_G: 2.5801
[70/100][1200/1230]	Loss_D: -20.4441	Loss_G: 2.7725
Time taken for Epoch 70: 16.09s
[71/100][100/1230]	Loss_D: -23.8810	Loss_G: 2.9077
[71/100][200/1230]	Loss_D: -22.5071	Loss_G: 2.8276
[71/100][300/1230]	Loss_D: -23.5419	Loss_G: 2.8975
[71/100][400/1230]	Loss_D: -13.3739	Loss_G: 2.7881
[71/100][500/1230]	Loss_D: -15.6610	Loss_G: 2.6010
[71/100][600/1230]	Loss_D: -17.2657	Loss_G: 2.8615
[71/100][700/1230]	Loss_D: -29.0372	Loss_G: 2.5133
[71/100][800/1230]	Loss_D: -23.6974	Loss_G: 2.8542
[71/100][900/1230]	Loss_D: -20.4136	Loss_G: 2.7147
[71/100][1000/1230]	Loss_D: -24.8513	Loss_G: 3.4338
[71/100][1100/1230]	Loss_D: -24.7855	Loss_G: 2.5579
[71/100][1200/1230]	Loss_D: -26.4136	Loss_G: 2.6219
Time taken for Epoch 71: 15.96s
[72/100][100/1230]	Loss_D: -18.9837	Loss_G: 2.8833
[72/100][200/1230]	Loss_D: -19.8315	Loss_G: 2.4391
[72/100][300/1230]	Loss_D: -19.1711	Loss_G: 2.9044
[72/100][400/1230]	Loss_D: -11.8858	Loss_G: 2.9885
[72/100][500/1230]	Loss_D: -23.8032	Loss_G: 3.1515
[72/100][600/1230]	Loss_D: -21.4653	Loss_G: 2.7101
[72/100][700/1230]	Loss_D: -17.1356	Loss_G: 2.5970
[72/100][800/1230]	Loss_D: -13.1416	Loss_G: 2.2897
[72/100][900/1230]	Loss_D: -20.5906	Loss_G: 2.7814
[72/100][1000/1230]	Loss_D: -24.0365	Loss_G: 2.4480
[72/100][1100/1230]	Loss_D: -16.3225	Loss_G: 2.5510
[72/100][1200/1230]	Loss_D: -19.3643	Loss_G: 2.9902
Time taken for Epoch 72: 15.88s
[73/100][100/1230]	Loss_D: -21.1910	Loss_G: 2.8287
[73/100][200/1230]	Loss_D: -15.4249	Loss_G: 2.5154
[73/100][300/1230]	Loss_D: -14.3242	Loss_G: 2.8331
[73/100][400/1230]	Loss_D: -21.5914	Loss_G: 2.5975
[73/100][500/1230]	Loss_D: -28.5170	Loss_G: 2.5228
[73/100][600/1230]	Loss_D: -23.6048	Loss_G: 2.7950
[73/100][700/1230]	Loss_D: -23.6435	Loss_G: 2.7313
[73/100][800/1230]	Loss_D: -25.4566	Loss_G: 3.1051
[73/100][900/1230]	Loss_D: -27.6242	Loss_G: 2.5229
[73/100][1000/1230]	Loss_D: -26.1524	Loss_G: 3.0019
[73/100][1100/1230]	Loss_D: -21.9565	Loss_G: 2.9715
[73/100][1200/1230]	Loss_D: -23.1670	Loss_G: 2.8041
Time taken for Epoch 73: 15.87s
[74/100][100/1230]	Loss_D: -20.6333	Loss_G: 2.2179
[74/100][200/1230]	Loss_D: -22.3741	Loss_G: 2.5684
[74/100][300/1230]	Loss_D: -25.4454	Loss_G: 2.9594
[74/100][400/1230]	Loss_D: -19.6438	Loss_G: 2.7013
[74/100][500/1230]	Loss_D: -15.9608	Loss_G: 2.5989
[74/100][600/1230]	Loss_D: -15.0319	Loss_G: 2.8778
[74/100][700/1230]	Loss_D: -24.7123	Loss_G: 2.5967
[74/100][800/1230]	Loss_D: -14.2017	Loss_G: 2.3669
[74/100][900/1230]	Loss_D: -20.7163	Loss_G: 3.0247
[74/100][1000/1230]	Loss_D: -20.3706	Loss_G: 2.8202
[74/100][1100/1230]	Loss_D: -27.5401	Loss_G: 3.2862
[74/100][1200/1230]	Loss_D: -16.0265	Loss_G: 2.3336
Time taken for Epoch 74: 15.73s
[75/100][100/1230]	Loss_D: -18.9284	Loss_G: 2.4419
[75/100][200/1230]	Loss_D: -20.6342	Loss_G: 2.7558
[75/100][300/1230]	Loss_D: -26.0970	Loss_G: 2.8157
[75/100][400/1230]	Loss_D: -21.4807	Loss_G: 3.1126
[75/100][500/1230]	Loss_D: -16.1663	Loss_G: 2.4803
[75/100][600/1230]	Loss_D: -19.8458	Loss_G: 3.1137
[75/100][700/1230]	Loss_D: -17.7253	Loss_G: 2.7925
[75/100][800/1230]	Loss_D: -22.3235	Loss_G: 2.4753
[75/100][900/1230]	Loss_D: -23.2089	Loss_G: 2.5632
[75/100][1000/1230]	Loss_D: -15.3413	Loss_G: 2.5985
[75/100][1100/1230]	Loss_D: -24.6383	Loss_G: 2.8619
[75/100][1200/1230]	Loss_D: -22.1451	Loss_G: 2.6450
Time taken for Epoch 75: 15.94s
[76/100][100/1230]	Loss_D: -26.0431	Loss_G: 2.8200
[76/100][200/1230]	Loss_D: -18.2898	Loss_G: 3.0787
[76/100][300/1230]	Loss_D: -17.6939	Loss_G: 2.7035
[76/100][400/1230]	Loss_D: -21.6630	Loss_G: 2.8312
[76/100][500/1230]	Loss_D: -19.1544	Loss_G: 3.0008
[76/100][600/1230]	Loss_D: -16.5395	Loss_G: 2.8456
[76/100][700/1230]	Loss_D: -23.3484	Loss_G: 2.7701
[76/100][800/1230]	Loss_D: -22.0131	Loss_G: 2.7515
[76/100][900/1230]	Loss_D: -25.1280	Loss_G: 2.6880
[76/100][1000/1230]	Loss_D: -13.5928	Loss_G: 2.5767
[76/100][1100/1230]	Loss_D: -12.7152	Loss_G: 2.7838
[76/100][1200/1230]	Loss_D: -18.9234	Loss_G: 2.5370
Time taken for Epoch 76: 16.01s
[77/100][100/1230]	Loss_D: -19.0799	Loss_G: 3.1322
[77/100][200/1230]	Loss_D: -13.0452	Loss_G: 2.9528
[77/100][300/1230]	Loss_D: -19.3716	Loss_G: 2.4780
[77/100][400/1230]	Loss_D: -23.3556	Loss_G: 3.0032
[77/100][500/1230]	Loss_D: -30.8722	Loss_G: 2.6474
[77/100][600/1230]	Loss_D: -16.0470	Loss_G: 2.5417
[77/100][700/1230]	Loss_D: -26.7880	Loss_G: 3.1948
[77/100][800/1230]	Loss_D: -20.1283	Loss_G: 2.3904
[77/100][900/1230]	Loss_D: -16.0800	Loss_G: 3.1086
[77/100][1000/1230]	Loss_D: -21.9087	Loss_G: 2.6428
[77/100][1100/1230]	Loss_D: -24.8166	Loss_G: 2.8228
[77/100][1200/1230]	Loss_D: -28.5308	Loss_G: 2.8241
Time taken for Epoch 77: 15.91s
[78/100][100/1230]	Loss_D: -21.3541	Loss_G: 2.7639
[78/100][200/1230]	Loss_D: -19.7780	Loss_G: 2.8052
[78/100][300/1230]	Loss_D: -14.5428	Loss_G: 2.4684
[78/100][400/1230]	Loss_D: -22.6073	Loss_G: 3.1267
[78/100][500/1230]	Loss_D: -22.6493	Loss_G: 2.6227
[78/100][600/1230]	Loss_D: -23.7279	Loss_G: 2.9678
[78/100][700/1230]	Loss_D: -18.5824	Loss_G: 2.8089
[78/100][800/1230]	Loss_D: -18.3301	Loss_G: 2.7636
[78/100][900/1230]	Loss_D: -19.9282	Loss_G: 2.7852
[78/100][1000/1230]	Loss_D: -20.2364	Loss_G: 3.3105
[78/100][1100/1230]	Loss_D: -20.7029	Loss_G: 2.6205
[78/100][1200/1230]	Loss_D: -16.0119	Loss_G: 2.7016
Time taken for Epoch 78: 15.80s
[79/100][100/1230]	Loss_D: -17.3385	Loss_G: 2.9742
[79/100][200/1230]	Loss_D: -24.4716	Loss_G: 2.9845
[79/100][300/1230]	Loss_D: -19.1886	Loss_G: 2.6946
[79/100][400/1230]	Loss_D: -14.3219	Loss_G: 2.8761
[79/100][500/1230]	Loss_D: -22.3131	Loss_G: 2.8312
[79/100][600/1230]	Loss_D: -23.6467	Loss_G: 2.3998
[79/100][700/1230]	Loss_D: -21.9582	Loss_G: 2.6172
[79/100][800/1230]	Loss_D: -18.1752	Loss_G: 2.7616
[79/100][900/1230]	Loss_D: -17.7393	Loss_G: 2.9729
[79/100][1000/1230]	Loss_D: -21.9155	Loss_G: 2.6198
[79/100][1100/1230]	Loss_D: -18.2502	Loss_G: 2.3670
[79/100][1200/1230]	Loss_D: -25.5595	Loss_G: 2.3953
Time taken for Epoch 79: 15.79s
[80/100][100/1230]	Loss_D: -13.8694	Loss_G: 2.9097
[80/100][200/1230]	Loss_D: -17.6472	Loss_G: 2.8950
[80/100][300/1230]	Loss_D: -14.9638	Loss_G: 2.8532
[80/100][400/1230]	Loss_D: -17.1215	Loss_G: 2.3178
[80/100][500/1230]	Loss_D: -16.6467	Loss_G: 2.7989
[80/100][600/1230]	Loss_D: -23.7326	Loss_G: 2.6354
[80/100][700/1230]	Loss_D: -23.8593	Loss_G: 2.6942
[80/100][800/1230]	Loss_D: -13.4428	Loss_G: 2.8042
[80/100][900/1230]	Loss_D: -14.7593	Loss_G: 2.8037
[80/100][1000/1230]	Loss_D: -18.3915	Loss_G: 2.5184
[80/100][1100/1230]	Loss_D: -21.2735	Loss_G: 2.8462
[80/100][1200/1230]	Loss_D: -17.2140	Loss_G: 2.6710
Time taken for Epoch 80: 15.77s
[81/100][100/1230]	Loss_D: -24.1747	Loss_G: 2.3544
[81/100][200/1230]	Loss_D: -20.3272	Loss_G: 3.1708
[81/100][300/1230]	Loss_D: -18.6712	Loss_G: 2.8787
[81/100][400/1230]	Loss_D: -15.4577	Loss_G: 2.4969
[81/100][500/1230]	Loss_D: -18.7605	Loss_G: 2.4391
[81/100][600/1230]	Loss_D: -15.6571	Loss_G: 2.5411
[81/100][700/1230]	Loss_D: -19.2654	Loss_G: 3.0642
[81/100][800/1230]	Loss_D: -11.2218	Loss_G: 2.2524
[81/100][900/1230]	Loss_D: -14.1613	Loss_G: 3.0068
[81/100][1000/1230]	Loss_D: -17.6553	Loss_G: 2.5246
[81/100][1100/1230]	Loss_D: -15.2888	Loss_G: 2.6925
[81/100][1200/1230]	Loss_D: -16.7074	Loss_G: 2.9153
Time taken for Epoch 81: 15.98s
[82/100][100/1230]	Loss_D: -17.6897	Loss_G: 2.6312
[82/100][200/1230]	Loss_D: -34.1017	Loss_G: 2.9758
[82/100][300/1230]	Loss_D: -21.0703	Loss_G: 2.4547
[82/100][400/1230]	Loss_D: -18.4466	Loss_G: 2.7301
[82/100][500/1230]	Loss_D: -22.8071	Loss_G: 2.7509
[82/100][600/1230]	Loss_D: -23.2051	Loss_G: 2.3581
[82/100][700/1230]	Loss_D: -16.7152	Loss_G: 2.8851
[82/100][800/1230]	Loss_D: -19.0035	Loss_G: 2.8444
[82/100][900/1230]	Loss_D: -17.8117	Loss_G: 2.3794
[82/100][1000/1230]	Loss_D: -20.7407	Loss_G: 3.0994
[82/100][1100/1230]	Loss_D: -20.1415	Loss_G: 2.5800
[82/100][1200/1230]	Loss_D: -21.3693	Loss_G: 2.5617
Time taken for Epoch 82: 15.90s
[83/100][100/1230]	Loss_D: -21.7422	Loss_G: 2.5411
[83/100][200/1230]	Loss_D: -23.9974	Loss_G: 2.4885
[83/100][300/1230]	Loss_D: -18.0399	Loss_G: 2.9234
[83/100][400/1230]	Loss_D: -24.3888	Loss_G: 2.4960
[83/100][500/1230]	Loss_D: -26.6582	Loss_G: 2.6805
[83/100][600/1230]	Loss_D: -20.4780	Loss_G: 2.3569
[83/100][700/1230]	Loss_D: -28.7016	Loss_G: 3.1202
[83/100][800/1230]	Loss_D: -19.4282	Loss_G: 3.0238
[83/100][900/1230]	Loss_D: -29.5416	Loss_G: 3.0124
[83/100][1000/1230]	Loss_D: -19.8481	Loss_G: 3.1241
[83/100][1100/1230]	Loss_D: -18.2046	Loss_G: 2.6606
[83/100][1200/1230]	Loss_D: -21.4527	Loss_G: 2.6640
Time taken for Epoch 83: 15.81s
[84/100][100/1230]	Loss_D: -25.9554	Loss_G: 2.6980
[84/100][200/1230]	Loss_D: -13.6519	Loss_G: 2.8395
[84/100][300/1230]	Loss_D: -13.5693	Loss_G: 3.1327
[84/100][400/1230]	Loss_D: -19.1230	Loss_G: 3.0003
[84/100][500/1230]	Loss_D: -25.8064	Loss_G: 3.0878
[84/100][600/1230]	Loss_D: -19.8895	Loss_G: 3.1523
[84/100][700/1230]	Loss_D: -24.0679	Loss_G: 2.7565
[84/100][800/1230]	Loss_D: -22.5979	Loss_G: 2.4830
[84/100][900/1230]	Loss_D: -26.8128	Loss_G: 2.6454
[84/100][1000/1230]	Loss_D: -20.0156	Loss_G: 2.4435
[84/100][1100/1230]	Loss_D: -26.9656	Loss_G: 2.8257
[84/100][1200/1230]	Loss_D: -16.5333	Loss_G: 2.3484
Time taken for Epoch 84: 15.73s
[85/100][100/1230]	Loss_D: -27.7758	Loss_G: 2.5541
[85/100][200/1230]	Loss_D: -18.3097	Loss_G: 2.8216
[85/100][300/1230]	Loss_D: -25.4721	Loss_G: 2.8276
[85/100][400/1230]	Loss_D: -18.4763	Loss_G: 2.4830
[85/100][500/1230]	Loss_D: -12.6344	Loss_G: 2.6166
[85/100][600/1230]	Loss_D: -19.0540	Loss_G: 2.4546
[85/100][700/1230]	Loss_D: -21.4644	Loss_G: 2.3401
[85/100][800/1230]	Loss_D: -9.6201	Loss_G: 2.6920
[85/100][900/1230]	Loss_D: -9.7929	Loss_G: 2.5580
[85/100][1000/1230]	Loss_D: -19.3258	Loss_G: 2.5629
[85/100][1100/1230]	Loss_D: -13.8976	Loss_G: 2.5237
[85/100][1200/1230]	Loss_D: -19.0171	Loss_G: 2.8300
Time taken for Epoch 85: 15.64s
[86/100][100/1230]	Loss_D: -22.0606	Loss_G: 2.3789
[86/100][200/1230]	Loss_D: -23.2423	Loss_G: 2.6167
[86/100][300/1230]	Loss_D: -19.6491	Loss_G: 2.6831
[86/100][400/1230]	Loss_D: -16.8527	Loss_G: 3.1555
[86/100][500/1230]	Loss_D: -17.9003	Loss_G: 2.2686
[86/100][600/1230]	Loss_D: -19.8625	Loss_G: 2.5812
[86/100][700/1230]	Loss_D: -16.5952	Loss_G: 2.4467
[86/100][800/1230]	Loss_D: -21.7433	Loss_G: 2.7335
[86/100][900/1230]	Loss_D: -23.8583	Loss_G: 2.4712
[86/100][1000/1230]	Loss_D: -14.6286	Loss_G: 2.9033
[86/100][1100/1230]	Loss_D: -19.4084	Loss_G: 2.3426
[86/100][1200/1230]	Loss_D: -16.6482	Loss_G: 2.7438
Time taken for Epoch 86: 15.64s
[87/100][100/1230]	Loss_D: -18.3383	Loss_G: 2.9190
[87/100][200/1230]	Loss_D: -24.8570	Loss_G: 2.6633
[87/100][300/1230]	Loss_D: -21.3742	Loss_G: 2.4845
[87/100][400/1230]	Loss_D: -20.6143	Loss_G: 2.9019
[87/100][500/1230]	Loss_D: -14.9703	Loss_G: 2.9774
[87/100][600/1230]	Loss_D: -16.8788	Loss_G: 2.7597
[87/100][700/1230]	Loss_D: -15.1931	Loss_G: 2.6933
[87/100][800/1230]	Loss_D: -23.3123	Loss_G: 2.7601
[87/100][900/1230]	Loss_D: -15.0175	Loss_G: 2.9645
[87/100][1000/1230]	Loss_D: -21.2427	Loss_G: 2.4755
[87/100][1100/1230]	Loss_D: -18.6651	Loss_G: 2.8726
[87/100][1200/1230]	Loss_D: -23.3828	Loss_G: 2.7851
Time taken for Epoch 87: 15.80s
[88/100][100/1230]	Loss_D: -17.4104	Loss_G: 2.6162
[88/100][200/1230]	Loss_D: -22.7273	Loss_G: 3.4202
[88/100][300/1230]	Loss_D: -17.0235	Loss_G: 2.8871
[88/100][400/1230]	Loss_D: -18.2466	Loss_G: 2.7811
[88/100][500/1230]	Loss_D: -17.6693	Loss_G: 2.6106
[88/100][600/1230]	Loss_D: -24.4408	Loss_G: 2.6460
[88/100][700/1230]	Loss_D: -14.8998	Loss_G: 2.3336
[88/100][800/1230]	Loss_D: -19.6820	Loss_G: 2.4872
[88/100][900/1230]	Loss_D: -16.0201	Loss_G: 2.5516
[88/100][1000/1230]	Loss_D: -21.0953	Loss_G: 2.8539
[88/100][1100/1230]	Loss_D: -23.1381	Loss_G: 2.8154
[88/100][1200/1230]	Loss_D: -19.6509	Loss_G: 2.3950
Time taken for Epoch 88: 15.69s
[89/100][100/1230]	Loss_D: -15.8691	Loss_G: 2.9642
[89/100][200/1230]	Loss_D: -20.0119	Loss_G: 2.5542
[89/100][300/1230]	Loss_D: -21.3195	Loss_G: 2.9261
[89/100][400/1230]	Loss_D: -16.8359	Loss_G: 2.2697
[89/100][500/1230]	Loss_D: -23.6612	Loss_G: 3.1121
[89/100][600/1230]	Loss_D: -15.1958	Loss_G: 2.8083
[89/100][700/1230]	Loss_D: -16.2234	Loss_G: 2.8350
[89/100][800/1230]	Loss_D: -23.4910	Loss_G: 3.0683
[89/100][900/1230]	Loss_D: -11.1919	Loss_G: 2.6171
[89/100][1000/1230]	Loss_D: -17.1065	Loss_G: 2.5719
[89/100][1100/1230]	Loss_D: -18.0965	Loss_G: 2.5375
[89/100][1200/1230]	Loss_D: -15.4435	Loss_G: 2.3711
Time taken for Epoch 89: 15.75s
[90/100][100/1230]	Loss_D: -10.9521	Loss_G: 2.7468
[90/100][200/1230]	Loss_D: -23.3926	Loss_G: 2.3713
[90/100][300/1230]	Loss_D: -9.9542	Loss_G: 2.9252
[90/100][400/1230]	Loss_D: -16.7389	Loss_G: 2.5429
[90/100][500/1230]	Loss_D: -13.4508	Loss_G: 2.4636
[90/100][600/1230]	Loss_D: -24.2879	Loss_G: 3.0303
[90/100][700/1230]	Loss_D: -18.1773	Loss_G: 2.5439
[90/100][800/1230]	Loss_D: -14.4617	Loss_G: 2.1985
[90/100][900/1230]	Loss_D: -20.7803	Loss_G: 2.6804
[90/100][1000/1230]	Loss_D: -13.7350	Loss_G: 2.7930
[90/100][1100/1230]	Loss_D: -18.5896	Loss_G: 2.9197
[90/100][1200/1230]	Loss_D: -22.4052	Loss_G: 2.2129
Time taken for Epoch 90: 15.88s
[91/100][100/1230]	Loss_D: -24.7499	Loss_G: 2.8042
[91/100][200/1230]	Loss_D: -18.0121	Loss_G: 2.4640
[91/100][300/1230]	Loss_D: -15.3947	Loss_G: 2.5975
[91/100][400/1230]	Loss_D: -23.9524	Loss_G: 2.6359
[91/100][500/1230]	Loss_D: -17.5513	Loss_G: 2.2201
[91/100][600/1230]	Loss_D: -19.6937	Loss_G: 2.6255
[91/100][700/1230]	Loss_D: -24.4292	Loss_G: 3.0338
[91/100][800/1230]	Loss_D: -19.5340	Loss_G: 2.3243
[91/100][900/1230]	Loss_D: -18.3916	Loss_G: 2.4990
[91/100][1000/1230]	Loss_D: -11.6075	Loss_G: 2.5690
[91/100][1100/1230]	Loss_D: -18.6825	Loss_G: 2.5142
[91/100][1200/1230]	Loss_D: -23.8518	Loss_G: 2.5262
Time taken for Epoch 91: 15.81s
[92/100][100/1230]	Loss_D: -25.6401	Loss_G: 2.9695
[92/100][200/1230]	Loss_D: -18.3163	Loss_G: 3.0496
[92/100][300/1230]	Loss_D: -24.5802	Loss_G: 2.7166
[92/100][400/1230]	Loss_D: -10.6007	Loss_G: 2.3320
[92/100][500/1230]	Loss_D: -19.4027	Loss_G: 3.0576
[92/100][600/1230]	Loss_D: -23.3693	Loss_G: 2.7274
[92/100][700/1230]	Loss_D: -17.3349	Loss_G: 2.7664
[92/100][800/1230]	Loss_D: -21.1178	Loss_G: 2.8184
[92/100][900/1230]	Loss_D: -19.2851	Loss_G: 2.7211
[92/100][1000/1230]	Loss_D: -25.4193	Loss_G: 2.8008
[92/100][1100/1230]	Loss_D: -21.5156	Loss_G: 2.4730
[92/100][1200/1230]	Loss_D: -14.6911	Loss_G: 2.7695
Time taken for Epoch 92: 15.89s
[93/100][100/1230]	Loss_D: -16.9409	Loss_G: 2.4534
[93/100][200/1230]	Loss_D: -30.0286	Loss_G: 2.8292
[93/100][300/1230]	Loss_D: -21.0555	Loss_G: 2.6520
[93/100][400/1230]	Loss_D: -14.6000	Loss_G: 2.6870
[93/100][500/1230]	Loss_D: -13.2240	Loss_G: 2.6986
[93/100][600/1230]	Loss_D: -17.6732	Loss_G: 2.7582
[93/100][700/1230]	Loss_D: -20.5522	Loss_G: 2.2797
[93/100][800/1230]	Loss_D: -16.2242	Loss_G: 2.8334
[93/100][900/1230]	Loss_D: -15.2971	Loss_G: 2.6500
[93/100][1000/1230]	Loss_D: -21.0196	Loss_G: 2.3288
[93/100][1100/1230]	Loss_D: -15.7714	Loss_G: 2.6330
[93/100][1200/1230]	Loss_D: -19.2356	Loss_G: 2.3226
Time taken for Epoch 93: 16.10s
[94/100][100/1230]	Loss_D: -17.7619	Loss_G: 2.8818
[94/100][200/1230]	Loss_D: -25.4681	Loss_G: 2.6967
[94/100][300/1230]	Loss_D: -19.0480	Loss_G: 2.7480
[94/100][400/1230]	Loss_D: -17.0935	Loss_G: 2.5356
[94/100][500/1230]	Loss_D: -18.4736	Loss_G: 2.7958
[94/100][600/1230]	Loss_D: -18.0802	Loss_G: 2.4380
[94/100][700/1230]	Loss_D: -15.9815	Loss_G: 2.6909
[94/100][800/1230]	Loss_D: -25.4095	Loss_G: 2.7720
[94/100][900/1230]	Loss_D: -21.9765	Loss_G: 2.4537
[94/100][1000/1230]	Loss_D: -26.8354	Loss_G: 2.5404
[94/100][1100/1230]	Loss_D: -21.6833	Loss_G: 2.4146
[94/100][1200/1230]	Loss_D: -15.9652	Loss_G: 2.4420
Time taken for Epoch 94: 16.02s
[95/100][100/1230]	Loss_D: -26.1785	Loss_G: 2.7333
[95/100][200/1230]	Loss_D: -14.4816	Loss_G: 2.9336
[95/100][300/1230]	Loss_D: -21.2623	Loss_G: 2.4316
[95/100][400/1230]	Loss_D: -17.4624	Loss_G: 2.5074
[95/100][500/1230]	Loss_D: -16.5024	Loss_G: 2.6334
[95/100][600/1230]	Loss_D: -19.1290	Loss_G: 2.4549
[95/100][700/1230]	Loss_D: -15.1266	Loss_G: 2.6425
[95/100][800/1230]	Loss_D: -18.9175	Loss_G: 2.6468
[95/100][900/1230]	Loss_D: -21.7222	Loss_G: 2.5051
[95/100][1000/1230]	Loss_D: -23.3284	Loss_G: 2.7013
[95/100][1100/1230]	Loss_D: -13.6127	Loss_G: 2.7370
[95/100][1200/1230]	Loss_D: -12.6721	Loss_G: 2.8403
Time taken for Epoch 95: 15.95s
[96/100][100/1230]	Loss_D: -23.3533	Loss_G: 2.5978
[96/100][200/1230]	Loss_D: -18.6710	Loss_G: 2.7619
[96/100][300/1230]	Loss_D: -20.9616	Loss_G: 2.5868
[96/100][400/1230]	Loss_D: -15.4124	Loss_G: 2.7281
[96/100][500/1230]	Loss_D: -23.7827	Loss_G: 2.7298
[96/100][600/1230]	Loss_D: -20.6871	Loss_G: 2.4498
[96/100][700/1230]	Loss_D: -17.5762	Loss_G: 2.7236
[96/100][800/1230]	Loss_D: -25.0347	Loss_G: 2.7580
[96/100][900/1230]	Loss_D: -9.7524	Loss_G: 2.4849
[96/100][1000/1230]	Loss_D: -14.6209	Loss_G: 2.5211
[96/100][1100/1230]	Loss_D: -15.4821	Loss_G: 2.6026
[96/100][1200/1230]	Loss_D: -14.3821	Loss_G: 2.4526
Time taken for Epoch 96: 15.90s
[97/100][100/1230]	Loss_D: -11.0667	Loss_G: 2.6636
[97/100][200/1230]	Loss_D: -21.1928	Loss_G: 2.6106
[97/100][300/1230]	Loss_D: -16.2239	Loss_G: 2.7056
[97/100][400/1230]	Loss_D: -22.9132	Loss_G: 2.5027
[97/100][500/1230]	Loss_D: -21.9789	Loss_G: 2.7104
[97/100][600/1230]	Loss_D: -16.5876	Loss_G: 2.2411
[97/100][700/1230]	Loss_D: -21.1264	Loss_G: 2.5056
[97/100][800/1230]	Loss_D: -19.1941	Loss_G: 2.4451
[97/100][900/1230]	Loss_D: -21.3580	Loss_G: 2.7031
[97/100][1000/1230]	Loss_D: -20.3422	Loss_G: 2.3376
[97/100][1100/1230]	Loss_D: -10.1386	Loss_G: 2.9201
[97/100][1200/1230]	Loss_D: -18.7089	Loss_G: 2.4008
Time taken for Epoch 97: 15.66s
[98/100][100/1230]	Loss_D: -20.7948	Loss_G: 2.4299
[98/100][200/1230]	Loss_D: -20.3893	Loss_G: 2.6484
[98/100][300/1230]	Loss_D: -16.7315	Loss_G: 2.4657
[98/100][400/1230]	Loss_D: -19.0195	Loss_G: 2.2754
[98/100][500/1230]	Loss_D: -20.5374	Loss_G: 2.4332
[98/100][600/1230]	Loss_D: -10.8205	Loss_G: 2.3119
[98/100][700/1230]	Loss_D: -13.5290	Loss_G: 2.5720
[98/100][800/1230]	Loss_D: -17.8034	Loss_G: 2.2406
[98/100][900/1230]	Loss_D: -20.1756	Loss_G: 2.2675
[98/100][1000/1230]	Loss_D: -17.6218	Loss_G: 2.8508
[98/100][1100/1230]	Loss_D: -18.3147	Loss_G: 3.1169
[98/100][1200/1230]	Loss_D: -23.1443	Loss_G: 3.0417
Time taken for Epoch 98: 15.41s
[99/100][100/1230]	Loss_D: -20.3004	Loss_G: 2.5406
[99/100][200/1230]	Loss_D: -11.9660	Loss_G: 2.6899
[99/100][300/1230]	Loss_D: -14.3467	Loss_G: 2.8140
[99/100][400/1230]	Loss_D: -21.1990	Loss_G: 2.5114
[99/100][500/1230]	Loss_D: -19.1735	Loss_G: 2.5633
[99/100][600/1230]	Loss_D: -17.5648	Loss_G: 2.7284
[99/100][700/1230]	Loss_D: -17.6453	Loss_G: 2.5039
[99/100][800/1230]	Loss_D: -21.9521	Loss_G: 2.3843
[99/100][900/1230]	Loss_D: -16.7218	Loss_G: 2.7425
[99/100][1000/1230]	Loss_D: -23.3781	Loss_G: 2.4717
[99/100][1100/1230]	Loss_D: -14.7636	Loss_G: 2.7976
[99/100][1200/1230]	Loss_D: -20.2076	Loss_G: 2.1591
Time taken for Epoch 99: 15.87s
[100/100][100/1230]	Loss_D: -18.2930	Loss_G: 2.8555
[100/100][200/1230]	Loss_D: -20.0023	Loss_G: 2.7356
[100/100][300/1230]	Loss_D: -21.3948	Loss_G: 2.7890
[100/100][400/1230]	Loss_D: -13.0159	Loss_G: 2.3572
[100/100][500/1230]	Loss_D: -15.8516	Loss_G: 2.5499
[100/100][600/1230]	Loss_D: -22.6896	Loss_G: 2.4864
[100/100][700/1230]	Loss_D: -20.0401	Loss_G: 2.9124
[100/100][800/1230]	Loss_D: -19.9060	Loss_G: 2.4966
[100/100][900/1230]	Loss_D: -13.9086	Loss_G: 2.4674
[100/100][1000/1230]	Loss_D: -17.3256	Loss_G: 2.6471
[100/100][1100/1230]	Loss_D: -17.2584	Loss_G: 2.6029
[100/100][1200/1230]	Loss_D: -20.2541	Loss_G: 2.3407
Time taken for Epoch 100: 15.89s
--------------------------------------------------
Training finished!
Total Time for Training: 26.24m
--------------------------------------------------
